[MET:0][INFO] KSCLog initialized
[MET:0][INFO] localLog initialized
[MET:0][INFO] [lib_tag.ks] Loading library
[MET:0][INFO] [tag_parts_by_title] Part tag updated [4288282086, probeCoreOcto.v2,  -> command.drone.core]
[MET:0][INFO] [tag_parts_by_title] Part tag updated [4288262578, RTShortAntenna1,  -> comm.omni]
[MET:0][INFO] [tag_parts_by_title] Part tag updated [4284709484, batteryBankMini,  -> power.battery]
[MET:0][WARN] [tag_parts_by_title] Part already tagged [4288232320, restock-nosecone-0625-1, ]
[MET:0][INFO] [tag_parts_by_title] Part missing reference tag: [(sasModule)]
[MET:0][INFO] [tag_parts_by_title] Part tag updated [4288287028, restock-goocanister-625-1,  -> sci.gooPod]
[MET:0][INFO] [tag_parts_by_title] Part tag updated [4292255742, ShroudedDecoupler,  -> decoupler]
[MET:0][INFO] [tag_parts_by_title] Part tag updated [4283612616, proceduralTankLiquid,  -> tank.procedural.lfo]
[MET:0][INFO] [tag_parts_by_title] Part tag updated [4283598224, restock-engine-125-pug,  -> engine.lfo]
[MET:0][INFO] [tag_parts_by_title] Part tag updated [4283594080, ShroudedDecoupler,  -> decoupler]
[MET:0][INFO] [tag_parts_by_title] Part tag updated [4283561840, proceduralTankLiquid,  -> tank.procedural.lfo]
[MET:0][INFO] [tag_parts_by_title] Part tag updated [4283591906, proceduralTankLiquid,  -> tank.procedural.lfo]
[MET:0][INFO] [tag_parts_by_title] Part tag updated [4283589278, proceduralTankLiquid,  -> tank.procedural.lfo]
[MET:0][INFO] [tag_parts_by_title] Part tag updated [4283562846, liquidEngine2,  -> engine.lfo]
[MET:0][INFO] [tag_parts_by_title] Part tag updated [4283513424, AM.MLP.SmallLaunchStand,  -> launch.stand]
[MET:0][INFO] [tag_parts_by_title] Part tag updated [4283834162, sensorBarometer,  -> sci.barometer]
[MET:0][INFO] [tag_parts_by_title] Tagging completed, writing updates to tag_ref
[MET:0][INFO] KSCLog re-initialized
[MET:0][INFO] localLog initialized
[MET:0][INFO] [lib_tag.ks] Loading library
[MET:0][INFO] [tag_parts_by_title] Part tag updated [4288282086, probeCoreOcto.v2 (Outrider 1),  -> command.drone.core]
[MET:0][INFO] [tag_parts_by_title] Part tag updated [4288262578, RTShortAntenna1,  -> comm.omni]
[MET:0][INFO] [tag_parts_by_title] Part tag updated [4284709484, batteryBankMini,  -> power.battery]
[MET:0][WARN] [tag_parts_by_title] Part already tagged [4288232320, restock-nosecone-0625-1, ]
[MET:0][WARN] [tag_parts_by_title] Part already tagged [4283545728, sasModule, ]
[MET:0][INFO] [tag_parts_by_title] Part tag updated [4288287028, restock-goocanister-625-1,  -> sci.gooPod]
[MET:0][INFO] [tag_parts_by_title] Part tag updated [4292255742, ShroudedDecoupler,  -> decoupler]
[MET:0][INFO] [tag_parts_by_title] Part tag updated [4283612616, proceduralTankLiquid,  -> tank.procedural.lfo]
[MET:0][INFO] [tag_parts_by_title] Part tag updated [4283598224, restock-engine-125-pug,  -> engine.lfo]
[MET:0][INFO] [tag_parts_by_title] Part tag updated [4283594080, ShroudedDecoupler,  -> decoupler]
[MET:0][INFO] [tag_parts_by_title] Part tag updated [4283561840, proceduralTankLiquid,  -> tank.procedural.lfo]
[MET:0][INFO] [tag_parts_by_title] Part tag updated [4283591906, proceduralTankLiquid,  -> tank.procedural.lfo]
[MET:0][INFO] [tag_parts_by_title] Part tag updated [4283589278, proceduralTankLiquid,  -> tank.procedural.lfo]
[MET:0][INFO] [tag_parts_by_title] Part tag updated [4283562846, liquidEngine2,  -> engine.lfo]
[MET:0][INFO] [tag_parts_by_title] Part tag updated [4283513424, AM.MLP.SmallLaunchStand,  -> launch.stand]
[MET:0][INFO] [tag_parts_by_title] Part tag updated [4283834162, sensorBarometer,  -> sci.barometer]
[MET:0][INFO] [tag_parts_by_title] Tagging completed, writing updates to tag_ref
[MET:0][INFO] KSCLog re-initialized
[MET:0][INFO] localLog initialized
[MET:0][INFO] [lib_tag.ks] Loading library
[MET:0][INFO] [tag_parts_by_title] Part tag updated [4288282086, probeCoreOcto.v2 (Outrider 1),  -> command.drone.core]
[MET:0][INFO] [tag_parts_by_title] Part tag updated [4288262578, RTShortAntenna1,  -> comm.omni]
[MET:0][INFO] [tag_parts_by_title] Part tag updated [4284709484, batteryBankMini,  -> power.battery]
[MET:0][WARN] [tag_parts_by_title] Part already tagged [4288232320, restock-nosecone-0625-1, ]
[MET:0][WARN] [tag_parts_by_title] Part already tagged [4283545728, sasModule, ]
[MET:0][INFO] [tag_parts_by_title] Part tag updated [4288287028, restock-goocanister-625-1,  -> sci.gooPod]
[MET:0][INFO] [tag_parts_by_title] Part tag updated [4292255742, ShroudedDecoupler,  -> decoupler]
[MET:0][INFO] [tag_parts_by_title] Part tag updated [4283612616, proceduralTankLiquid,  -> tank.procedural.lfo]
[MET:0][INFO] [tag_parts_by_title] Part tag updated [4283598224, restock-engine-125-pug,  -> engine.lfo]
[MET:0][INFO] [tag_parts_by_title] Part tag updated [4283594080, ShroudedDecoupler,  -> decoupler]
[MET:0][INFO] [tag_parts_by_title] Part tag updated [4283561840, proceduralTankLiquid,  -> tank.procedural.lfo]
[MET:0][INFO] [tag_parts_by_title] Part tag updated [4283591906, proceduralTankLiquid,  -> tank.procedural.lfo]
[MET:0][INFO] [tag_parts_by_title] Part tag updated [4283589278, proceduralTankLiquid,  -> tank.procedural.lfo]
[MET:0][INFO] [tag_parts_by_title] Part tag updated [4283562846, liquidEngine2,  -> engine.lfo]
[MET:0][INFO] [tag_parts_by_title] Part tag updated [4283513424, AM.MLP.SmallLaunchStand,  -> launch.stand]
[MET:0][INFO] [tag_parts_by_title] Part tag updated [4283834162, sensorBarometer,  -> sci.barometer]
[MET:0][INFO] [tag_parts_by_title] Tagging completed, writing updates to tag_ref
[MET:0][INFO] KSCLog re-initialized
[MET:0][INFO] localLog initialized
[MET:0][INFO] [lib_tag.ks] Loading library
[MET:0][INFO] [tag_parts_by_title] Part tag updated [4288282086, probeCoreOcto.v2,  -> command.drone.core]
[MET:0][INFO] [tag_parts_by_title] Part tag updated [4288262578, RTShortAntenna1,  -> comm.omni]
[MET:0][INFO] [tag_parts_by_title] Part tag updated [4284709484, batteryBankMini,  -> power.battery]
[MET:0][WARN] [tag_parts_by_title] Part already tagged [4288232320, restock-nosecone-0625-1, ]
[MET:0][WARN] [tag_parts_by_title] Part already tagged [4283545728, sasModule, ]
[MET:0][INFO] [tag_parts_by_title] Part tag updated [4288287028, restock-goocanister-625-1,  -> sci.gooPod]
[MET:0][INFO] [tag_parts_by_title] Part tag updated [4292255742, ShroudedDecoupler,  -> decoupler]
[MET:0][INFO] [tag_parts_by_title] Part tag updated [4283612616, proceduralTankLiquid,  -> tank.procedural.lfo]
[MET:0][INFO] [tag_parts_by_title] Part tag updated [4283598224, restock-engine-125-pug,  -> engine.lfo]
[MET:0][INFO] [tag_parts_by_title] Part tag updated [4283594080, ShroudedDecoupler,  -> decoupler]
[MET:0][INFO] [tag_parts_by_title] Part tag updated [4283561840, proceduralTankLiquid,  -> tank.procedural.lfo]
[MET:0][INFO] [tag_parts_by_title] Part tag updated [4283591906, proceduralTankLiquid,  -> tank.procedural.lfo]
[MET:0][INFO] [tag_parts_by_title] Part tag updated [4283589278, proceduralTankLiquid,  -> tank.procedural.lfo]
[MET:0][INFO] [tag_parts_by_title] Part tag updated [4283562846, liquidEngine2,  -> engine.lfo]
[MET:0][INFO] [tag_parts_by_title] Part tag updated [4283513424, AM.MLP.SmallLaunchStand,  -> launch.stand]
[MET:0][INFO] [tag_parts_by_title] Part tag updated [4283834162, sensorBarometer,  -> sci.barometer]
[MET:0][INFO] [tag_parts_by_title] Tagging completed, writing updates to tag_ref
[MET:0][WARN] [recover science] No science value from transmitting data
[MET:0][WARN] [recover science] No science value from transmitting data
[MET:0][INFO] [tag_parts_by_title] Part tag updated [4288282086, probeCoreOcto.v2,  -> command.drone.core]
[MET:0][INFO] [tag_parts_by_title] Part tag updated [4288262578, RTShortAntenna1,  -> comm.omni]
[MET:0][INFO] [tag_parts_by_title] Part tag updated [4284709484, batteryBankMini,  -> power.battery]
[MET:0][WARN] [tag_parts_by_title] Part already tagged [4288232320, restock-nosecone-0625-1, ]
[MET:0][WARN] [tag_parts_by_title] Part already tagged [4283545728, sasModule, ]
[MET:0][INFO] [tag_parts_by_title] Part tag updated [4288287028, restock-goocanister-625-1,  -> sci.gooPod]
[MET:0][INFO] [tag_parts_by_title] Part tag updated [4292255742, ShroudedDecoupler,  -> decoupler]
[MET:0][INFO] [tag_parts_by_title] Part tag updated [4283612616, proceduralTankLiquid,  -> tank.procedural.lfo]
[MET:0][INFO] [tag_parts_by_title] Part tag updated [4283598224, restock-engine-125-pug,  -> engine.lfo]
[MET:0][INFO] [tag_parts_by_title] Part tag updated [4283594080, ShroudedDecoupler,  -> decoupler]
[MET:0][INFO] [tag_parts_by_title] Part tag updated [4283561840, proceduralTankLiquid,  -> tank.procedural.lfo]
[MET:0][INFO] [tag_parts_by_title] Part tag updated [4283591906, proceduralTankLiquid,  -> tank.procedural.lfo]
[MET:0][INFO] [tag_parts_by_title] Part tag updated [4283589278, proceduralTankLiquid,  -> tank.procedural.lfo]
[MET:0][INFO] [tag_parts_by_title] Part tag updated [4283562846, liquidEngine2,  -> engine.lfo]
[MET:0][INFO] [tag_parts_by_title] Part tag updated [4283513424, AM.MLP.SmallLaunchStand,  -> launch.stand]
[MET:0][INFO] [tag_parts_by_title] Part tag updated [4283834162, sensorBarometer,  -> sci.barometer]
[MET:0][INFO] [tag_parts_by_title] Tagging completed, writing updates to tag_ref
[MET:0][WARN] [recover science] No science value from transmitting data
[MET:0][WARN] [recover science] No science value from transmitting data
[MET:0][INFO] KSCLog re-initialized
[MET:0][INFO] localLog initialized
[MET:0][INFO] [lib_tag.ks] Loading library
[MET:0][INFO] [tag_parts_by_title] Part tag updated [4288282086, probeCoreOcto.v2 (Outrider 1),  -> command.drone.core]
[MET:0][INFO] [tag_parts_by_title] Part tag updated [4288262578, RTShortAntenna1,  -> comm.omni]
[MET:0][INFO] [tag_parts_by_title] Part tag updated [4284709484, batteryBankMini,  -> power.battery]
[MET:0][WARN] [tag_parts_by_title] Part already tagged [4288232320, restock-nosecone-0625-1, ]
[MET:0][WARN] [tag_parts_by_title] Part already tagged [4283545728, sasModule, ]
[MET:0][INFO] [tag_parts_by_title] Part tag updated [4288287028, restock-goocanister-625-1,  -> sci.gooPod]
[MET:0][INFO] [tag_parts_by_title] Part tag updated [4292255742, ShroudedDecoupler,  -> decoupler]
[MET:0][INFO] [tag_parts_by_title] Part tag updated [4283612616, proceduralTankLiquid,  -> tank.procedural.lfo]
[MET:0][INFO] [tag_parts_by_title] Part tag updated [4283598224, restock-engine-125-pug,  -> engine.lfo]
[MET:0][INFO] [tag_parts_by_title] Part tag updated [4283594080, ShroudedDecoupler,  -> decoupler]
[MET:0][INFO] [tag_parts_by_title] Part tag updated [4283561840, proceduralTankLiquid,  -> tank.procedural.lfo]
[MET:0][INFO] [tag_parts_by_title] Part tag updated [4283591906, proceduralTankLiquid,  -> tank.procedural.lfo]
[MET:0][INFO] [tag_parts_by_title] Part tag updated [4283589278, proceduralTankLiquid,  -> tank.procedural.lfo]
[MET:0][INFO] [tag_parts_by_title] Part tag updated [4283562846, liquidEngine2,  -> engine.lfo]
[MET:0][INFO] [tag_parts_by_title] Part tag updated [4283513424, AM.MLP.SmallLaunchStand,  -> launch.stand]
[MET:0][INFO] [tag_parts_by_title] Part tag updated [4283834162, sensorBarometer,  -> sci.barometer]
[MET:0][INFO] [tag_parts_by_title] Tagging completed, writing updates to tag_ref
[MET:0][WARN] [recover science] No science value from transmitting data
[MET:0][WARN] [recover science] No science value from transmitting data
[MET:0][INFO] [tag_parts_by_title] Part tag updated [4288282086, probeCoreOcto.v2 (Outrider 1),  -> command.drone.core]
[MET:0][INFO] [tag_parts_by_title] Part tag updated [4288262578, RTShortAntenna1,  -> comm.omni]
[MET:0][INFO] [tag_parts_by_title] Part tag updated [4284709484, batteryBankMini,  -> power.battery]
[MET:0][WARN] [tag_parts_by_title] Part already tagged [4288232320, restock-nosecone-0625-1, ]
[MET:0][WARN] [tag_parts_by_title] Part already tagged [4283545728, sasModule, ]
[MET:0][INFO] [tag_parts_by_title] Part tag updated [4288287028, restock-goocanister-625-1,  -> sci.gooPod]
[MET:0][INFO] [tag_parts_by_title] Part tag updated [4292255742, ShroudedDecoupler,  -> decoupler]
[MET:0][INFO] [tag_parts_by_title] Part tag updated [4283612616, proceduralTankLiquid,  -> tank.procedural.lfo]
[MET:0][INFO] [tag_parts_by_title] Part tag updated [4283598224, restock-engine-125-pug,  -> engine.lfo]
[MET:0][INFO] [tag_parts_by_title] Part tag updated [4283594080, ShroudedDecoupler,  -> decoupler]
[MET:0][INFO] [tag_parts_by_title] Part tag updated [4283561840, proceduralTankLiquid,  -> tank.procedural.lfo]
[MET:0][INFO] [tag_parts_by_title] Part tag updated [4283591906, proceduralTankLiquid,  -> tank.procedural.lfo]
[MET:0][INFO] [tag_parts_by_title] Part tag updated [4283589278, proceduralTankLiquid,  -> tank.procedural.lfo]
[MET:0][INFO] [tag_parts_by_title] Part tag updated [4283562846, liquidEngine2,  -> engine.lfo]
[MET:0][INFO] [tag_parts_by_title] Part tag updated [4283513424, AM.MLP.SmallLaunchStand,  -> launch.stand]
[MET:0][INFO] [tag_parts_by_title] Part tag updated [4283834162, sensorBarometer,  -> sci.barometer]
[MET:0][INFO] [tag_parts_by_title] Tagging completed, writing updates to tag_ref
[MET:0][WARN] [recover science] No science value from transmitting data
[MET:0][WARN] [recover science] No science value from transmitting data
[MET:0][INFO] KSCLog re-initialized
[MET:0][INFO] localLog initialized
[MET:0][INFO] [lib_tag.ks] Loading library
[MET:0][INFO] [tag_parts_by_title] Part tag updated [4288282086, probeCoreOcto.v2,  -> command.drone.core]
[MET:0][INFO] [tag_parts_by_title] Part tag updated [4288262578, RTShortAntenna1,  -> comm.omni]
[MET:0][INFO] [tag_parts_by_title] Part tag updated [4284709484, batteryBankMini,  -> power.battery]
[MET:0][WARN] [tag_parts_by_title] Part already tagged [4288232320, restock-nosecone-0625-1, ]
[MET:0][WARN] [tag_parts_by_title] Part already tagged [4283545728, sasModule, ]
[MET:0][INFO] [tag_parts_by_title] Part tag updated [4288287028, restock-goocanister-625-1,  -> sci.gooPod]
[MET:0][INFO] [tag_parts_by_title] Part tag updated [4292255742, ShroudedDecoupler,  -> decoupler]
[MET:0][INFO] [tag_parts_by_title] Part tag updated [4283612616, proceduralTankLiquid,  -> tank.procedural.lfo]
[MET:0][INFO] [tag_parts_by_title] Part tag updated [4282634492, proceduralTankLiquid,  -> tank.procedural.lfo]
[MET:0][INFO] [tag_parts_by_title] Part tag updated [4283598224, restock-engine-125-pug,  -> engine.lfo]
[MET:0][INFO] [tag_parts_by_title] Part tag updated [4283594080, ShroudedDecoupler,  -> decoupler]
[MET:0][INFO] [tag_parts_by_title] Part tag updated [4283561840, proceduralTankLiquid,  -> tank.procedural.lfo]
[MET:0][INFO] [tag_parts_by_title] Part tag updated [4283591906, proceduralTankLiquid,  -> tank.procedural.lfo]
[MET:0][INFO] [tag_parts_by_title] Part tag updated [4283589278, proceduralTankLiquid,  -> tank.procedural.lfo]
[MET:0][INFO] [tag_parts_by_title] Part tag updated [4283562846, liquidEngine2,  -> engine.lfo]
[MET:0][INFO] [tag_parts_by_title] Part tag updated [4283513424, AM.MLP.SmallLaunchStand,  -> launch.stand]
[MET:0][INFO] [tag_parts_by_title] Part tag updated [4283834162, sensorBarometer,  -> sci.barometer]
[MET:0][INFO] [tag_parts_by_title] Tagging completed, writing updates to tag_ref
[MET:0][INFO] KSCLog re-initialized
[MET:0][INFO] localLog initialized
[MET:0][INFO] [lib_tag.ks] Loading library
[MET:0][INFO] [tag_parts_by_title] Part tag updated [4288282086, probeCoreOcto.v2 (Outrider 1),  -> command.drone.core]
[MET:0][INFO] [tag_parts_by_title] Part tag updated [4288262578, RTShortAntenna1,  -> comm.omni]
[MET:0][INFO] [tag_parts_by_title] Part tag updated [4284709484, batteryBankMini,  -> power.battery]
[MET:0][WARN] [tag_parts_by_title] Part already tagged [4288232320, restock-nosecone-0625-1, ]
[MET:0][WARN] [tag_parts_by_title] Part already tagged [4283545728, sasModule, ]
[MET:0][INFO] [tag_parts_by_title] Part tag updated [4288287028, restock-goocanister-625-1,  -> sci.gooPod]
[MET:0][INFO] [tag_parts_by_title] Part tag updated [4292255742, ShroudedDecoupler,  -> decoupler]
[MET:0][INFO] [tag_parts_by_title] Part tag updated [4283612616, proceduralTankLiquid,  -> tank.procedural.lfo]
[MET:0][INFO] [tag_parts_by_title] Part tag updated [4282634492, proceduralTankLiquid,  -> tank.procedural.lfo]
[MET:0][INFO] [tag_parts_by_title] Part tag updated [4283598224, restock-engine-125-pug,  -> engine.lfo]
[MET:0][INFO] [tag_parts_by_title] Part tag updated [4283594080, ShroudedDecoupler,  -> decoupler]
[MET:0][INFO] [tag_parts_by_title] Part tag updated [4283561840, proceduralTankLiquid,  -> tank.procedural.lfo]
[MET:0][INFO] [tag_parts_by_title] Part tag updated [4283591906, proceduralTankLiquid,  -> tank.procedural.lfo]
[MET:0][INFO] [tag_parts_by_title] Part tag updated [4283589278, proceduralTankLiquid,  -> tank.procedural.lfo]
[MET:0][INFO] [tag_parts_by_title] Part tag updated [4283562846, liquidEngine2,  -> engine.lfo]
[MET:0][INFO] [tag_parts_by_title] Part tag updated [4283513424, AM.MLP.SmallLaunchStand,  -> launch.stand]
[MET:0][INFO] [tag_parts_by_title] Part tag updated [4283834162, sensorBarometer,  -> sci.barometer]
[MET:0][INFO] [tag_parts_by_title] Tagging completed, writing updates to tag_ref
[MET:0][INFO] KSCLog re-initialized
[MET:0][INFO] localLog initialized
[MET:0][INFO] [lib_tag.ks] Loading library
[MET:0][INFO] [tag_parts_by_title] Part tag updated [4288282086, probeCoreOcto.v2,  -> command.drone.core]
[MET:0][INFO] [tag_parts_by_title] Part tag updated [4288262578, RTShortAntenna1,  -> comm.omni]
[MET:0][INFO] [tag_parts_by_title] Part tag updated [4284709484, batteryBankMini,  -> power.battery]
[MET:0][WARN] [tag_parts_by_title] Part already tagged [4288232320, restock-nosecone-0625-1, ]
[MET:0][WARN] [tag_parts_by_title] Part already tagged [4283545728, sasModule, ]
[MET:0][INFO] [tag_parts_by_title] Part tag updated [4288287028, restock-goocanister-625-1,  -> sci.gooPod]
[MET:0][INFO] [tag_parts_by_title] Part tag updated [4292255742, ShroudedDecoupler,  -> decoupler]
[MET:0][INFO] [tag_parts_by_title] Part tag updated [4283612616, proceduralTankLiquid,  -> tank.procedural.lfo]
[MET:0][INFO] [tag_parts_by_title] Part tag updated [4282634492, proceduralTankLiquid,  -> tank.procedural.lfo]
[MET:0][INFO] [tag_parts_by_title] Part tag updated [4283598224, restock-engine-125-pug,  -> engine.lfo]
[MET:0][INFO] [tag_parts_by_title] Part tag updated [4283594080, ShroudedDecoupler,  -> decoupler]
[MET:0][INFO] [tag_parts_by_title] Part tag updated [4283561840, proceduralTankLiquid,  -> tank.procedural.lfo]
[MET:0][INFO] [tag_parts_by_title] Part tag updated [4283591906, proceduralTankLiquid,  -> tank.procedural.lfo]
[MET:0][INFO] [tag_parts_by_title] Part tag updated [4283589278, proceduralTankLiquid,  -> tank.procedural.lfo]
[MET:0][INFO] [tag_parts_by_title] Part tag updated [4283562846, liquidEngine2,  -> engine.lfo]
[MET:0][INFO] [tag_parts_by_title] Part tag updated [4283513424, AM.MLP.SmallLaunchStand,  -> launch.stand]
[MET:0][INFO] [tag_parts_by_title] Part tag updated [4283834162, sensorBarometer,  -> sci.barometer]
[MET:0][INFO] [tag_parts_by_title] Tagging completed, writing updates to tag_ref
[MET:0][INFO] KSCLog re-initialized
[MET:0][INFO] localLog initialized
[MET:0][INFO] [lib_tag.ks] Loading library
[MET:0][INFO] [tag_parts_by_title] Part tag updated [4288282086, probeCoreOcto.v2 (Outrider 1),  -> command.drone.core]
[MET:0][INFO] [tag_parts_by_title] Part tag updated [4288262578, RTShortAntenna1,  -> comm.omni]
[MET:0][INFO] [tag_parts_by_title] Part tag updated [4284709484, batteryBankMini,  -> power.battery]
[MET:0][WARN] [tag_parts_by_title] Part already tagged [4288232320, restock-nosecone-0625-1, ]
[MET:0][WARN] [tag_parts_by_title] Part already tagged [4283545728, sasModule, ]
[MET:0][INFO] [tag_parts_by_title] Part tag updated [4288287028, restock-goocanister-625-1,  -> sci.gooPod]
[MET:0][INFO] [tag_parts_by_title] Part tag updated [4292255742, ShroudedDecoupler,  -> decoupler]
[MET:0][INFO] [tag_parts_by_title] Part tag updated [4283612616, proceduralTankLiquid,  -> tank.procedural.lfo]
[MET:0][INFO] [tag_parts_by_title] Part tag updated [4282634492, proceduralTankLiquid,  -> tank.procedural.lfo]
[MET:0][INFO] [tag_parts_by_title] Part tag updated [4283598224, restock-engine-125-pug,  -> engine.lfo]
[MET:0][INFO] [tag_parts_by_title] Part tag updated [4283594080, ShroudedDecoupler,  -> decoupler]
[MET:0][INFO] [tag_parts_by_title] Part tag updated [4283561840, proceduralTankLiquid,  -> tank.procedural.lfo]
[MET:0][INFO] [tag_parts_by_title] Part tag updated [4283591906, proceduralTankLiquid,  -> tank.procedural.lfo]
[MET:0][INFO] [tag_parts_by_title] Part tag updated [4283589278, proceduralTankLiquid,  -> tank.procedural.lfo]
[MET:0][INFO] [tag_parts_by_title] Part tag updated [4283562846, liquidEngine2,  -> engine.lfo]
[MET:0][INFO] [tag_parts_by_title] Part tag updated [4283513424, AM.MLP.SmallLaunchStand,  -> launch.stand]
[MET:0][INFO] [tag_parts_by_title] Part tag updated [4283834162, sensorBarometer,  -> sci.barometer]
[MET:0][INFO] [tag_parts_by_title] Tagging completed, writing updates to tag_ref
[MET:0][INFO] KSCLog re-initialized
[MET:0][INFO] localLog initialized
[MET:0][INFO] [lib_tag.ks] Loading library
[MET:0][INFO] [tag_parts_by_title] Part tag updated [4288282086, probeCoreOcto.v2,  -> command.drone.core]
[MET:0][INFO] [tag_parts_by_title] Part tag updated [4288262578, RTShortAntenna1,  -> comm.omni]
[MET:0][INFO] [tag_parts_by_title] Part tag updated [4284709484, batteryBankMini,  -> power.battery]
[MET:0][WARN] [tag_parts_by_title] Part already tagged [4288232320, restock-nosecone-0625-1, ]
[MET:0][WARN] [tag_parts_by_title] Part already tagged [4283545728, sasModule, ]
[MET:0][INFO] [tag_parts_by_title] Part tag updated [4288287028, restock-goocanister-625-1,  -> sci.gooPod]
[MET:0][INFO] [tag_parts_by_title] Part tag updated [4292255742, ShroudedDecoupler,  -> decoupler]
[MET:0][INFO] [tag_parts_by_title] Part tag updated [4283612616, proceduralTankLiquid,  -> tank.procedural.lfo]
[MET:0][INFO] [tag_parts_by_title] Part tag updated [4282634492, proceduralTankLiquid,  -> tank.procedural.lfo]
[MET:0][INFO] [tag_parts_by_title] Part tag updated [4283598224, restock-engine-125-pug,  -> engine.lfo]
[MET:0][INFO] [tag_parts_by_title] Part tag updated [4283594080, ShroudedDecoupler,  -> decoupler]
[MET:0][INFO] [tag_parts_by_title] Part tag updated [4283561840, proceduralTankLiquid,  -> tank.procedural.lfo]
[MET:0][INFO] [tag_parts_by_title] Part tag updated [4283591906, proceduralTankLiquid,  -> tank.procedural.lfo]
[MET:0][INFO] [tag_parts_by_title] Part tag updated [4283589278, proceduralTankLiquid,  -> tank.procedural.lfo]
[MET:0][INFO] [tag_parts_by_title] Part tag updated [4283562846, liquidEngine2,  -> engine.lfo]
[MET:0][INFO] [tag_parts_by_title] Part tag updated [4283513424, AM.MLP.SmallLaunchStand,  -> launch.stand]
[MET:0][INFO] [tag_parts_by_title] Part tag updated [4283834162, sensorBarometer,  -> sci.barometer]
[MET:0][INFO] [tag_parts_by_title] Tagging completed, writing updates to tag_ref
[MET:0][INFO] KSCLog re-initialized
[MET:0][INFO] localLog initialized
[MET:0][INFO] [lib_tag.ks] Loading library
[MET:0][INFO] [tag_parts_by_title] Part tag updated [4288282086, probeCoreOcto.v2 (Outrider 1),  -> command.drone.core]
[MET:0][INFO] [tag_parts_by_title] Part tag updated [4288262578, RTShortAntenna1,  -> comm.omni]
[MET:0][INFO] [tag_parts_by_title] Part tag updated [4284709484, batteryBankMini,  -> power.battery]
[MET:0][WARN] [tag_parts_by_title] Part already tagged [4288232320, restock-nosecone-0625-1, ]
[MET:0][WARN] [tag_parts_by_title] Part already tagged [4283545728, sasModule, ]
[MET:0][INFO] [tag_parts_by_title] Part tag updated [4288287028, restock-goocanister-625-1,  -> sci.gooPod]
[MET:0][INFO] [tag_parts_by_title] Part tag updated [4292255742, ShroudedDecoupler,  -> decoupler]
[MET:0][INFO] [tag_parts_by_title] Part tag updated [4283612616, proceduralTankLiquid,  -> tank.procedural.lfo]
[MET:0][INFO] [tag_parts_by_title] Part tag updated [4282634492, proceduralTankLiquid,  -> tank.procedural.lfo]
[MET:0][INFO] [tag_parts_by_title] Part tag updated [4283598224, restock-engine-125-pug,  -> engine.lfo]
[MET:0][INFO] [tag_parts_by_title] Part tag updated [4283594080, ShroudedDecoupler,  -> decoupler]
[MET:0][INFO] [tag_parts_by_title] Part tag updated [4283561840, proceduralTankLiquid,  -> tank.procedural.lfo]
[MET:0][INFO] [tag_parts_by_title] Part tag updated [4283591906, proceduralTankLiquid,  -> tank.procedural.lfo]
[MET:0][INFO] [tag_parts_by_title] Part tag updated [4283589278, proceduralTankLiquid,  -> tank.procedural.lfo]
[MET:0][INFO] [tag_parts_by_title] Part tag updated [4283562846, liquidEngine2,  -> engine.lfo]
[MET:0][INFO] [tag_parts_by_title] Part tag updated [4283513424, AM.MLP.SmallLaunchStand,  -> launch.stand]
[MET:0][INFO] [tag_parts_by_title] Part tag updated [4283834162, sensorBarometer,  -> sci.barometer]
[MET:0][INFO] [tag_parts_by_title] Tagging completed, writing updates to tag_ref
[MET:0][INFO] KSCLog re-initialized
[MET:0][INFO] localLog initialized
[MET:0][INFO] [lib_tag.ks] Loading library
[MET:0][INFO] KSCLog re-initialized
[MET:0][INFO] [tag_parts_by_title] Part tag updated [4288282086, probeCoreOcto.v2,  -> command.drone.core]
[MET:0][INFO] [tag_parts_by_title] Part tag updated [4284709484, batteryBankMini,  -> power.battery]
[MET:0][INFO] [tag_parts_by_title] Part tag updated [4288232320, restock-nosecone-0625-1,  -> structural.cone]
[MET:0][INFO] [tag_parts_by_title] Part tag updated [4283545728, sasModule,  -> control.rw]
[MET:0][INFO] [tag_parts_by_title] Part tag updated [4288287028, restock-goocanister-625-1,  -> sci.gooPod]
[MET:0][INFO] [tag_parts_by_title] Part tag updated [4292255742, ShroudedDecoupler,  -> decoupler]
[MET:0][INFO] [tag_parts_by_title] Part tag updated [4283612616, proceduralTankLiquid,  -> tank.procedural.lfo]
[MET:0][INFO] [tag_parts_by_title] Part tag updated [4282634492, proceduralTankLiquid,  -> tank.procedural.lfo]
[MET:0][INFO] [tag_parts_by_title] Part tag updated [4283598224, restock-engine-125-pug,  -> engine.lfo]
[MET:0][INFO] [tag_parts_by_title] Part tag updated [4283594080, ShroudedDecoupler,  -> decoupler]
[MET:0][INFO] [tag_parts_by_title] Part tag updated [4283561840, proceduralTankLiquid,  -> tank.procedural.lfo]
[MET:0][INFO] [tag_parts_by_title] Part tag updated [4283591906, proceduralTankLiquid,  -> tank.procedural.lfo]
[MET:0][INFO] [tag_parts_by_title] Part tag updated [4283589278, proceduralTankLiquid,  -> tank.procedural.lfo]
[MET:0][INFO] [tag_parts_by_title] Part tag updated [4283562846, liquidEngine2,  -> engine.lfo]
[MET:0][INFO] [tag_parts_by_title] Part tag updated [4283513424, AM.MLP.SmallLaunchStand,  -> launch.stand]
[MET:0][INFO] [tag_parts_by_title] Part tag updated [4292986782, basicFin,  -> aero.fin]
[MET:0][INFO] [tag_parts_by_title] Part tag updated [4292986486, basicFin,  -> aero.fin]
[MET:0][INFO] [tag_parts_by_title] Part tag updated [4292986420, basicFin,  -> aero.fin]
[MET:0][INFO] [tag_parts_by_title] Part tag updated [4292986354, basicFin,  -> aero.fin]
[MET:0][INFO] [tag_parts_by_title] Part tag updated [4283834162, sensorBarometer,  -> sci.barometer]
[MET:0][INFO] [tag_parts_by_title] Part tag updated [4292979830, sensorThermometer,  -> sci.thermometer]
[MET:0][INFO] [tag_parts_by_title] Part tag updated [4292984928, solarPanels5,  -> power.solar.fixed]
[MET:0][INFO] [tag_parts_by_title] Part tag updated [4292983564, solarPanels5,  -> power.solar.fixed]
[MET:0][INFO] [tag_parts_by_title] Part tag updated [4292983510, solarPanels5,  -> power.solar.fixed]
[MET:0][INFO] [tag_parts_by_title] Part tag updated [4292983456, solarPanels5,  -> power.solar.fixed]
[MET:0][INFO] [tag_parts_by_title] Part tag updated [4292981674, SurfAntenna,  -> comm.omni]
[MET:0][INFO] [tag_parts_by_title] Part tag updated [4292976976, solarPanels5,  -> power.solar.fixed]
[MET:0][INFO] [tag_parts_by_title] Part tag updated [4292975578, solarPanels5,  -> power.solar.fixed]
[MET:0][INFO] [tag_parts_by_title] Part tag updated [4292975524, solarPanels5,  -> power.solar.fixed]
[MET:0][INFO] [tag_parts_by_title] Tagging completed, writing updates to tag_ref
[MET:0][INFO] localLog re-initialized
[MET:0][INFO] [lib_tag.ks] Loading library
[MET:0][INFO] KSCLog re-initialized
[MET:0][WARN] [tag_parts_by_title] Part already tagged [4288282086, probeCoreOcto.v2, command.drone.core]
[MET:0][WARN] [tag_parts_by_title] Part already tagged [4284709484, batteryBankMini, power.battery]
[MET:0][WARN] [tag_parts_by_title] Part already tagged [4288232320, restock-nosecone-0625-1, structural.cone]
[MET:0][WARN] [tag_parts_by_title] Part already tagged [4283545728, sasModule, control.rw]
[MET:0][WARN] [tag_parts_by_title] Part already tagged [4288287028, restock-goocanister-625-1, sci.gooPod]
[MET:0][WARN] [tag_parts_by_title] Part already tagged [4292255742, ShroudedDecoupler, decoupler]
[MET:0][WARN] [tag_parts_by_title] Part already tagged [4283612616, proceduralTankLiquid, tank.procedural.lfo]
[MET:0][WARN] [tag_parts_by_title] Part already tagged [4282634492, proceduralTankLiquid, tank.procedural.lfo]
[MET:0][WARN] [tag_parts_by_title] Part already tagged [4283598224, restock-engine-125-pug, engine.lfo]
[MET:0][WARN] [tag_parts_by_title] Part already tagged [4283594080, ShroudedDecoupler, decoupler]
[MET:0][WARN] [tag_parts_by_title] Part already tagged [4283561840, proceduralTankLiquid, tank.procedural.lfo]
[MET:0][WARN] [tag_parts_by_title] Part already tagged [4283591906, proceduralTankLiquid, tank.procedural.lfo]
[MET:0][WARN] [tag_parts_by_title] Part already tagged [4283589278, proceduralTankLiquid, tank.procedural.lfo]
[MET:0][WARN] [tag_parts_by_title] Part already tagged [4283562846, liquidEngine2, engine.lfo]
[MET:0][WARN] [tag_parts_by_title] Part already tagged [4283513424, AM.MLP.SmallLaunchStand, launch.stand]
[MET:0][WARN] [tag_parts_by_title] Part already tagged [4292986782, basicFin, aero.fin]
[MET:0][WARN] [tag_parts_by_title] Part already tagged [4292986486, basicFin, aero.fin]
[MET:0][WARN] [tag_parts_by_title] Part already tagged [4292986420, basicFin, aero.fin]
[MET:0][WARN] [tag_parts_by_title] Part already tagged [4292986354, basicFin, aero.fin]
[MET:0][WARN] [tag_parts_by_title] Part already tagged [4283834162, sensorBarometer, sci.barometer]
[MET:0][WARN] [tag_parts_by_title] Part already tagged [4292979830, sensorThermometer, sci.thermometer]
[MET:0][WARN] [tag_parts_by_title] Part already tagged [4292984928, solarPanels5, power.solar.fixed]
[MET:0][WARN] [tag_parts_by_title] Part already tagged [4292983564, solarPanels5, power.solar.fixed]
[MET:0][WARN] [tag_parts_by_title] Part already tagged [4292983510, solarPanels5, power.solar.fixed]
[MET:0][WARN] [tag_parts_by_title] Part already tagged [4292983456, solarPanels5, power.solar.fixed]
[MET:0][WARN] [tag_parts_by_title] Part already tagged [4292981674, SurfAntenna, comm.omni]
[MET:0][WARN] [tag_parts_by_title] Part already tagged [4292976976, solarPanels5, power.solar.fixed]
[MET:0][WARN] [tag_parts_by_title] Part already tagged [4292975578, solarPanels5, power.solar.fixed]
[MET:0][WARN] [tag_parts_by_title] Part already tagged [4292975524, solarPanels5, power.solar.fixed]
[MET:0][INFO] [tag_parts_by_title] Tagging completed, writing updates to tag_ref
[MET:0][INFO] localLog re-initialized
[MET:0][INFO] [lib_tag.ks] Loading library
[MET:0][INFO] KSCLog re-initialized
[MET:0][WARN] [tag_parts_by_title] Part already tagged [4288282086, probeCoreOcto.v2, command.drone.core]
[MET:0][WARN] [tag_parts_by_title] Part already tagged [4284709484, batteryBankMini, power.battery]
[MET:0][WARN] [tag_parts_by_title] Part already tagged [4288232320, restock-nosecone-0625-1, structural.cone]
[MET:0][WARN] [tag_parts_by_title] Part already tagged [4283545728, sasModule, control.rw]
[MET:0][WARN] [tag_parts_by_title] Part already tagged [4288287028, restock-goocanister-625-1, sci.gooPod]
[MET:0][WARN] [tag_parts_by_title] Part already tagged [4292255742, ShroudedDecoupler, decoupler]
[MET:0][WARN] [tag_parts_by_title] Part already tagged [4283612616, proceduralTankLiquid, tank.procedural.lfo]
[MET:0][WARN] [tag_parts_by_title] Part already tagged [4282634492, proceduralTankLiquid, tank.procedural.lfo]
[MET:0][WARN] [tag_parts_by_title] Part already tagged [4283598224, restock-engine-125-pug, engine.lfo]
[MET:0][WARN] [tag_parts_by_title] Part already tagged [4283594080, ShroudedDecoupler, decoupler]
[MET:0][WARN] [tag_parts_by_title] Part already tagged [4283561840, proceduralTankLiquid, tank.procedural.lfo]
[MET:0][WARN] [tag_parts_by_title] Part already tagged [4283591906, proceduralTankLiquid, tank.procedural.lfo]
[MET:0][WARN] [tag_parts_by_title] Part already tagged [4283589278, proceduralTankLiquid, tank.procedural.lfo]
[MET:0][WARN] [tag_parts_by_title] Part already tagged [4283562846, liquidEngine2, engine.lfo]
[MET:0][WARN] [tag_parts_by_title] Part already tagged [4283513424, AM.MLP.SmallLaunchStand, launch.stand]
[MET:0][WARN] [tag_parts_by_title] Part already tagged [4292986782, basicFin, aero.fin]
[MET:0][WARN] [tag_parts_by_title] Part already tagged [4292986486, basicFin, aero.fin]
[MET:0][WARN] [tag_parts_by_title] Part already tagged [4292986420, basicFin, aero.fin]
[MET:0][WARN] [tag_parts_by_title] Part already tagged [4292986354, basicFin, aero.fin]
[MET:0][WARN] [tag_parts_by_title] Part already tagged [4283834162, sensorBarometer, sci.barometer]
[MET:0][WARN] [tag_parts_by_title] Part already tagged [4292979830, sensorThermometer, sci.thermometer]
[MET:0][WARN] [tag_parts_by_title] Part already tagged [4292984928, solarPanels5, power.solar.fixed]
[MET:0][WARN] [tag_parts_by_title] Part already tagged [4292983564, solarPanels5, power.solar.fixed]
[MET:0][WARN] [tag_parts_by_title] Part already tagged [4292983510, solarPanels5, power.solar.fixed]
[MET:0][WARN] [tag_parts_by_title] Part already tagged [4292983456, solarPanels5, power.solar.fixed]
[MET:0][WARN] [tag_parts_by_title] Part already tagged [4292981674, SurfAntenna, comm.omni]
[MET:0][WARN] [tag_parts_by_title] Part already tagged [4292976976, solarPanels5, power.solar.fixed]
[MET:0][WARN] [tag_parts_by_title] Part already tagged [4292975578, solarPanels5, power.solar.fixed]
[MET:0][WARN] [tag_parts_by_title] Part already tagged [4292975524, solarPanels5, power.solar.fixed]
[MET:0][INFO] [tag_parts_by_title] Tagging completed, writing updates to tag_ref
[MET:0][INFO] localLog re-initialized
[MET:0][INFO] [lib_tag.ks] Loading library
[MET:0][INFO] KSCLog re-initialized
[MET:0][INFO] localLog initialized
[MET:0][INFO] [lib_tag.ks] Loading library
[MET:0][INFO] KSCLog re-initialized
[MET:0][INFO] [tag_parts_by_title] Part tag updated [4288282086, probeCoreOcto.v2,  -> command.drone.core]
[MET:0][INFO] [tag_parts_by_title] Part tag updated [4284709484, batteryBankMini,  -> power.battery]
[MET:0][INFO] [tag_parts_by_title] Part tag updated [4288232320, restock-nosecone-0625-1,  -> structural.cone]
[MET:0][INFO] [tag_parts_by_title] Part tag updated [4283545728, sasModule,  -> control.rw]
[MET:0][INFO] [tag_parts_by_title] Part tag updated [4288287028, restock-goocanister-625-1,  -> sci.gooPod]
[MET:0][INFO] [tag_parts_by_title] Part tag updated [4292255742, ShroudedDecoupler,  -> decoupler]
[MET:0][INFO] [tag_parts_by_title] Part tag updated [4283612616, proceduralTankLiquid,  -> tank.procedural.lfo]
[MET:0][INFO] [tag_parts_by_title] Part tag updated [4282634492, proceduralTankLiquid,  -> tank.procedural.lfo]
[MET:0][INFO] [tag_parts_by_title] Part tag updated [4283598224, restock-engine-125-pug,  -> engine.lfo]
[MET:0][INFO] [tag_parts_by_title] Part tag updated [4283594080, ShroudedDecoupler,  -> decoupler]
[MET:0][INFO] [tag_parts_by_title] Part tag updated [4283561840, proceduralTankLiquid,  -> tank.procedural.lfo]
[MET:0][INFO] [tag_parts_by_title] Part tag updated [4283591906, proceduralTankLiquid,  -> tank.procedural.lfo]
[MET:0][INFO] [tag_parts_by_title] Part tag updated [4283589278, proceduralTankLiquid,  -> tank.procedural.lfo]
[MET:0][INFO] [tag_parts_by_title] Part tag updated [4283562846, liquidEngine2,  -> engine.lfo]
[MET:0][INFO] [tag_parts_by_title] Part tag updated [4283513424, AM.MLP.SmallLaunchStand,  -> launch.stand]
[MET:0][INFO] [tag_parts_by_title] Part tag updated [4292986782, basicFin,  -> aero.fin]
[MET:0][INFO] [tag_parts_by_title] Part tag updated [4292039918, basicFin,  -> aero.fin]
[MET:0][INFO] [tag_parts_by_title] Part tag updated [4292039852, basicFin,  -> aero.fin]
[MET:0][INFO] [tag_parts_by_title] Part tag updated [4292039786, basicFin,  -> aero.fin]
[MET:0][INFO] [tag_parts_by_title] Part tag updated [4283834162, sensorBarometer,  -> sci.barometer]
[MET:0][INFO] [tag_parts_by_title] Part tag updated [4292979830, sensorThermometer,  -> sci.thermometer]
[MET:0][INFO] [tag_parts_by_title] Part tag updated [4292984928, solarPanels5,  -> power.solar.fixed]
[MET:0][INFO] [tag_parts_by_title] Part tag updated [4292983564, solarPanels5,  -> power.solar.fixed]
[MET:0][INFO] [tag_parts_by_title] Part tag updated [4292983510, solarPanels5,  -> power.solar.fixed]
[MET:0][INFO] [tag_parts_by_title] Part tag updated [4292983456, solarPanels5,  -> power.solar.fixed]
[MET:0][INFO] [tag_parts_by_title] Part tag updated [4292981674, SurfAntenna,  -> comm.omni]
[MET:0][INFO] [tag_parts_by_title] Part tag updated [4292976976, solarPanels5,  -> power.solar.fixed]
[MET:0][INFO] [tag_parts_by_title] Part tag updated [4292975578, solarPanels5,  -> power.solar.fixed]
[MET:0][INFO] [tag_parts_by_title] Part tag updated [4292975524, solarPanels5,  -> power.solar.fixed]
[MET:0][INFO] [tag_parts_by_title] Tagging completed, writing updates to tag_ref
[MET:0][INFO] localLog re-initialized
[MET:0][INFO] [lib_tag.ks] Loading library
[MET:0][INFO] KSCLog re-initialized
[MET:0][WARN] [tag_parts_by_title] Part already tagged [4288282086, probeCoreOcto.v2, command.drone.core]
[MET:0][WARN] [tag_parts_by_title] Part already tagged [4284709484, batteryBankMini, power.battery]
[MET:0][WARN] [tag_parts_by_title] Part already tagged [4288232320, restock-nosecone-0625-1, structural.cone]
[MET:0][WARN] [tag_parts_by_title] Part already tagged [4283545728, sasModule, control.rw]
[MET:0][WARN] [tag_parts_by_title] Part already tagged [4288287028, restock-goocanister-625-1, sci.gooPod]
[MET:0][WARN] [tag_parts_by_title] Part already tagged [4292255742, ShroudedDecoupler, decoupler]
[MET:0][WARN] [tag_parts_by_title] Part already tagged [4283612616, proceduralTankLiquid, tank.procedural.lfo]
[MET:0][WARN] [tag_parts_by_title] Part already tagged [4282634492, proceduralTankLiquid, tank.procedural.lfo]
[MET:0][WARN] [tag_parts_by_title] Part already tagged [4283598224, restock-engine-125-pug, engine.lfo]
[MET:0][WARN] [tag_parts_by_title] Part already tagged [4283594080, ShroudedDecoupler, decoupler]
[MET:0][WARN] [tag_parts_by_title] Part already tagged [4283561840, proceduralTankLiquid, tank.procedural.lfo]
[MET:0][WARN] [tag_parts_by_title] Part already tagged [4283591906, proceduralTankLiquid, tank.procedural.lfo]
[MET:0][WARN] [tag_parts_by_title] Part already tagged [4283589278, proceduralTankLiquid, tank.procedural.lfo]
[MET:0][WARN] [tag_parts_by_title] Part already tagged [4283562846, liquidEngine2, engine.lfo]
[MET:0][WARN] [tag_parts_by_title] Part already tagged [4283513424, AM.MLP.SmallLaunchStand, launch.stand]
[MET:0][WARN] [tag_parts_by_title] Part already tagged [4292986782, basicFin, aero.fin]
[MET:0][WARN] [tag_parts_by_title] Part already tagged [4292039918, basicFin, aero.fin]
[MET:0][WARN] [tag_parts_by_title] Part already tagged [4292039852, basicFin, aero.fin]
[MET:0][WARN] [tag_parts_by_title] Part already tagged [4292039786, basicFin, aero.fin]
[MET:0][WARN] [tag_parts_by_title] Part already tagged [4283834162, sensorBarometer, sci.barometer]
[MET:0][WARN] [tag_parts_by_title] Part already tagged [4292979830, sensorThermometer, sci.thermometer]
[MET:0][WARN] [tag_parts_by_title] Part already tagged [4292984928, solarPanels5, power.solar.fixed]
[MET:0][WARN] [tag_parts_by_title] Part already tagged [4292983564, solarPanels5, power.solar.fixed]
[MET:0][WARN] [tag_parts_by_title] Part already tagged [4292983510, solarPanels5, power.solar.fixed]
[MET:0][WARN] [tag_parts_by_title] Part already tagged [4292983456, solarPanels5, power.solar.fixed]
[MET:0][WARN] [tag_parts_by_title] Part already tagged [4292981674, SurfAntenna, comm.omni]
[MET:0][WARN] [tag_parts_by_title] Part already tagged [4292976976, solarPanels5, power.solar.fixed]
[MET:0][WARN] [tag_parts_by_title] Part already tagged [4292975578, solarPanels5, power.solar.fixed]
[MET:0][WARN] [tag_parts_by_title] Part already tagged [4292975524, solarPanels5, power.solar.fixed]
[MET:0][INFO] [tag_parts_by_title] Tagging completed, writing updates to tag_ref
[MET:0][INFO] localLog re-initialized
[MET:0][INFO] [lib_tag.ks] Loading library
[MET:0][INFO] KSCLog re-initialized
[MET:0][INFO] localLog initialized
[MET:0][INFO] [lib_tag.ks] Loading library
[MET:0][INFO] KSCLog re-initialized
[MET:0][WARN] [tag_parts_by_title] Part already tagged [4288282086, probeCoreOcto.v2, command.drone.core]
[MET:0][WARN] [tag_parts_by_title] Part already tagged [4284709484, batteryBankMini, power.battery]
[MET:0][WARN] [tag_parts_by_title] Part already tagged [4288232320, restock-nosecone-0625-1, structural.cone]
[MET:0][WARN] [tag_parts_by_title] Part already tagged [4283545728, sasModule, control.rw]
[MET:0][WARN] [tag_parts_by_title] Part already tagged [4288287028, restock-goocanister-625-1, sci.gooPod]
[MET:0][WARN] [tag_parts_by_title] Part already tagged [4292255742, ShroudedDecoupler, decoupler]
[MET:0][WARN] [tag_parts_by_title] Part already tagged [4283612616, proceduralTankLiquid, tank.procedural.lfo]
[MET:0][WARN] [tag_parts_by_title] Part already tagged [4282634492, proceduralTankLiquid, tank.procedural.lfo]
[MET:0][WARN] [tag_parts_by_title] Part already tagged [4283598224, restock-engine-125-pug, engine.lfo]
[MET:0][WARN] [tag_parts_by_title] Part already tagged [4283594080, ShroudedDecoupler, decoupler]
[MET:0][WARN] [tag_parts_by_title] Part already tagged [4283561840, proceduralTankLiquid, tank.procedural.lfo]
[MET:0][WARN] [tag_parts_by_title] Part already tagged [4283591906, proceduralTankLiquid, tank.procedural.lfo]
[MET:0][WARN] [tag_parts_by_title] Part already tagged [4283589278, proceduralTankLiquid, tank.procedural.lfo]
[MET:0][WARN] [tag_parts_by_title] Part already tagged [4283562846, liquidEngine2, engine.lfo]
[MET:0][WARN] [tag_parts_by_title] Part already tagged [4283513424, AM.MLP.SmallLaunchStand, launch.stand]
[MET:0][WARN] [tag_parts_by_title] Part already tagged [4292986782, basicFin, aero.fin]
[MET:0][WARN] [tag_parts_by_title] Part already tagged [4292039918, basicFin, aero.fin]
[MET:0][WARN] [tag_parts_by_title] Part already tagged [4292039852, basicFin, aero.fin]
[MET:0][WARN] [tag_parts_by_title] Part already tagged [4292039786, basicFin, aero.fin]
[MET:0][WARN] [tag_parts_by_title] Part already tagged [4283834162, sensorBarometer, sci.barometer]
[MET:0][WARN] [tag_parts_by_title] Part already tagged [4292979830, sensorThermometer, sci.thermometer]
[MET:0][WARN] [tag_parts_by_title] Part already tagged [4292984928, solarPanels5, power.solar.fixed]
[MET:0][WARN] [tag_parts_by_title] Part already tagged [4292983564, solarPanels5, power.solar.fixed]
[MET:0][WARN] [tag_parts_by_title] Part already tagged [4292983510, solarPanels5, power.solar.fixed]
[MET:0][WARN] [tag_parts_by_title] Part already tagged [4292983456, solarPanels5, power.solar.fixed]
[MET:0][WARN] [tag_parts_by_title] Part already tagged [4292981674, SurfAntenna, comm.omni]
[MET:0][WARN] [tag_parts_by_title] Part already tagged [4292976976, solarPanels5, power.solar.fixed]
[MET:0][WARN] [tag_parts_by_title] Part already tagged [4292975578, solarPanels5, power.solar.fixed]
[MET:0][WARN] [tag_parts_by_title] Part already tagged [4292975524, solarPanels5, power.solar.fixed]
[MET:0][INFO] [tag_parts_by_title] Tagging completed, writing updates to tag_ref
[MET:0][INFO] localLog re-initialized
[MET:0][INFO] [lib_tag.ks] Loading library
[MET:0][INFO] KSCLog re-initialized
[MET:0][WARN] [tag_parts_by_title] Part already tagged [4288282086, probeCoreOcto.v2, command.drone.core]
[MET:0][WARN] [tag_parts_by_title] Part already tagged [4284709484, batteryBankMini, power.battery]
[MET:0][WARN] [tag_parts_by_title] Part already tagged [4288232320, restock-nosecone-0625-1, structural.cone]
[MET:0][WARN] [tag_parts_by_title] Part already tagged [4283545728, sasModule, control.rw]
[MET:0][WARN] [tag_parts_by_title] Part already tagged [4288287028, restock-goocanister-625-1, sci.gooPod]
[MET:0][WARN] [tag_parts_by_title] Part already tagged [4292255742, ShroudedDecoupler, decoupler]
[MET:0][WARN] [tag_parts_by_title] Part already tagged [4283612616, proceduralTankLiquid, tank.procedural.lfo]
[MET:0][WARN] [tag_parts_by_title] Part already tagged [4282634492, proceduralTankLiquid, tank.procedural.lfo]
[MET:0][WARN] [tag_parts_by_title] Part already tagged [4283598224, restock-engine-125-pug, engine.lfo]
[MET:0][WARN] [tag_parts_by_title] Part already tagged [4283594080, ShroudedDecoupler, decoupler]
[MET:0][WARN] [tag_parts_by_title] Part already tagged [4283561840, proceduralTankLiquid, tank.procedural.lfo]
[MET:0][WARN] [tag_parts_by_title] Part already tagged [4283591906, proceduralTankLiquid, tank.procedural.lfo]
[MET:0][WARN] [tag_parts_by_title] Part already tagged [4283589278, proceduralTankLiquid, tank.procedural.lfo]
[MET:0][WARN] [tag_parts_by_title] Part already tagged [4283562846, liquidEngine2, engine.lfo]
[MET:0][WARN] [tag_parts_by_title] Part already tagged [4283513424, AM.MLP.SmallLaunchStand, launch.stand]
[MET:0][WARN] [tag_parts_by_title] Part already tagged [4292986782, basicFin, aero.fin]
[MET:0][WARN] [tag_parts_by_title] Part already tagged [4292039918, basicFin, aero.fin]
[MET:0][WARN] [tag_parts_by_title] Part already tagged [4292039852, basicFin, aero.fin]
[MET:0][WARN] [tag_parts_by_title] Part already tagged [4292039786, basicFin, aero.fin]
[MET:0][WARN] [tag_parts_by_title] Part already tagged [4283834162, sensorBarometer, sci.barometer]
[MET:0][WARN] [tag_parts_by_title] Part already tagged [4292979830, sensorThermometer, sci.thermometer]
[MET:0][WARN] [tag_parts_by_title] Part already tagged [4292984928, solarPanels5, power.solar.fixed]
[MET:0][WARN] [tag_parts_by_title] Part already tagged [4292983564, solarPanels5, power.solar.fixed]
[MET:0][WARN] [tag_parts_by_title] Part already tagged [4292983510, solarPanels5, power.solar.fixed]
[MET:0][WARN] [tag_parts_by_title] Part already tagged [4292983456, solarPanels5, power.solar.fixed]
[MET:0][WARN] [tag_parts_by_title] Part already tagged [4292981674, SurfAntenna, comm.omni]
[MET:0][WARN] [tag_parts_by_title] Part already tagged [4292976976, solarPanels5, power.solar.fixed]
[MET:0][WARN] [tag_parts_by_title] Part already tagged [4292975578, solarPanels5, power.solar.fixed]
[MET:0][WARN] [tag_parts_by_title] Part already tagged [4292975524, solarPanels5, power.solar.fixed]
[MET:0][INFO] [tag_parts_by_title] Tagging completed, writing updates to tag_ref
[MET:0][INFO] localLog re-initialized
[MET:0][INFO] [lib_tag.ks] Loading library
[MET:0][INFO] KSCLog re-initialized
[MET:0][WARN] [tag_parts_by_title] Part already tagged [4288282086, probeCoreOcto.v2, command.drone.core]
[MET:0][WARN] [tag_parts_by_title] Part already tagged [4284709484, batteryBankMini, power.battery]
[MET:0][WARN] [tag_parts_by_title] Part already tagged [4288232320, restock-nosecone-0625-1, structural.cone]
[MET:0][WARN] [tag_parts_by_title] Part already tagged [4283545728, sasModule, control.rw]
[MET:0][WARN] [tag_parts_by_title] Part already tagged [4288287028, restock-goocanister-625-1, sci.gooPod]
[MET:0][WARN] [tag_parts_by_title] Part already tagged [4292255742, ShroudedDecoupler, decoupler]
[MET:0][WARN] [tag_parts_by_title] Part already tagged [4283612616, proceduralTankLiquid, tank.procedural.lfo]
[MET:0][WARN] [tag_parts_by_title] Part already tagged [4282634492, proceduralTankLiquid, tank.procedural.lfo]
[MET:0][WARN] [tag_parts_by_title] Part already tagged [4283598224, restock-engine-125-pug, engine.lfo]
[MET:0][WARN] [tag_parts_by_title] Part already tagged [4283594080, ShroudedDecoupler, decoupler]
[MET:0][WARN] [tag_parts_by_title] Part already tagged [4283561840, proceduralTankLiquid, tank.procedural.lfo]
[MET:0][WARN] [tag_parts_by_title] Part already tagged [4283591906, proceduralTankLiquid, tank.procedural.lfo]
[MET:0][WARN] [tag_parts_by_title] Part already tagged [4283589278, proceduralTankLiquid, tank.procedural.lfo]
[MET:0][WARN] [tag_parts_by_title] Part already tagged [4283562846, liquidEngine2, engine.lfo]
[MET:0][WARN] [tag_parts_by_title] Part already tagged [4283513424, AM.MLP.SmallLaunchStand, launch.stand]
[MET:0][WARN] [tag_parts_by_title] Part already tagged [4292986782, basicFin, aero.fin]
[MET:0][WARN] [tag_parts_by_title] Part already tagged [4292039918, basicFin, aero.fin]
[MET:0][WARN] [tag_parts_by_title] Part already tagged [4292039852, basicFin, aero.fin]
[MET:0][WARN] [tag_parts_by_title] Part already tagged [4292039786, basicFin, aero.fin]
[MET:0][WARN] [tag_parts_by_title] Part already tagged [4283834162, sensorBarometer, sci.barometer]
[MET:0][WARN] [tag_parts_by_title] Part already tagged [4292979830, sensorThermometer, sci.thermometer]
[MET:0][WARN] [tag_parts_by_title] Part already tagged [4292984928, solarPanels5, power.solar.fixed]
[MET:0][WARN] [tag_parts_by_title] Part already tagged [4292983564, solarPanels5, power.solar.fixed]
[MET:0][WARN] [tag_parts_by_title] Part already tagged [4292983510, solarPanels5, power.solar.fixed]
[MET:0][WARN] [tag_parts_by_title] Part already tagged [4292983456, solarPanels5, power.solar.fixed]
[MET:0][WARN] [tag_parts_by_title] Part already tagged [4292981674, SurfAntenna, comm.omni]
[MET:0][WARN] [tag_parts_by_title] Part already tagged [4292976976, solarPanels5, power.solar.fixed]
[MET:0][WARN] [tag_parts_by_title] Part already tagged [4292975578, solarPanels5, power.solar.fixed]
[MET:0][WARN] [tag_parts_by_title] Part already tagged [4292975524, solarPanels5, power.solar.fixed]
[MET:0][INFO] [tag_parts_by_title] Tagging completed, writing updates to tag_ref
[MET:0][INFO] localLog re-initialized
[MET:0][INFO] [lib_tag.ks] Loading library
[MET:0][INFO] KSCLog re-initialized
[MET:0][WARN] [tag_parts_by_title] Part already tagged [4288282086, probeCoreOcto.v2, command.drone.core]
[MET:0][WARN] [tag_parts_by_title] Part already tagged [4284709484, batteryBankMini, power.battery]
[MET:0][WARN] [tag_parts_by_title] Part already tagged [4288232320, restock-nosecone-0625-1, structural.cone]
[MET:0][WARN] [tag_parts_by_title] Part already tagged [4283545728, sasModule, control.rw]
[MET:0][WARN] [tag_parts_by_title] Part already tagged [4288287028, restock-goocanister-625-1, sci.gooPod]
[MET:0][WARN] [tag_parts_by_title] Part already tagged [4292255742, ShroudedDecoupler, decoupler]
[MET:0][WARN] [tag_parts_by_title] Part already tagged [4283612616, proceduralTankLiquid, tank.procedural.lfo]
[MET:0][WARN] [tag_parts_by_title] Part already tagged [4282634492, proceduralTankLiquid, tank.procedural.lfo]
[MET:0][WARN] [tag_parts_by_title] Part already tagged [4283598224, restock-engine-125-pug, engine.lfo]
[MET:0][WARN] [tag_parts_by_title] Part already tagged [4283594080, ShroudedDecoupler, decoupler]
[MET:0][WARN] [tag_parts_by_title] Part already tagged [4283561840, proceduralTankLiquid, tank.procedural.lfo]
[MET:0][WARN] [tag_parts_by_title] Part already tagged [4283591906, proceduralTankLiquid, tank.procedural.lfo]
[MET:0][WARN] [tag_parts_by_title] Part already tagged [4283589278, proceduralTankLiquid, tank.procedural.lfo]
[MET:0][WARN] [tag_parts_by_title] Part already tagged [4283562846, liquidEngine2, engine.lfo]
[MET:0][WARN] [tag_parts_by_title] Part already tagged [4283513424, AM.MLP.SmallLaunchStand, launch.stand]
[MET:0][WARN] [tag_parts_by_title] Part already tagged [4292986782, basicFin, aero.fin]
[MET:0][WARN] [tag_parts_by_title] Part already tagged [4292039918, basicFin, aero.fin]
[MET:0][WARN] [tag_parts_by_title] Part already tagged [4292039852, basicFin, aero.fin]
[MET:0][WARN] [tag_parts_by_title] Part already tagged [4292039786, basicFin, aero.fin]
[MET:0][WARN] [tag_parts_by_title] Part already tagged [4283834162, sensorBarometer, sci.barometer]
[MET:0][WARN] [tag_parts_by_title] Part already tagged [4292979830, sensorThermometer, sci.thermometer]
[MET:0][WARN] [tag_parts_by_title] Part already tagged [4292984928, solarPanels5, power.solar.fixed]
[MET:0][WARN] [tag_parts_by_title] Part already tagged [4292983564, solarPanels5, power.solar.fixed]
[MET:0][WARN] [tag_parts_by_title] Part already tagged [4292983510, solarPanels5, power.solar.fixed]
[MET:0][WARN] [tag_parts_by_title] Part already tagged [4292983456, solarPanels5, power.solar.fixed]
[MET:0][WARN] [tag_parts_by_title] Part already tagged [4292981674, SurfAntenna, comm.omni]
[MET:0][WARN] [tag_parts_by_title] Part already tagged [4292976976, solarPanels5, power.solar.fixed]
[MET:0][WARN] [tag_parts_by_title] Part already tagged [4292975578, solarPanels5, power.solar.fixed]
[MET:0][WARN] [tag_parts_by_title] Part already tagged [4292975524, solarPanels5, power.solar.fixed]
[MET:0][INFO] [tag_parts_by_title] Tagging completed, writing updates to tag_ref
[MET:0][INFO] localLog re-initialized
[MET:0][INFO] [lib_tag.ks] Loading library
[MET:0][INFO] KSCLog re-initialized
[MET:0][INFO] localLog initialized
[MET:0][INFO] [lib_tag.ks] Loading library
[MET:0][INFO] [tag_parts_by_title] Part tag updated [4288282086, probeCoreOcto.v2 (Outrider 1),  -> command.drone.core]
[MET:0][INFO] [tag_parts_by_title] Part tag updated [4284709484, batteryBankMini,  -> power.battery]
[MET:0][INFO] [tag_parts_by_title] Part tag updated [4288232320, restock-nosecone-0625-1,  -> structural.cone]
[MET:0][INFO] [tag_parts_by_title] Part tag updated [4283545728, sasModule,  -> control.rw]
[MET:0][INFO] [tag_parts_by_title] Part tag updated [4288287028, restock-goocanister-625-1,  -> sci.gooPod]
[MET:0][INFO] [tag_parts_by_title] Part tag updated [4292255742, ShroudedDecoupler,  -> decoupler]
[MET:0][INFO] [tag_parts_by_title] Part tag updated [4283612616, proceduralTankLiquid,  -> tank.procedural.lfo]
[MET:0][INFO] [tag_parts_by_title] Part tag updated [4282634492, proceduralTankLiquid,  -> tank.procedural.lfo]
[MET:0][INFO] [tag_parts_by_title] Part tag updated [4283598224, restock-engine-125-pug,  -> engine.lfo]
[MET:0][INFO] [tag_parts_by_title] Part tag updated [4283594080, ShroudedDecoupler,  -> decoupler]
[MET:0][INFO] [tag_parts_by_title] Part tag updated [4283561840, proceduralTankLiquid,  -> tank.procedural.lfo]
[MET:0][INFO] [tag_parts_by_title] Part tag updated [4283591906, proceduralTankLiquid,  -> tank.procedural.lfo]
[MET:0][INFO] [tag_parts_by_title] Part tag updated [4283589278, proceduralTankLiquid,  -> tank.procedural.lfo]
[MET:0][INFO] [tag_parts_by_title] Part tag updated [4283562846, liquidEngine2,  -> engine.lfo]
[MET:0][INFO] [tag_parts_by_title] Part tag updated [4283513424, AM.MLP.SmallLaunchStand,  -> launch.stand]
[MET:0][INFO] [tag_parts_by_title] Part tag updated [4292986782, basicFin,  -> aero.fin]
[MET:0][INFO] [tag_parts_by_title] Part tag updated [4292039918, basicFin,  -> aero.fin]
[MET:0][INFO] [tag_parts_by_title] Part tag updated [4292039852, basicFin,  -> aero.fin]
[MET:0][INFO] [tag_parts_by_title] Part tag updated [4292039786, basicFin,  -> aero.fin]
[MET:0][INFO] [tag_parts_by_title] Part tag updated [4283834162, sensorBarometer,  -> sci.barometer]
[MET:0][INFO] [tag_parts_by_title] Part tag updated [4292979830, sensorThermometer,  -> sci.thermometer]
[MET:0][INFO] [tag_parts_by_title] Part tag updated [4292984928, solarPanels5,  -> power.solar.fixed]
[MET:0][INFO] [tag_parts_by_title] Part tag updated [4292983564, solarPanels5,  -> power.solar.fixed]
[MET:0][INFO] [tag_parts_by_title] Part tag updated [4292983510, solarPanels5,  -> power.solar.fixed]
[MET:0][INFO] [tag_parts_by_title] Part tag updated [4292983456, solarPanels5,  -> power.solar.fixed]
[MET:0][INFO] [tag_parts_by_title] Part tag updated [4292981674, SurfAntenna,  -> comm.omni]
[MET:0][INFO] [tag_parts_by_title] Part tag updated [4292976976, solarPanels5,  -> power.solar.fixed]
[MET:0][INFO] [tag_parts_by_title] Part tag updated [4292975578, solarPanels5,  -> power.solar.fixed]
[MET:0][INFO] [tag_parts_by_title] Part tag updated [4292975524, solarPanels5,  -> power.solar.fixed]
[MET:0][INFO] [tag_parts_by_title] Tagging completed, writing updates to tag_ref
[MET:0][WARN] [recover science] No science value from transmitting data
[MET:0][WARN] [recover science] No science value from transmitting data
[MET:0][INFO] [recover science] Transmitting science
[MET:0][WARN] [recover science] No science value from transmitting data
[MET:6.04][WARN] [recover science] No science value from transmitting data
[MET:7.08][INFO] [recover science] Transmitting science
[MET:7.12][INFO] [recover science] Transmitting science
[MET:7.16][WARN] [recover science] No science value from transmitting data
[MET:0][INFO] [tag_parts_by_title] Part tag updated [4288282086, probeCoreOcto.v2 (Outrider 1),  -> command.drone.core]
[MET:0][INFO] [tag_parts_by_title] Part tag updated [4284709484, batteryBankMini,  -> power.battery]
[MET:0][INFO] [tag_parts_by_title] Part tag updated [4288232320, restock-nosecone-0625-1,  -> structural.cone]
[MET:0][INFO] [tag_parts_by_title] Part tag updated [4283545728, sasModule,  -> control.rw]
[MET:0][INFO] [tag_parts_by_title] Part tag updated [4288287028, restock-goocanister-625-1,  -> sci.gooPod]
[MET:0][INFO] [tag_parts_by_title] Part tag updated [4292255742, ShroudedDecoupler,  -> decoupler]
[MET:0][INFO] [tag_parts_by_title] Part tag updated [4283612616, proceduralTankLiquid,  -> tank.procedural.lfo]
[MET:0][INFO] [tag_parts_by_title] Part tag updated [4282634492, proceduralTankLiquid,  -> tank.procedural.lfo]
[MET:0][INFO] [tag_parts_by_title] Part tag updated [4283598224, restock-engine-125-pug,  -> engine.lfo]
[MET:0][INFO] [tag_parts_by_title] Part tag updated [4283594080, ShroudedDecoupler,  -> decoupler]
[MET:0][INFO] [tag_parts_by_title] Part tag updated [4283561840, proceduralTankLiquid,  -> tank.procedural.lfo]
[MET:0][INFO] [tag_parts_by_title] Part tag updated [4283591906, proceduralTankLiquid,  -> tank.procedural.lfo]
[MET:0][INFO] [tag_parts_by_title] Part tag updated [4283589278, proceduralTankLiquid,  -> tank.procedural.lfo]
[MET:0][INFO] [tag_parts_by_title] Part tag updated [4283562846, liquidEngine2,  -> engine.lfo]
[MET:0][INFO] [tag_parts_by_title] Part tag updated [4283513424, AM.MLP.SmallLaunchStand,  -> launch.stand]
[MET:0][INFO] [tag_parts_by_title] Part tag updated [4292986782, basicFin,  -> aero.fin]
[MET:0][INFO] [tag_parts_by_title] Part tag updated [4292039918, basicFin,  -> aero.fin]
[MET:0][INFO] [tag_parts_by_title] Part tag updated [4292039852, basicFin,  -> aero.fin]
[MET:0][INFO] [tag_parts_by_title] Part tag updated [4292039786, basicFin,  -> aero.fin]
[MET:0][INFO] [tag_parts_by_title] Part tag updated [4283834162, sensorBarometer,  -> sci.barometer]
[MET:0][INFO] [tag_parts_by_title] Part tag updated [4292979830, sensorThermometer,  -> sci.thermometer]
[MET:0][INFO] [tag_parts_by_title] Part tag updated [4292984928, solarPanels5,  -> power.solar.fixed]
[MET:0][INFO] [tag_parts_by_title] Part tag updated [4292983564, solarPanels5,  -> power.solar.fixed]
[MET:0][INFO] [tag_parts_by_title] Part tag updated [4292983510, solarPanels5,  -> power.solar.fixed]
[MET:0][INFO] [tag_parts_by_title] Part tag updated [4292983456, solarPanels5,  -> power.solar.fixed]
[MET:0][INFO] [tag_parts_by_title] Part tag updated [4292981674, SurfAntenna,  -> comm.omni]
[MET:0][INFO] [tag_parts_by_title] Part tag updated [4292976976, solarPanels5,  -> power.solar.fixed]
[MET:0][INFO] [tag_parts_by_title] Part tag updated [4292975578, solarPanels5,  -> power.solar.fixed]
[MET:0][INFO] [tag_parts_by_title] Part tag updated [4292975524, solarPanels5,  -> power.solar.fixed]
[MET:0][INFO] [tag_parts_by_title] Tagging completed, writing updates to tag_ref
[MET:0][WARN] [recover science] No science value from transmitting data
[MET:0][WARN] [recover science] No science value from transmitting data
[MET:0][INFO] [recover science] Transmitting science
[MET:0][WARN] [recover science] No science value from transmitting data
[MET:6.04][WARN] [recover science] No science value from transmitting data
[MET:7.08][INFO] [recover science] Transmitting science
[MET:7.12][INFO] [recover science] Transmitting science
[MET:7.16][WARN] [recover science] No science value from transmitting data
[MET:0][INFO] KSCLog re-initialized
[MET:0][INFO] localLog initialized
[MET:0][INFO] [lib_tag.ks] Loading library
[MET:0][INFO] [tag_parts_by_title] Part tag updated [4288282086, probeCoreOcto.v2 (Outrider 1),  -> command.drone.core]
[MET:0][INFO] [tag_parts_by_title] Part tag updated [4284709484, batteryBankMini,  -> power.battery]
[MET:0][INFO] [tag_parts_by_title] Part tag updated [4288232320, restock-nosecone-0625-1,  -> structural.cone]
[MET:0][INFO] [tag_parts_by_title] Part tag updated [4283545728, sasModule,  -> control.rw]
[MET:0][INFO] [tag_parts_by_title] Part tag updated [4288287028, restock-goocanister-625-1,  -> sci.gooPod]
[MET:0][INFO] [tag_parts_by_title] Part tag updated [4292255742, ShroudedDecoupler,  -> decoupler]
[MET:0][INFO] [tag_parts_by_title] Part tag updated [4283612616, proceduralTankLiquid,  -> tank.procedural.lfo]
[MET:0][INFO] [tag_parts_by_title] Part tag updated [4282634492, proceduralTankLiquid,  -> tank.procedural.lfo]
[MET:0][INFO] [tag_parts_by_title] Part tag updated [4283598224, restock-engine-125-pug,  -> engine.lfo]
[MET:0][INFO] [tag_parts_by_title] Part tag updated [4283594080, ShroudedDecoupler,  -> decoupler]
[MET:0][INFO] [tag_parts_by_title] Part tag updated [4283561840, proceduralTankLiquid,  -> tank.procedural.lfo]
[MET:0][INFO] [tag_parts_by_title] Part tag updated [4283591906, proceduralTankLiquid,  -> tank.procedural.lfo]
[MET:0][INFO] [tag_parts_by_title] Part tag updated [4283589278, proceduralTankLiquid,  -> tank.procedural.lfo]
[MET:0][INFO] [tag_parts_by_title] Part tag updated [4283562846, liquidEngine2,  -> engine.lfo]
[MET:0][INFO] [tag_parts_by_title] Part tag updated [4283513424, AM.MLP.SmallLaunchStand,  -> launch.stand]
[MET:0][INFO] [tag_parts_by_title] Part tag updated [4292986782, basicFin,  -> aero.fin]
[MET:0][INFO] [tag_parts_by_title] Part tag updated [4292039918, basicFin,  -> aero.fin]
[MET:0][INFO] [tag_parts_by_title] Part tag updated [4292039852, basicFin,  -> aero.fin]
[MET:0][INFO] [tag_parts_by_title] Part tag updated [4292039786, basicFin,  -> aero.fin]
[MET:0][INFO] [tag_parts_by_title] Part tag updated [4283834162, sensorBarometer,  -> sci.barometer]
[MET:0][INFO] [tag_parts_by_title] Part tag updated [4292979830, sensorThermometer,  -> sci.thermometer]
[MET:0][INFO] [tag_parts_by_title] Part tag updated [4292984928, solarPanels5,  -> power.solar.fixed]
[MET:0][INFO] [tag_parts_by_title] Part tag updated [4292983564, solarPanels5,  -> power.solar.fixed]
[MET:0][INFO] [tag_parts_by_title] Part tag updated [4292983510, solarPanels5,  -> power.solar.fixed]
[MET:0][INFO] [tag_parts_by_title] Part tag updated [4292983456, solarPanels5,  -> power.solar.fixed]
[MET:0][INFO] [tag_parts_by_title] Part tag updated [4292981674, SurfAntenna,  -> comm.omni]
[MET:0][INFO] [tag_parts_by_title] Part tag updated [4292976976, solarPanels5,  -> power.solar.fixed]
[MET:0][INFO] [tag_parts_by_title] Part tag updated [4292975578, solarPanels5,  -> power.solar.fixed]
[MET:0][INFO] [tag_parts_by_title] Part tag updated [4292975524, solarPanels5,  -> power.solar.fixed]
[MET:0][INFO] [tag_parts_by_title] Tagging completed, writing updates to tag_ref
[MET:0][WARN] [recover science] No science value from transmitting data
[MET:0][WARN] [recover science] No science value from transmitting data
[MET:0][INFO] [recover science] Transmitting science
[MET:0][WARN] [recover science] No science value from transmitting data
[MET:6.04][WARN] [recover science] No science value from transmitting data
[MET:7.08][INFO] [recover science] Transmitting science
[MET:7.12][INFO] [recover science] Transmitting science
[MET:7.16][WARN] [recover science] No science value from transmitting data
[MET:0][INFO] [tag_parts_by_title] Part tag updated [4288282086, probeCoreOcto.v2 (Outrider 1),  -> command.drone.core]
[MET:0][INFO] [tag_parts_by_title] Part tag updated [4284709484, batteryBankMini,  -> power.battery]
[MET:0][INFO] [tag_parts_by_title] Part tag updated [4288232320, restock-nosecone-0625-1,  -> structural.cone]
[MET:0][INFO] [tag_parts_by_title] Part tag updated [4283545728, sasModule,  -> control.rw]
[MET:0][INFO] [tag_parts_by_title] Part tag updated [4288287028, restock-goocanister-625-1,  -> sci.gooPod]
[MET:0][INFO] [tag_parts_by_title] Part tag updated [4292255742, ShroudedDecoupler,  -> decoupler]
[MET:0][INFO] [tag_parts_by_title] Part tag updated [4283612616, proceduralTankLiquid,  -> tank.procedural.lfo]
[MET:0][INFO] [tag_parts_by_title] Part tag updated [4282634492, proceduralTankLiquid,  -> tank.procedural.lfo]
[MET:0][INFO] [tag_parts_by_title] Part tag updated [4283598224, restock-engine-125-pug,  -> engine.lfo]
[MET:0][INFO] [tag_parts_by_title] Part tag updated [4283594080, ShroudedDecoupler,  -> decoupler]
[MET:0][INFO] [tag_parts_by_title] Part tag updated [4283561840, proceduralTankLiquid,  -> tank.procedural.lfo]
[MET:0][INFO] [tag_parts_by_title] Part tag updated [4283591906, proceduralTankLiquid,  -> tank.procedural.lfo]
[MET:0][INFO] [tag_parts_by_title] Part tag updated [4283589278, proceduralTankLiquid,  -> tank.procedural.lfo]
[MET:0][INFO] [tag_parts_by_title] Part tag updated [4283562846, liquidEngine2,  -> engine.lfo]
[MET:0][INFO] [tag_parts_by_title] Part tag updated [4283513424, AM.MLP.SmallLaunchStand,  -> launch.stand]
[MET:0][INFO] [tag_parts_by_title] Part tag updated [4292986782, basicFin,  -> aero.fin]
[MET:0][INFO] [tag_parts_by_title] Part tag updated [4292039918, basicFin,  -> aero.fin]
[MET:0][INFO] [tag_parts_by_title] Part tag updated [4292039852, basicFin,  -> aero.fin]
[MET:0][INFO] [tag_parts_by_title] Part tag updated [4292039786, basicFin,  -> aero.fin]
[MET:0][INFO] [tag_parts_by_title] Part tag updated [4283834162, sensorBarometer,  -> sci.barometer]
[MET:0][INFO] [tag_parts_by_title] Part tag updated [4292979830, sensorThermometer,  -> sci.thermometer]
[MET:0][INFO] [tag_parts_by_title] Part tag updated [4292984928, solarPanels5,  -> power.solar.fixed]
[MET:0][INFO] [tag_parts_by_title] Part tag updated [4292983564, solarPanels5,  -> power.solar.fixed]
[MET:0][INFO] [tag_parts_by_title] Part tag updated [4292983510, solarPanels5,  -> power.solar.fixed]
[MET:0][INFO] [tag_parts_by_title] Part tag updated [4292983456, solarPanels5,  -> power.solar.fixed]
[MET:0][INFO] [tag_parts_by_title] Part tag updated [4292981674, SurfAntenna,  -> comm.omni]
[MET:0][INFO] [tag_parts_by_title] Part tag updated [4292976976, solarPanels5,  -> power.solar.fixed]
[MET:0][INFO] [tag_parts_by_title] Part tag updated [4292975578, solarPanels5,  -> power.solar.fixed]
[MET:0][INFO] [tag_parts_by_title] Part tag updated [4292975524, solarPanels5,  -> power.solar.fixed]
[MET:0][INFO] [tag_parts_by_title] Tagging completed, writing updates to tag_ref
[MET:0][WARN] [recover science] No science value from transmitting data
[MET:0][WARN] [recover science] No science value from transmitting data
[MET:0][INFO] [recover science] Transmitting science
[MET:0][WARN] [recover science] No science value from transmitting data
[MET:6.04][WARN] [recover science] No science value from transmitting data
[MET:7.08][INFO] [recover science] Transmitting science
[MET:7.12][INFO] [recover science] Transmitting science
[MET:7.16][WARN] [recover science] No science value from transmitting data
[MET:0][INFO] KSCLog re-initialized
[MET:0][INFO] localLog initialized
[MET:0][INFO] [lib_tag.ks] Loading library
[MET:0][INFO] [tag_parts_by_title] Part tag updated [4288282086, probeCoreOcto.v2,  -> command.drone.core]
[MET:0][INFO] [tag_parts_by_title] Part tag updated [4284709484, batteryBankMini,  -> power.battery]
[MET:0][INFO] [tag_parts_by_title] Part tag updated [4288232320, restock-nosecone-0625-1,  -> structural.cone]
[MET:0][INFO] [tag_parts_by_title] Part tag updated [4283545728, sasModule,  -> control.rw]
[MET:0][INFO] [tag_parts_by_title] Part tag updated [4288287028, restock-goocanister-625-1,  -> sci.gooPod]
[MET:0][INFO] [tag_parts_by_title] Part tag updated [4292255742, ShroudedDecoupler,  -> decoupler]
[MET:0][INFO] [tag_parts_by_title] Part tag updated [4283612616, proceduralTankLiquid,  -> tank.procedural.lfo]
[MET:0][INFO] [tag_parts_by_title] Part tag updated [4282634492, proceduralTankLiquid,  -> tank.procedural.lfo]
[MET:0][INFO] [tag_parts_by_title] Part tag updated [4283598224, restock-engine-125-pug,  -> engine.lfo]
[MET:0][INFO] [tag_parts_by_title] Part tag updated [4283594080, ShroudedDecoupler,  -> decoupler]
[MET:0][INFO] [tag_parts_by_title] Part tag updated [4283561840, proceduralTankLiquid,  -> tank.procedural.lfo]
[MET:0][INFO] [tag_parts_by_title] Part tag updated [4283591906, proceduralTankLiquid,  -> tank.procedural.lfo]
[MET:0][INFO] [tag_parts_by_title] Part tag updated [4283589278, proceduralTankLiquid,  -> tank.procedural.lfo]
[MET:0][INFO] [tag_parts_by_title] Part tag updated [4283562846, liquidEngine2,  -> engine.lfo]
[MET:0][INFO] [tag_parts_by_title] Part tag updated [4283513424, AM.MLP.SmallLaunchStand,  -> launch.stand]
[MET:0][INFO] [tag_parts_by_title] Part tag updated [4292986782, basicFin,  -> aero.fin]
[MET:0][INFO] [tag_parts_by_title] Part tag updated [4290681728, basicFin,  -> aero.fin]
[MET:0][INFO] [tag_parts_by_title] Part tag updated [4290681662, basicFin,  -> aero.fin]
[MET:0][INFO] [tag_parts_by_title] Part tag updated [4290681596, basicFin,  -> aero.fin]
[MET:0][INFO] [tag_parts_by_title] Part tag updated [4290680818, basicFin,  -> aero.fin]
[MET:0][INFO] [tag_parts_by_title] Part tag updated [4290678862, basicFin,  -> aero.fin]
[MET:0][INFO] [tag_parts_by_title] Part tag updated [4290678790, basicFin,  -> aero.fin]
[MET:0][INFO] [tag_parts_by_title] Part tag updated [4290678718, basicFin,  -> aero.fin]
[MET:0][INFO] [tag_parts_by_title] Part tag updated [4283834162, sensorBarometer,  -> sci.barometer]
[MET:0][INFO] [tag_parts_by_title] Part tag updated [4292979830, sensorThermometer,  -> sci.thermometer]
[MET:0][INFO] [tag_parts_by_title] Part tag updated [4292984928, solarPanels5,  -> power.solar.fixed]
[MET:0][INFO] [tag_parts_by_title] Part tag updated [4292983564, solarPanels5,  -> power.solar.fixed]
[MET:0][INFO] [tag_parts_by_title] Part tag updated [4292983510, solarPanels5,  -> power.solar.fixed]
[MET:0][INFO] [tag_parts_by_title] Part tag updated [4292983456, solarPanels5,  -> power.solar.fixed]
[MET:0][INFO] [tag_parts_by_title] Part tag updated [4292981674, SurfAntenna,  -> comm.omni]
[MET:0][INFO] [tag_parts_by_title] Tagging completed, writing updates to tag_ref
[MET:0][WARN] [recover science] No science value from transmitting data
[MET:0][WARN] [recover science] No science value from transmitting data
[MET:0][INFO] [recover science] Transmitting science
[MET:0][WARN] [recover science] No science value from transmitting data
[MET:6.18][WARN] [recover science] No science value from transmitting data
[MET:7.22][INFO] [recover science] Transmitting science
[MET:7.26][INFO] [recover science] Transmitting science
[MET:7.3][WARN] [recover science] No science value from transmitting data
[MET:0][INFO] [tag_parts_by_title] Part tag updated [4288282086, probeCoreOcto.v2,  -> command.drone.core]
[MET:0][INFO] [tag_parts_by_title] Part tag updated [4284709484, batteryBankMini,  -> power.battery]
[MET:0][INFO] [tag_parts_by_title] Part tag updated [4288232320, restock-nosecone-0625-1,  -> structural.cone]
[MET:0][INFO] [tag_parts_by_title] Part tag updated [4283545728, sasModule,  -> control.rw]
[MET:0][INFO] [tag_parts_by_title] Part tag updated [4288287028, restock-goocanister-625-1,  -> sci.gooPod]
[MET:0][INFO] [tag_parts_by_title] Part tag updated [4292255742, ShroudedDecoupler,  -> decoupler]
[MET:0][INFO] [tag_parts_by_title] Part tag updated [4283612616, proceduralTankLiquid,  -> tank.procedural.lfo]
[MET:0][INFO] [tag_parts_by_title] Part tag updated [4282634492, proceduralTankLiquid,  -> tank.procedural.lfo]
[MET:0][INFO] [tag_parts_by_title] Part tag updated [4283598224, restock-engine-125-pug,  -> engine.lfo]
[MET:0][INFO] [tag_parts_by_title] Part tag updated [4283594080, ShroudedDecoupler,  -> decoupler]
[MET:0][INFO] [tag_parts_by_title] Part tag updated [4283561840, proceduralTankLiquid,  -> tank.procedural.lfo]
[MET:0][INFO] [tag_parts_by_title] Part tag updated [4283591906, proceduralTankLiquid,  -> tank.procedural.lfo]
[MET:0][INFO] [tag_parts_by_title] Part tag updated [4283589278, proceduralTankLiquid,  -> tank.procedural.lfo]
[MET:0][INFO] [tag_parts_by_title] Part tag updated [4283562846, liquidEngine2,  -> engine.lfo]
[MET:0][INFO] [tag_parts_by_title] Part tag updated [4283513424, AM.MLP.SmallLaunchStand,  -> launch.stand]
[MET:0][INFO] [tag_parts_by_title] Part tag updated [4292986782, basicFin,  -> aero.fin]
[MET:0][INFO] [tag_parts_by_title] Part tag updated [4290681728, basicFin,  -> aero.fin]
[MET:0][INFO] [tag_parts_by_title] Part tag updated [4290681662, basicFin,  -> aero.fin]
[MET:0][INFO] [tag_parts_by_title] Part tag updated [4290681596, basicFin,  -> aero.fin]
[MET:0][INFO] [tag_parts_by_title] Part tag updated [4290680818, basicFin,  -> aero.fin]
[MET:0][INFO] [tag_parts_by_title] Part tag updated [4290678862, basicFin,  -> aero.fin]
[MET:0][INFO] [tag_parts_by_title] Part tag updated [4290678790, basicFin,  -> aero.fin]
[MET:0][INFO] [tag_parts_by_title] Part tag updated [4290678718, basicFin,  -> aero.fin]
[MET:0][INFO] [tag_parts_by_title] Part tag updated [4283834162, sensorBarometer,  -> sci.barometer]
[MET:0][INFO] [tag_parts_by_title] Part tag updated [4292979830, sensorThermometer,  -> sci.thermometer]
[MET:0][INFO] [tag_parts_by_title] Part tag updated [4292984928, solarPanels5,  -> power.solar.fixed]
[MET:0][INFO] [tag_parts_by_title] Part tag updated [4292983564, solarPanels5,  -> power.solar.fixed]
[MET:0][INFO] [tag_parts_by_title] Part tag updated [4292983510, solarPanels5,  -> power.solar.fixed]
[MET:0][INFO] [tag_parts_by_title] Part tag updated [4292983456, solarPanels5,  -> power.solar.fixed]
[MET:0][INFO] [tag_parts_by_title] Part tag updated [4292981674, SurfAntenna,  -> comm.omni]
[MET:0][INFO] [tag_parts_by_title] Tagging completed, writing updates to tag_ref
[MET:0][WARN] [recover science] No science value from transmitting data
[MET:0][WARN] [recover science] No science value from transmitting data
[MET:0][INFO] [recover science] Transmitting science
[MET:0][WARN] [recover science] No science value from transmitting data
[MET:6.18][WARN] [recover science] No science value from transmitting data
[MET:7.22][INFO] [recover science] Transmitting science
[MET:7.26][INFO] [recover science] Transmitting science
[MET:7.3][WARN] [recover science] No science value from transmitting data
[MET:0][INFO] KSCLog re-initialized
[MET:0][INFO] localLog initialized
[MET:0][INFO] [lib_tag.ks] Loading library
[MET:0][INFO] [tag_parts_by_title] Part tag updated [4288282086, probeCoreOcto.v2,  -> command.drone.core]
[MET:0][INFO] [tag_parts_by_title] Part tag updated [4284709484, batteryBankMini,  -> power.battery]
[MET:0][INFO] [tag_parts_by_title] Part tag updated [4288232320, restock-nosecone-0625-1,  -> structural.cone]
[MET:0][INFO] [tag_parts_by_title] Part tag updated [4283545728, sasModule,  -> control.rw]
[MET:0][INFO] [tag_parts_by_title] Part tag updated [4288287028, restock-goocanister-625-1,  -> sci.gooPod]
[MET:0][INFO] [tag_parts_by_title] Part tag updated [4292255742, ShroudedDecoupler,  -> decoupler]
[MET:0][INFO] [tag_parts_by_title] Part tag updated [4283612616, proceduralTankLiquid,  -> tank.procedural.lfo]
[MET:0][INFO] [tag_parts_by_title] Part tag updated [4282634492, proceduralTankLiquid,  -> tank.procedural.lfo]
[MET:0][INFO] [tag_parts_by_title] Part tag updated [4283598224, restock-engine-125-pug,  -> engine.lfo]
[MET:0][INFO] [tag_parts_by_title] Part tag updated [4283594080, ShroudedDecoupler,  -> decoupler]
[MET:0][INFO] [tag_parts_by_title] Part tag updated [4283561840, proceduralTankLiquid,  -> tank.procedural.lfo]
[MET:0][INFO] [tag_parts_by_title] Part tag updated [4283591906, proceduralTankLiquid,  -> tank.procedural.lfo]
[MET:0][INFO] [tag_parts_by_title] Part tag updated [4283589278, proceduralTankLiquid,  -> tank.procedural.lfo]
[MET:0][INFO] [tag_parts_by_title] Part tag updated [4283562846, liquidEngine2,  -> engine.lfo]
[MET:0][INFO] [tag_parts_by_title] Part tag updated [4283513424, AM.MLP.SmallLaunchStand,  -> launch.stand]
[MET:0][INFO] [tag_parts_by_title] Part tag updated [4292986782, basicFin,  -> aero.fin]
[MET:0][INFO] [tag_parts_by_title] Part tag updated [4290681728, basicFin,  -> aero.fin]
[MET:0][INFO] [tag_parts_by_title] Part tag updated [4290681662, basicFin,  -> aero.fin]
[MET:0][INFO] [tag_parts_by_title] Part tag updated [4290681596, basicFin,  -> aero.fin]
[MET:0][INFO] [tag_parts_by_title] Part tag updated [4290680818, basicFin,  -> aero.fin]
[MET:0][INFO] [tag_parts_by_title] Part tag updated [4290678862, basicFin,  -> aero.fin]
[MET:0][INFO] [tag_parts_by_title] Part tag updated [4290678790, basicFin,  -> aero.fin]
[MET:0][INFO] [tag_parts_by_title] Part tag updated [4290678718, basicFin,  -> aero.fin]
[MET:0][INFO] [tag_parts_by_title] Part tag updated [4283834162, sensorBarometer,  -> sci.barometer]
[MET:0][INFO] [tag_parts_by_title] Part tag updated [4292979830, sensorThermometer,  -> sci.thermometer]
[MET:0][INFO] [tag_parts_by_title] Part tag updated [4292984928, solarPanels5,  -> power.solar.fixed]
[MET:0][INFO] [tag_parts_by_title] Part tag updated [4292983564, solarPanels5,  -> power.solar.fixed]
[MET:0][INFO] [tag_parts_by_title] Part tag updated [4292983510, solarPanels5,  -> power.solar.fixed]
[MET:0][INFO] [tag_parts_by_title] Part tag updated [4292983456, solarPanels5,  -> power.solar.fixed]
[MET:0][INFO] [tag_parts_by_title] Part tag updated [4292981674, SurfAntenna,  -> comm.omni]
[MET:0][INFO] [tag_parts_by_title] Tagging completed, writing updates to tag_ref
[MET:0][WARN] [recover science] No science value from transmitting data
[MET:0][WARN] [recover science] No science value from transmitting data
[MET:0][INFO] [recover science] Transmitting science
[MET:0][WARN] [recover science] No science value from transmitting data
[MET:6.2][WARN] [recover science] No science value from transmitting data
[MET:7.24][INFO] [recover science] Transmitting science
[MET:7.28][INFO] [recover science] Transmitting science
[MET:7.32][WARN] [recover science] No science value from transmitting data
[MET:0][INFO] [tag_parts_by_title] Part tag updated [4288282086, probeCoreOcto.v2,  -> command.drone.core]
[MET:0][INFO] [tag_parts_by_title] Part tag updated [4284709484, batteryBankMini,  -> power.battery]
[MET:0][INFO] [tag_parts_by_title] Part tag updated [4288232320, restock-nosecone-0625-1,  -> structural.cone]
[MET:0][INFO] [tag_parts_by_title] Part tag updated [4283545728, sasModule,  -> control.rw]
[MET:0][INFO] [tag_parts_by_title] Part tag updated [4288287028, restock-goocanister-625-1,  -> sci.gooPod]
[MET:0][INFO] [tag_parts_by_title] Part tag updated [4292255742, ShroudedDecoupler,  -> decoupler]
[MET:0][INFO] [tag_parts_by_title] Part tag updated [4283612616, proceduralTankLiquid,  -> tank.procedural.lfo]
[MET:0][INFO] [tag_parts_by_title] Part tag updated [4282634492, proceduralTankLiquid,  -> tank.procedural.lfo]
[MET:0][INFO] [tag_parts_by_title] Part tag updated [4283598224, restock-engine-125-pug,  -> engine.lfo]
[MET:0][INFO] [tag_parts_by_title] Part tag updated [4283594080, ShroudedDecoupler,  -> decoupler]
[MET:0][INFO] [tag_parts_by_title] Part tag updated [4283561840, proceduralTankLiquid,  -> tank.procedural.lfo]
[MET:0][INFO] [tag_parts_by_title] Part tag updated [4283591906, proceduralTankLiquid,  -> tank.procedural.lfo]
[MET:0][INFO] [tag_parts_by_title] Part tag updated [4283589278, proceduralTankLiquid,  -> tank.procedural.lfo]
[MET:0][INFO] [tag_parts_by_title] Part tag updated [4283562846, liquidEngine2,  -> engine.lfo]
[MET:0][INFO] [tag_parts_by_title] Part tag updated [4283513424, AM.MLP.SmallLaunchStand,  -> launch.stand]
[MET:0][INFO] [tag_parts_by_title] Part tag updated [4292986782, basicFin,  -> aero.fin]
[MET:0][INFO] [tag_parts_by_title] Part tag updated [4290681728, basicFin,  -> aero.fin]
[MET:0][INFO] [tag_parts_by_title] Part tag updated [4290681662, basicFin,  -> aero.fin]
[MET:0][INFO] [tag_parts_by_title] Part tag updated [4290681596, basicFin,  -> aero.fin]
[MET:0][INFO] [tag_parts_by_title] Part tag updated [4290680818, basicFin,  -> aero.fin]
[MET:0][INFO] [tag_parts_by_title] Part tag updated [4290678862, basicFin,  -> aero.fin]
[MET:0][INFO] [tag_parts_by_title] Part tag updated [4290678790, basicFin,  -> aero.fin]
[MET:0][INFO] [tag_parts_by_title] Part tag updated [4290678718, basicFin,  -> aero.fin]
[MET:0][INFO] [tag_parts_by_title] Part tag updated [4283834162, sensorBarometer,  -> sci.barometer]
[MET:0][INFO] [tag_parts_by_title] Part tag updated [4292979830, sensorThermometer,  -> sci.thermometer]
[MET:0][INFO] [tag_parts_by_title] Part tag updated [4292984928, solarPanels5,  -> power.solar.fixed]
[MET:0][INFO] [tag_parts_by_title] Part tag updated [4292983564, solarPanels5,  -> power.solar.fixed]
[MET:0][INFO] [tag_parts_by_title] Part tag updated [4292983510, solarPanels5,  -> power.solar.fixed]
[MET:0][INFO] [tag_parts_by_title] Part tag updated [4292983456, solarPanels5,  -> power.solar.fixed]
[MET:0][INFO] [tag_parts_by_title] Part tag updated [4292981674, SurfAntenna,  -> comm.omni]
[MET:0][INFO] [tag_parts_by_title] Tagging completed, writing updates to tag_ref
[MET:0][WARN] [recover science] No science value from transmitting data
[MET:0][WARN] [recover science] No science value from transmitting data
[MET:0][INFO] [recover science] Transmitting science
[MET:0][WARN] [recover science] No science value from transmitting data
[MET:6.2][WARN] [recover science] No science value from transmitting data
[MET:7.24][INFO] [recover science] Transmitting science
[MET:7.28][INFO] [recover science] Transmitting science
[MET:7.32][WARN] [recover science] No science value from transmitting data
