[MET:0][INFO] KSCLog initialized
[MET:0][INFO] localLog initialized
[MET:0][INFO] [lib_tag.ks] Loading library
[MET:0][INFO] [tag_parts_by_title] Part tag updated [4288282086, probeCoreOcto.v2,  -> command.drone.core]
[MET:0][INFO] [tag_parts_by_title] Part tag updated [4284709484, batteryBankMini,  -> power.battery]
[MET:0][INFO] [tag_parts_by_title] Part tag updated [4291962262, parachuteSingle,  -> chute.cone]
[MET:0][INFO] [tag_parts_by_title] Part tag updated [4283545728, sasModule,  -> control.rw]
[MET:0][INFO] [tag_parts_by_title] Part tag updated [4291675328, KR-2042,  -> control.kos.cpu]
[MET:0][INFO] [tag_parts_by_title] Part tag updated [4288287028, restock-goocanister-625-1,  -> sci.gooPod]
[MET:0][INFO] [tag_parts_by_title] Part tag updated [4292255742, ShroudedDecoupler,  -> decoupler]
[MET:0][INFO] [tag_parts_by_title] Part tag updated [4282634492, proceduralTankLiquid,  -> tank.procedural.lfo]
[MET:0][INFO] [tag_parts_by_title] Part tag updated [4283598224, restock-engine-125-pug,  -> engine.lfo]
[MET:0][INFO] [tag_parts_by_title] Part tag updated [4283594080, ShroudedDecoupler,  -> decoupler]
[MET:0][INFO] [tag_parts_by_title] Part tag updated [4283561840, proceduralTankLiquid,  -> tank.procedural.lfo]
[MET:0][INFO] [tag_parts_by_title] Part tag updated [4291972698, proceduralTankLiquid,  -> tank.procedural.lfo]
[MET:0][INFO] [tag_parts_by_title] Part tag updated [4283589278, proceduralTankLiquid,  -> tank.procedural.lfo]
[MET:0][INFO] [tag_parts_by_title] Part tag updated [4283562846, liquidEngine2,  -> engine.lfo]
[MET:0][INFO] [tag_parts_by_title] Part tag updated [4283513424, AM.MLP.SmallLaunchStand,  -> launch.stand]
[MET:0][INFO] [tag_parts_by_title] Part tag updated [4283834162, sensorBarometer,  -> sci.barometer]
[MET:0][INFO] [tag_parts_by_title] Part tag updated [4292979830, sensorThermometer,  -> sci.thermometer]
[MET:0][INFO] [tag_parts_by_title] Part tag updated [4292984928, solarPanels5,  -> power.solar.fixed]
[MET:0][INFO] [tag_parts_by_title] Part tag updated [4292983564, solarPanels5,  -> power.solar.fixed]
[MET:0][INFO] [tag_parts_by_title] Part tag updated [4292983510, solarPanels5,  -> power.solar.fixed]
[MET:0][INFO] [tag_parts_by_title] Part tag updated [4292983456, solarPanels5,  -> power.solar.fixed]
[MET:0][INFO] [tag_parts_by_title] Part tag updated [4292981674, SurfAntenna,  -> comm.omni]
[MET:0][INFO] [tag_parts_by_title] Tagging completed, writing updates to tag_ref
[MET:0][INFO] KSCLog re-initialized
[MET:0][INFO] localLog initialized
[MET:0][INFO] [lib_tag.ks] Loading library
[MET:0][INFO] [tag_parts_by_title] Part tag updated [4288282086, probeCoreOcto.v2,  -> command.drone.core]
[MET:0][INFO] [tag_parts_by_title] Part tag updated [4284709484, batteryBankMini,  -> power.battery]
[MET:0][INFO] [tag_parts_by_title] Part tag updated [4291962262, parachuteSingle,  -> chute.cone]
[MET:0][INFO] [tag_parts_by_title] Part tag updated [4283545728, sasModule,  -> control.rw]
[MET:0][INFO] [tag_parts_by_title] Part tag updated [4291675328, KR-2042,  -> control.kos.cpu]
[MET:0][INFO] [tag_parts_by_title] Part tag updated [4288287028, restock-goocanister-625-1,  -> sci.gooPod]
[MET:0][INFO] [tag_parts_by_title] Part tag updated [4292255742, ShroudedDecoupler,  -> decoupler]
[MET:0][INFO] [tag_parts_by_title] Part tag updated [4282634492, proceduralTankLiquid,  -> tank.procedural.lfo]
[MET:0][INFO] [tag_parts_by_title] Part tag updated [4283598224, restock-engine-125-pug,  -> engine.lfo]
[MET:0][INFO] [tag_parts_by_title] Part tag updated [4283594080, ShroudedDecoupler,  -> decoupler]
[MET:0][INFO] [tag_parts_by_title] Part tag updated [4283561840, proceduralTankLiquid,  -> tank.procedural.lfo]
[MET:0][INFO] [tag_parts_by_title] Part tag updated [4291972698, proceduralTankLiquid,  -> tank.procedural.lfo]
[MET:0][INFO] [tag_parts_by_title] Part tag updated [4283589278, proceduralTankLiquid,  -> tank.procedural.lfo]
[MET:0][INFO] [tag_parts_by_title] Part tag updated [4283562846, liquidEngine2,  -> engine.lfo]
[MET:0][INFO] [tag_parts_by_title] Part tag updated [4283513424, AM.MLP.SmallLaunchStand,  -> launch.stand]
[MET:0][INFO] [tag_parts_by_title] Part tag updated [4283834162, sensorBarometer,  -> sci.barometer]
[MET:0][INFO] [tag_parts_by_title] Part tag updated [4292979830, sensorThermometer,  -> sci.thermometer]
[MET:0][INFO] [tag_parts_by_title] Part tag updated [4292984928, solarPanels5,  -> power.solar.fixed]
[MET:0][INFO] [tag_parts_by_title] Part tag updated [4292983564, solarPanels5,  -> power.solar.fixed]
[MET:0][INFO] [tag_parts_by_title] Part tag updated [4292983510, solarPanels5,  -> power.solar.fixed]
[MET:0][INFO] [tag_parts_by_title] Part tag updated [4292983456, solarPanels5,  -> power.solar.fixed]
[MET:0][INFO] [tag_parts_by_title] Part tag updated [4292981674, SurfAntenna,  -> comm.omni]
[MET:0][INFO] [tag_parts_by_title] Tagging completed, writing updates to tag_ref
[MET:0][INFO] KSCLog re-initialized
[MET:0][INFO] localLog initialized
[MET:0][INFO] [lib_tag.ks] Loading library
[MET:0][INFO] [tag_parts_by_title] Part tag updated [4288282086, probeCoreOcto.v2 (Thor 3),  -> command.drone.core]
[MET:0][INFO] [tag_parts_by_title] Part tag updated [4284709484, batteryBankMini,  -> power.battery]
[MET:0][INFO] [tag_parts_by_title] Part tag updated [4291962262, parachuteSingle,  -> chute.cone]
[MET:0][INFO] [tag_parts_by_title] Part tag updated [4283545728, sasModule,  -> control.rw]
[MET:0][INFO] [tag_parts_by_title] Part tag updated [4291675328, KR-2042,  -> control.kos.cpu]
[MET:0][INFO] [tag_parts_by_title] Part tag updated [4288287028, restock-goocanister-625-1,  -> sci.gooPod]
[MET:0][INFO] [tag_parts_by_title] Part tag updated [4292255742, ShroudedDecoupler,  -> decoupler]
[MET:0][INFO] [tag_parts_by_title] Part tag updated [4282634492, proceduralTankLiquid,  -> tank.procedural.lfo]
[MET:0][INFO] [tag_parts_by_title] Part tag updated [4283598224, restock-engine-125-pug,  -> engine.lfo]
[MET:0][INFO] [tag_parts_by_title] Part tag updated [4283594080, ShroudedDecoupler,  -> decoupler]
[MET:0][INFO] [tag_parts_by_title] Part tag updated [4283561840, proceduralTankLiquid,  -> tank.procedural.lfo]
[MET:0][INFO] [tag_parts_by_title] Part tag updated [4291972698, proceduralTankLiquid,  -> tank.procedural.lfo]
[MET:0][INFO] [tag_parts_by_title] Part tag updated [4283589278, proceduralTankLiquid,  -> tank.procedural.lfo]
[MET:0][INFO] [tag_parts_by_title] Part tag updated [4283562846, liquidEngine2,  -> engine.lfo]
[MET:0][INFO] [tag_parts_by_title] Part tag updated [4283513424, AM.MLP.SmallLaunchStand,  -> launch.stand]
[MET:0][INFO] [tag_parts_by_title] Part tag updated [4283834162, sensorBarometer,  -> sci.barometer]
[MET:0][INFO] [tag_parts_by_title] Part tag updated [4292979830, sensorThermometer,  -> sci.thermometer]
[MET:0][INFO] [tag_parts_by_title] Part tag updated [4292984928, solarPanels5,  -> power.solar.fixed]
[MET:0][INFO] [tag_parts_by_title] Part tag updated [4292983564, solarPanels5,  -> power.solar.fixed]
[MET:0][INFO] [tag_parts_by_title] Part tag updated [4292983510, solarPanels5,  -> power.solar.fixed]
[MET:0][INFO] [tag_parts_by_title] Part tag updated [4292983456, solarPanels5,  -> power.solar.fixed]
[MET:0][INFO] [tag_parts_by_title] Part tag updated [4292981674, SurfAntenna,  -> comm.omni]
[MET:0][INFO] [tag_parts_by_title] Tagging completed, writing updates to tag_ref
[MET:0][INFO] KSCLog re-initialized
[MET:0][INFO] localLog initialized
[MET:0][INFO] [lib_tag.ks] Loading library
[MET:0][INFO] [tag_parts_by_title] Part tag updated [4288282086, probeCoreOcto.v2,  -> command.drone.core]
[MET:0][INFO] [tag_parts_by_title] Part tag updated [4284709484, batteryBankMini,  -> power.battery]
[MET:0][INFO] [tag_parts_by_title] Part tag updated [4291962262, parachuteSingle,  -> chute.cone]
[MET:0][INFO] [tag_parts_by_title] Part tag updated [4283545728, sasModule,  -> control.rw]
[MET:0][INFO] [tag_parts_by_title] Part tag updated [4291675328, KR-2042,  -> control.kos.cpu]
[MET:0][INFO] [tag_parts_by_title] Part tag updated [4288287028, restock-goocanister-625-1,  -> sci.gooPod]
[MET:0][INFO] [tag_parts_by_title] Part tag updated [4288870512, HeatShield0,  -> thermal.heatShield]
[MET:0][INFO] [tag_parts_by_title] Part tag updated [4292255742, ShroudedDecoupler,  -> decoupler]
[MET:0][INFO] [tag_parts_by_title] Part tag updated [4282634492, proceduralTankLiquid,  -> tank.procedural.lfo]
[MET:0][INFO] [tag_parts_by_title] Part tag updated [4283598224, restock-engine-125-pug,  -> engine.lfo]
[MET:0][INFO] [tag_parts_by_title] Part tag updated [4283594080, ShroudedDecoupler,  -> decoupler]
[MET:0][INFO] [tag_parts_by_title] Part tag updated [4283561840, proceduralTankLiquid,  -> tank.procedural.lfo]
[MET:0][INFO] [tag_parts_by_title] Part tag updated [4291972698, proceduralTankLiquid,  -> tank.procedural.lfo]
[MET:0][INFO] [tag_parts_by_title] Part tag updated [4283589278, proceduralTankLiquid,  -> tank.procedural.lfo]
[MET:0][INFO] [tag_parts_by_title] Part tag updated [4283562846, liquidEngine2,  -> engine.lfo]
[MET:0][INFO] [tag_parts_by_title] Part tag updated [4283513424, AM.MLP.SmallLaunchStand,  -> launch.stand]
[MET:0][INFO] [tag_parts_by_title] Part tag updated [4292979830, sensorThermometer,  -> sci.thermometer]
[MET:0][INFO] [tag_parts_by_title] Part tag updated [4283834162, sensorBarometer,  -> sci.barometer]
[MET:0][INFO] [tag_parts_by_title] Part tag updated [4292981674, SurfAntenna,  -> comm.omni]
[MET:0][INFO] [tag_parts_by_title] Part tag updated [4292984928, solarPanels5,  -> power.solar.fixed]
[MET:0][INFO] [tag_parts_by_title] Part tag updated [4292983564, solarPanels5,  -> power.solar.fixed]
[MET:0][INFO] [tag_parts_by_title] Part tag updated [4292983510, solarPanels5,  -> power.solar.fixed]
[MET:0][INFO] [tag_parts_by_title] Part tag updated [4292983456, solarPanels5,  -> power.solar.fixed]
[MET:0][INFO] [tag_parts_by_title] Tagging completed, writing updates to tag_ref
[MET:0][INFO] KSCLog re-initialized
[MET:0][INFO] localLog initialized
[MET:0][INFO] [lib_tag.ks] Loading library
[MET:0][INFO] [tag_parts_by_title] Part tag updated [4288282086, probeCoreOcto.v2 (Thor 3),  -> command.drone.core]
[MET:0][INFO] [tag_parts_by_title] Part tag updated [4284709484, batteryBankMini,  -> power.battery]
[MET:0][INFO] [tag_parts_by_title] Part tag updated [4291962262, parachuteSingle,  -> chute.cone]
[MET:0][INFO] [tag_parts_by_title] Part tag updated [4283545728, sasModule,  -> control.rw]
[MET:0][INFO] [tag_parts_by_title] Part tag updated [4291675328, KR-2042,  -> control.kos.cpu]
[MET:0][INFO] [tag_parts_by_title] Part tag updated [4288287028, restock-goocanister-625-1,  -> sci.gooPod]
[MET:0][INFO] [tag_parts_by_title] Part tag updated [4288870512, HeatShield0,  -> thermal.heatShield]
[MET:0][INFO] [tag_parts_by_title] Part tag updated [4292255742, ShroudedDecoupler,  -> decoupler]
[MET:0][INFO] [tag_parts_by_title] Part tag updated [4282634492, proceduralTankLiquid,  -> tank.procedural.lfo]
[MET:0][INFO] [tag_parts_by_title] Part tag updated [4283598224, restock-engine-125-pug,  -> engine.lfo]
[MET:0][INFO] [tag_parts_by_title] Part tag updated [4283594080, ShroudedDecoupler,  -> decoupler]
[MET:0][INFO] [tag_parts_by_title] Part tag updated [4283561840, proceduralTankLiquid,  -> tank.procedural.lfo]
[MET:0][INFO] [tag_parts_by_title] Part tag updated [4291972698, proceduralTankLiquid,  -> tank.procedural.lfo]
[MET:0][INFO] [tag_parts_by_title] Part tag updated [4283589278, proceduralTankLiquid,  -> tank.procedural.lfo]
[MET:0][INFO] [tag_parts_by_title] Part tag updated [4283562846, liquidEngine2,  -> engine.lfo]
[MET:0][INFO] [tag_parts_by_title] Part tag updated [4283513424, AM.MLP.SmallLaunchStand,  -> launch.stand]
[MET:0][INFO] [tag_parts_by_title] Part tag updated [4292979830, sensorThermometer,  -> sci.thermometer]
[MET:0][INFO] [tag_parts_by_title] Part tag updated [4283834162, sensorBarometer,  -> sci.barometer]
[MET:0][INFO] [tag_parts_by_title] Part tag updated [4292981674, SurfAntenna,  -> comm.omni]
[MET:0][INFO] [tag_parts_by_title] Part tag updated [4292984928, solarPanels5,  -> power.solar.fixed]
[MET:0][INFO] [tag_parts_by_title] Part tag updated [4292983564, solarPanels5,  -> power.solar.fixed]
[MET:0][INFO] [tag_parts_by_title] Part tag updated [4292983510, solarPanels5,  -> power.solar.fixed]
[MET:0][INFO] [tag_parts_by_title] Part tag updated [4292983456, solarPanels5,  -> power.solar.fixed]
[MET:0][INFO] [tag_parts_by_title] Tagging completed, writing updates to tag_ref
[MET:0][INFO] KSCLog re-initialized
[MET:0][INFO] localLog initialized
[MET:0][INFO] [lib_tag.ks] Loading library
[MET:0][INFO] [tag_parts_by_title] Part tag updated [4288282086, probeCoreOcto.v2 (Thor 3),  -> command.drone.core]
[MET:0][INFO] [tag_parts_by_title] Part tag updated [4284709484, batteryBankMini,  -> power.battery]
[MET:0][INFO] [tag_parts_by_title] Part tag updated [4291962262, parachuteSingle,  -> chute.cone]
[MET:0][INFO] [tag_parts_by_title] Part tag updated [4283545728, sasModule,  -> control.rw]
[MET:0][INFO] [tag_parts_by_title] Part tag updated [4291675328, KR-2042,  -> control.kos.cpu]
[MET:0][INFO] [tag_parts_by_title] Part tag updated [4288287028, restock-goocanister-625-1,  -> sci.gooPod]
[MET:0][INFO] [tag_parts_by_title] Part tag updated [4288870512, HeatShield0,  -> thermal.heatShield]
[MET:0][INFO] [tag_parts_by_title] Part tag updated [4292255742, ShroudedDecoupler,  -> decoupler]
[MET:0][INFO] [tag_parts_by_title] Part tag updated [4282634492, proceduralTankLiquid,  -> tank.procedural.lfo]
[MET:0][INFO] [tag_parts_by_title] Part tag updated [4283598224, restock-engine-125-pug,  -> engine.lfo]
[MET:0][INFO] [tag_parts_by_title] Part tag updated [4283594080, ShroudedDecoupler,  -> decoupler]
[MET:0][INFO] [tag_parts_by_title] Part tag updated [4283561840, proceduralTankLiquid,  -> tank.procedural.lfo]
[MET:0][INFO] [tag_parts_by_title] Part tag updated [4291972698, proceduralTankLiquid,  -> tank.procedural.lfo]
[MET:0][INFO] [tag_parts_by_title] Part tag updated [4283589278, proceduralTankLiquid,  -> tank.procedural.lfo]
[MET:0][INFO] [tag_parts_by_title] Part tag updated [4283562846, liquidEngine2,  -> engine.lfo]
[MET:0][INFO] [tag_parts_by_title] Part tag updated [4283513424, AM.MLP.SmallLaunchStand,  -> launch.stand]
[MET:0][INFO] [tag_parts_by_title] Part tag updated [4292979830, sensorThermometer,  -> sci.thermometer]
[MET:0][INFO] [tag_parts_by_title] Part tag updated [4283834162, sensorBarometer,  -> sci.barometer]
[MET:0][INFO] [tag_parts_by_title] Part tag updated [4292981674, SurfAntenna,  -> comm.omni]
[MET:0][INFO] [tag_parts_by_title] Part tag updated [4292984928, solarPanels5,  -> power.solar.fixed]
[MET:0][INFO] [tag_parts_by_title] Part tag updated [4292983564, solarPanels5,  -> power.solar.fixed]
[MET:0][INFO] [tag_parts_by_title] Part tag updated [4292983510, solarPanels5,  -> power.solar.fixed]
[MET:0][INFO] [tag_parts_by_title] Part tag updated [4292983456, solarPanels5,  -> power.solar.fixed]
[MET:0][INFO] [tag_parts_by_title] Tagging completed, writing updates to tag_ref
[MET:0][INFO] KSCLog re-initialized
[MET:0][INFO] localLog initialized
[MET:0][INFO] [lib_tag.ks] Loading library
[MET:0][INFO] [tag_parts_by_title] Part tag updated [4288282086, probeCoreOcto.v2 (Thor 3),  -> command.drone.core]
[MET:0][INFO] [tag_parts_by_title] Part tag updated [4284709484, batteryBankMini,  -> power.battery]
[MET:0][INFO] [tag_parts_by_title] Part tag updated [4291962262, parachuteSingle,  -> chute.cone]
[MET:0][INFO] [tag_parts_by_title] Part tag updated [4283545728, sasModule,  -> control.rw]
[MET:0][INFO] [tag_parts_by_title] Part tag updated [4291675328, KR-2042,  -> control.kos.cpu]
[MET:0][INFO] [tag_parts_by_title] Part tag updated [4288287028, restock-goocanister-625-1,  -> sci.gooPod]
[MET:0][INFO] [tag_parts_by_title] Part tag updated [4288870512, HeatShield0,  -> thermal.heatShield]
[MET:0][INFO] [tag_parts_by_title] Part tag updated [4292255742, ShroudedDecoupler,  -> decoupler]
[MET:0][INFO] [tag_parts_by_title] Part tag updated [4282634492, proceduralTankLiquid,  -> tank.procedural.lfo]
[MET:0][INFO] [tag_parts_by_title] Part tag updated [4283598224, restock-engine-125-pug,  -> engine.lfo]
[MET:0][INFO] [tag_parts_by_title] Part tag updated [4283594080, ShroudedDecoupler,  -> decoupler]
[MET:0][INFO] [tag_parts_by_title] Part tag updated [4283561840, proceduralTankLiquid,  -> tank.procedural.lfo]
[MET:0][INFO] [tag_parts_by_title] Part tag updated [4291972698, proceduralTankLiquid,  -> tank.procedural.lfo]
[MET:0][INFO] [tag_parts_by_title] Part tag updated [4283589278, proceduralTankLiquid,  -> tank.procedural.lfo]
[MET:0][INFO] [tag_parts_by_title] Part tag updated [4283562846, liquidEngine2,  -> engine.lfo]
[MET:0][INFO] [tag_parts_by_title] Part tag updated [4283513424, AM.MLP.SmallLaunchStand,  -> launch.stand]
[MET:0][INFO] [tag_parts_by_title] Part tag updated [4292979830, sensorThermometer,  -> sci.thermometer]
[MET:0][INFO] [tag_parts_by_title] Part tag updated [4283834162, sensorBarometer,  -> sci.barometer]
[MET:0][INFO] [tag_parts_by_title] Part tag updated [4292981674, SurfAntenna,  -> comm.omni]
[MET:0][INFO] [tag_parts_by_title] Part tag updated [4292984928, solarPanels5,  -> power.solar.fixed]
[MET:0][INFO] [tag_parts_by_title] Part tag updated [4292983564, solarPanels5,  -> power.solar.fixed]
[MET:0][INFO] [tag_parts_by_title] Part tag updated [4292983510, solarPanels5,  -> power.solar.fixed]
[MET:0][INFO] [tag_parts_by_title] Part tag updated [4292983456, solarPanels5,  -> power.solar.fixed]
[MET:0][INFO] [tag_parts_by_title] Tagging completed, writing updates to tag_ref
[MET:0][INFO] KSCLog re-initialized
[MET:0][INFO] localLog initialized
[MET:0][INFO] [lib_tag.ks] Loading library
[MET:0][INFO] [tag_parts_by_title] Part tag updated [4288282086, probeCoreOcto.v2,  -> command.drone.core]
[MET:0][INFO] [tag_parts_by_title] Part tag updated [4284709484, batteryBankMini,  -> power.battery]
[MET:0][INFO] [tag_parts_by_title] Part tag updated [4291962262, parachuteSingle,  -> chute.cone]
[MET:0][INFO] [tag_parts_by_title] Part tag updated [4283545728, sasModule,  -> control.rw]
[MET:0][INFO] [tag_parts_by_title] Part tag updated [4291675328, KR-2042,  -> control.kos.cpu]
[MET:0][INFO] [tag_parts_by_title] Part tag updated [4288287028, restock-goocanister-625-1,  -> sci.gooPod]
[MET:0][INFO] [tag_parts_by_title] Part tag updated [4288870512, HeatShield0,  -> thermal.heatShield]
[MET:0][INFO] [tag_parts_by_title] Part tag updated [4292255742, ShroudedDecoupler,  -> decoupler]
[MET:0][INFO] [tag_parts_by_title] Part tag updated [4282634492, proceduralTankLiquid,  -> tank.procedural.lfo]
[MET:0][INFO] [tag_parts_by_title] Part tag updated [4283598224, restock-engine-125-pug,  -> engine.lfo]
[MET:0][INFO] [tag_parts_by_title] Part tag updated [4283594080, ShroudedDecoupler,  -> decoupler]
[MET:0][INFO] [tag_parts_by_title] Part tag updated [4283561840, proceduralTankLiquid,  -> tank.procedural.lfo]
[MET:0][INFO] [tag_parts_by_title] Part tag updated [4291972698, proceduralTankLiquid,  -> tank.procedural.lfo]
[MET:0][INFO] [tag_parts_by_title] Part tag updated [4283589278, proceduralTankLiquid,  -> tank.procedural.lfo]
[MET:0][INFO] [tag_parts_by_title] Part tag updated [4283562846, liquidEngine2,  -> engine.lfo]
[MET:0][INFO] [tag_parts_by_title] Part tag updated [4283513424, AM.MLP.SmallLaunchStand,  -> launch.stand]
[MET:0][INFO] [tag_parts_by_title] Part tag updated [4292979830, sensorThermometer,  -> sci.thermometer]
[MET:0][INFO] [tag_parts_by_title] Part tag updated [4283834162, sensorBarometer,  -> sci.barometer]
[MET:0][INFO] [tag_parts_by_title] Part tag updated [4292981674, SurfAntenna,  -> comm.omni]
[MET:0][INFO] [tag_parts_by_title] Part tag updated [4292984928, solarPanels5,  -> power.solar.fixed]
[MET:0][INFO] [tag_parts_by_title] Part tag updated [4292983564, solarPanels5,  -> power.solar.fixed]
[MET:0][INFO] [tag_parts_by_title] Part tag updated [4292983510, solarPanels5,  -> power.solar.fixed]
[MET:0][INFO] [tag_parts_by_title] Part tag updated [4292983456, solarPanels5,  -> power.solar.fixed]
[MET:0][INFO] [tag_parts_by_title] Tagging completed, writing updates to tag_ref
[MET:0][INFO] KSCLog re-initialized
[MET:0][INFO] localLog initialized
[MET:0][INFO] [lib_tag.ks] Loading library
[MET:0][INFO] [tag_parts_by_title] Part tag updated [4288282086, probeCoreOcto.v2,  -> command.drone.core]
[MET:0][INFO] [tag_parts_by_title] Part tag updated [4284709484, batteryBankMini,  -> power.battery]
[MET:0][INFO] [tag_parts_by_title] Part tag updated [4291962262, parachuteSingle,  -> chute.cone]
[MET:0][INFO] [tag_parts_by_title] Part tag updated [4283545728, sasModule,  -> control.rw]
[MET:0][INFO] [tag_parts_by_title] Part tag updated [4291675328, KR-2042,  -> control.kos.cpu]
[MET:0][INFO] [tag_parts_by_title] Part tag updated [4288287028, restock-goocanister-625-1,  -> sci.gooPod]
[MET:0][INFO] [tag_parts_by_title] Part tag updated [4288870512, HeatShield0,  -> thermal.heatShield]
[MET:0][INFO] [tag_parts_by_title] Part tag updated [4292255742, ShroudedDecoupler,  -> decoupler]
[MET:0][INFO] [tag_parts_by_title] Part tag updated [4282634492, proceduralTankLiquid,  -> tank.procedural.lfo]
[MET:0][INFO] [tag_parts_by_title] Part tag updated [4283598224, restock-engine-125-pug,  -> engine.lfo]
[MET:0][INFO] [tag_parts_by_title] Part tag updated [4283594080, ShroudedDecoupler,  -> decoupler]
[MET:0][INFO] [tag_parts_by_title] Part tag updated [4283561840, proceduralTankLiquid,  -> tank.procedural.lfo]
[MET:0][INFO] [tag_parts_by_title] Part tag updated [4291972698, proceduralTankLiquid,  -> tank.procedural.lfo]
[MET:0][INFO] [tag_parts_by_title] Part tag updated [4283589278, proceduralTankLiquid,  -> tank.procedural.lfo]
[MET:0][INFO] [tag_parts_by_title] Part tag updated [4283562846, liquidEngine2,  -> engine.lfo]
[MET:0][INFO] [tag_parts_by_title] Part tag updated [4283513424, AM.MLP.SmallLaunchStand,  -> launch.stand]
[MET:0][INFO] [tag_parts_by_title] Part tag updated [4292979830, sensorThermometer,  -> sci.thermometer]
[MET:0][INFO] [tag_parts_by_title] Part tag updated [4283834162, sensorBarometer,  -> sci.barometer]
[MET:0][INFO] [tag_parts_by_title] Part tag updated [4292981674, SurfAntenna,  -> comm.omni]
[MET:0][INFO] [tag_parts_by_title] Part tag updated [4292984928, solarPanels5,  -> power.solar.fixed]
[MET:0][INFO] [tag_parts_by_title] Part tag updated [4292983564, solarPanels5,  -> power.solar.fixed]
[MET:0][INFO] [tag_parts_by_title] Part tag updated [4292983510, solarPanels5,  -> power.solar.fixed]
[MET:0][INFO] [tag_parts_by_title] Part tag updated [4292983456, solarPanels5,  -> power.solar.fixed]
[MET:0][INFO] [tag_parts_by_title] Tagging completed, writing updates to tag_ref
[MET:0][INFO] KSCLog re-initialized
[MET:0][INFO] localLog initialized
[MET:0][INFO] [lib_tag.ks] Loading library
[MET:0][INFO] [tag_parts_by_title] Part tag updated [4288282086, probeCoreOcto.v2,  -> command.drone.core]
[MET:0][INFO] [tag_parts_by_title] Part tag updated [4284709484, batteryBankMini,  -> power.battery]
[MET:0][INFO] [tag_parts_by_title] Part tag updated [4291962262, parachuteSingle,  -> chute.cone]
[MET:0][INFO] [tag_parts_by_title] Part tag updated [4283545728, sasModule,  -> control.rw]
[MET:0][INFO] [tag_parts_by_title] Part tag updated [4292981674, SurfAntenna,  -> comm.omni]
[MET:0][INFO] [tag_parts_by_title] Part tag updated [4291028906, batteryBankMini,  -> power.battery]
[MET:0][INFO] [tag_parts_by_title] Part tag updated [4291675328, KR-2042,  -> control.kos.cpu]
[MET:0][INFO] [tag_parts_by_title] Part tag updated [4288287028, restock-goocanister-625-1,  -> sci.gooPod]
[MET:0][INFO] [tag_parts_by_title] Part tag updated [4288870512, HeatShield0,  -> thermal.heatShield]
[MET:0][INFO] [tag_parts_by_title] Part tag updated [4292255742, ShroudedDecoupler,  -> decoupler]
[MET:0][INFO] [tag_parts_by_title] Part tag updated [4282634492, proceduralTankLiquid,  -> tank.procedural.lfo]
[MET:0][INFO] [tag_parts_by_title] Part tag updated [4283598224, restock-engine-125-pug,  -> engine.lfo]
[MET:0][INFO] [tag_parts_by_title] Part tag updated [4283594080, ShroudedDecoupler,  -> decoupler]
[MET:0][INFO] [tag_parts_by_title] Part tag updated [4283561840, proceduralTankLiquid,  -> tank.procedural.lfo]
[MET:0][INFO] [tag_parts_by_title] Part tag updated [4291972698, proceduralTankLiquid,  -> tank.procedural.lfo]
[MET:0][INFO] [tag_parts_by_title] Part tag updated [4283589278, proceduralTankLiquid,  -> tank.procedural.lfo]
[MET:0][INFO] [tag_parts_by_title] Part tag updated [4283562846, liquidEngine2,  -> engine.lfo]
[MET:0][INFO] [tag_parts_by_title] Part tag updated [4283513424, AM.MLP.SmallLaunchStand,  -> launch.stand]
[MET:0][INFO] [tag_parts_by_title] Part tag updated [4292979830, sensorThermometer,  -> sci.thermometer]
[MET:0][INFO] [tag_parts_by_title] Part tag updated [4283834162, sensorBarometer,  -> sci.barometer]
[MET:0][INFO] [tag_parts_by_title] Part tag updated [4292984928, solarPanels5,  -> power.solar.fixed]
[MET:0][INFO] [tag_parts_by_title] Part tag updated [4292983564, solarPanels5,  -> power.solar.fixed]
[MET:0][INFO] [tag_parts_by_title] Part tag updated [4292983510, solarPanels5,  -> power.solar.fixed]
[MET:0][INFO] [tag_parts_by_title] Part tag updated [4292983456, solarPanels5,  -> power.solar.fixed]
[MET:0][INFO] [tag_parts_by_title] Tagging completed, writing updates to tag_ref
[MET:0][INFO] KSCLog re-initialized
[MET:0][INFO] localLog initialized
[MET:0][INFO] [lib_tag.ks] Loading library
[MET:0][INFO] [tag_parts_by_title] Part tag updated [4288282086, probeCoreOcto.v2 (Thor 3),  -> command.drone.core]
[MET:0][INFO] [tag_parts_by_title] Part tag updated [4284709484, batteryBankMini,  -> power.battery]
[MET:0][INFO] [tag_parts_by_title] Part tag updated [4291962262, parachuteSingle,  -> chute.cone]
[MET:0][INFO] [tag_parts_by_title] Part tag updated [4283545728, sasModule,  -> control.rw]
[MET:0][INFO] [tag_parts_by_title] Part tag updated [4292981674, SurfAntenna,  -> comm.omni]
[MET:0][INFO] [tag_parts_by_title] Part tag updated [4291028906, batteryBankMini,  -> power.battery]
[MET:0][INFO] [tag_parts_by_title] Part tag updated [4291675328, KR-2042,  -> control.kos.cpu]
[MET:0][INFO] [tag_parts_by_title] Part tag updated [4288287028, restock-goocanister-625-1,  -> sci.gooPod]
[MET:0][INFO] [tag_parts_by_title] Part tag updated [4288870512, HeatShield0,  -> thermal.heatShield]
[MET:0][INFO] [tag_parts_by_title] Part tag updated [4292255742, ShroudedDecoupler,  -> decoupler]
[MET:0][INFO] [tag_parts_by_title] Part tag updated [4282634492, proceduralTankLiquid,  -> tank.procedural.lfo]
[MET:0][INFO] [tag_parts_by_title] Part tag updated [4283598224, restock-engine-125-pug,  -> engine.lfo]
[MET:0][INFO] [tag_parts_by_title] Part tag updated [4283594080, ShroudedDecoupler,  -> decoupler]
[MET:0][INFO] [tag_parts_by_title] Part tag updated [4283561840, proceduralTankLiquid,  -> tank.procedural.lfo]
[MET:0][INFO] [tag_parts_by_title] Part tag updated [4291972698, proceduralTankLiquid,  -> tank.procedural.lfo]
[MET:0][INFO] [tag_parts_by_title] Part tag updated [4283589278, proceduralTankLiquid,  -> tank.procedural.lfo]
[MET:0][INFO] [tag_parts_by_title] Part tag updated [4283562846, liquidEngine2,  -> engine.lfo]
[MET:0][INFO] [tag_parts_by_title] Part tag updated [4283513424, AM.MLP.SmallLaunchStand,  -> launch.stand]
[MET:0][INFO] [tag_parts_by_title] Part tag updated [4292979830, sensorThermometer,  -> sci.thermometer]
[MET:0][INFO] [tag_parts_by_title] Part tag updated [4283834162, sensorBarometer,  -> sci.barometer]
[MET:0][INFO] [tag_parts_by_title] Part tag updated [4292984928, solarPanels5,  -> power.solar.fixed]
[MET:0][INFO] [tag_parts_by_title] Part tag updated [4292983564, solarPanels5,  -> power.solar.fixed]
[MET:0][INFO] [tag_parts_by_title] Part tag updated [4292983510, solarPanels5,  -> power.solar.fixed]
[MET:0][INFO] [tag_parts_by_title] Part tag updated [4292983456, solarPanels5,  -> power.solar.fixed]
[MET:0][INFO] [tag_parts_by_title] Tagging completed, writing updates to tag_ref
[MET:0][INFO] KSCLog re-initialized
[MET:0][INFO] localLog initialized
[MET:0][INFO] [lib_tag.ks] Loading library
[MET:0][INFO] [tag_parts_by_title] Part tag updated [4288282086, probeCoreOcto.v2 (Thor 3),  -> command.drone.core]
[MET:0][INFO] [tag_parts_by_title] Part tag updated [4284709484, batteryBankMini,  -> power.battery]
[MET:0][INFO] [tag_parts_by_title] Part tag updated [4291962262, parachuteSingle,  -> chute.cone]
[MET:0][INFO] [tag_parts_by_title] Part tag updated [4283545728, sasModule,  -> control.rw]
[MET:0][INFO] [tag_parts_by_title] Part tag updated [4292981674, SurfAntenna,  -> comm.omni]
[MET:0][INFO] [tag_parts_by_title] Part tag updated [4291028906, batteryBankMini,  -> power.battery]
[MET:0][INFO] [tag_parts_by_title] Part tag updated [4291675328, KR-2042,  -> control.kos.cpu]
[MET:0][INFO] [tag_parts_by_title] Part tag updated [4288287028, restock-goocanister-625-1,  -> sci.gooPod]
[MET:0][INFO] [tag_parts_by_title] Part tag updated [4288870512, HeatShield0,  -> thermal.heatShield]
[MET:0][INFO] [tag_parts_by_title] Part tag updated [4292255742, ShroudedDecoupler,  -> decoupler]
[MET:0][INFO] [tag_parts_by_title] Part tag updated [4282634492, proceduralTankLiquid,  -> tank.procedural.lfo]
[MET:0][INFO] [tag_parts_by_title] Part tag updated [4283598224, restock-engine-125-pug,  -> engine.lfo]
[MET:0][INFO] [tag_parts_by_title] Part tag updated [4283594080, ShroudedDecoupler,  -> decoupler]
[MET:0][INFO] [tag_parts_by_title] Part tag updated [4283561840, proceduralTankLiquid,  -> tank.procedural.lfo]
[MET:0][INFO] [tag_parts_by_title] Part tag updated [4291972698, proceduralTankLiquid,  -> tank.procedural.lfo]
[MET:0][INFO] [tag_parts_by_title] Part tag updated [4283589278, proceduralTankLiquid,  -> tank.procedural.lfo]
[MET:0][INFO] [tag_parts_by_title] Part tag updated [4283562846, liquidEngine2,  -> engine.lfo]
[MET:0][INFO] [tag_parts_by_title] Part tag updated [4283513424, AM.MLP.SmallLaunchStand,  -> launch.stand]
[MET:0][INFO] [tag_parts_by_title] Part tag updated [4292979830, sensorThermometer,  -> sci.thermometer]
[MET:0][INFO] [tag_parts_by_title] Part tag updated [4283834162, sensorBarometer,  -> sci.barometer]
[MET:0][INFO] [tag_parts_by_title] Part tag updated [4292984928, solarPanels5,  -> power.solar.fixed]
[MET:0][INFO] [tag_parts_by_title] Part tag updated [4292983564, solarPanels5,  -> power.solar.fixed]
[MET:0][INFO] [tag_parts_by_title] Part tag updated [4292983510, solarPanels5,  -> power.solar.fixed]
[MET:0][INFO] [tag_parts_by_title] Part tag updated [4292983456, solarPanels5,  -> power.solar.fixed]
[MET:0][INFO] [tag_parts_by_title] Tagging completed, writing updates to tag_ref
[MET:0][INFO] KSCLog re-initialized
[MET:0][INFO] localLog initialized
[MET:0][INFO] [lib_tag.ks] Loading library
[MET:0][INFO] [tag_parts_by_title] Part tag updated [4288282086, probeCoreOcto.v2 (Thor 3),  -> command.drone.core]
[MET:0][INFO] [tag_parts_by_title] Part tag updated [4284709484, batteryBankMini,  -> power.battery]
[MET:0][INFO] [tag_parts_by_title] Part tag updated [4291962262, parachuteSingle,  -> chute.cone]
[MET:0][INFO] [tag_parts_by_title] Part tag updated [4283545728, sasModule,  -> control.rw]
[MET:0][INFO] [tag_parts_by_title] Part tag updated [4292981674, SurfAntenna,  -> comm.omni]
[MET:0][INFO] [tag_parts_by_title] Part tag updated [4291028906, batteryBankMini,  -> power.battery]
[MET:0][INFO] [tag_parts_by_title] Part tag updated [4291675328, KR-2042,  -> control.kos.cpu]
[MET:0][INFO] [tag_parts_by_title] Part tag updated [4288287028, restock-goocanister-625-1,  -> sci.gooPod]
[MET:0][INFO] [tag_parts_by_title] Part tag updated [4288870512, HeatShield0,  -> thermal.heatShield]
[MET:0][INFO] [tag_parts_by_title] Part tag updated [4292255742, ShroudedDecoupler,  -> decoupler]
[MET:0][INFO] [tag_parts_by_title] Part tag updated [4282634492, proceduralTankLiquid,  -> tank.procedural.lfo]
[MET:0][INFO] [tag_parts_by_title] Part tag updated [4283598224, restock-engine-125-pug,  -> engine.lfo]
[MET:0][INFO] [tag_parts_by_title] Part tag updated [4283594080, ShroudedDecoupler,  -> decoupler]
[MET:0][INFO] [tag_parts_by_title] Part tag updated [4283561840, proceduralTankLiquid,  -> tank.procedural.lfo]
[MET:0][INFO] [tag_parts_by_title] Part tag updated [4291972698, proceduralTankLiquid,  -> tank.procedural.lfo]
[MET:0][INFO] [tag_parts_by_title] Part tag updated [4283589278, proceduralTankLiquid,  -> tank.procedural.lfo]
[MET:0][INFO] [tag_parts_by_title] Part tag updated [4283562846, liquidEngine2,  -> engine.lfo]
[MET:0][INFO] [tag_parts_by_title] Part tag updated [4283513424, AM.MLP.SmallLaunchStand,  -> launch.stand]
[MET:0][INFO] [tag_parts_by_title] Part tag updated [4292979830, sensorThermometer,  -> sci.thermometer]
[MET:0][INFO] [tag_parts_by_title] Part tag updated [4283834162, sensorBarometer,  -> sci.barometer]
[MET:0][INFO] [tag_parts_by_title] Part tag updated [4292984928, solarPanels5,  -> power.solar.fixed]
[MET:0][INFO] [tag_parts_by_title] Part tag updated [4292983564, solarPanels5,  -> power.solar.fixed]
[MET:0][INFO] [tag_parts_by_title] Part tag updated [4292983510, solarPanels5,  -> power.solar.fixed]
[MET:0][INFO] [tag_parts_by_title] Part tag updated [4292983456, solarPanels5,  -> power.solar.fixed]
[MET:0][INFO] [tag_parts_by_title] Tagging completed, writing updates to tag_ref
[MET:0][INFO] KSCLog re-initialized
[MET:0][INFO] localLog initialized
[MET:0][INFO] [lib_tag.ks] Loading library
[MET:0][INFO] [tag_parts_by_title] Part tag updated [4288282086, probeCoreOcto.v2 (Thor 3),  -> command.drone.core]
[MET:0][INFO] [tag_parts_by_title] Part tag updated [4284709484, batteryBankMini,  -> power.battery]
[MET:0][INFO] [tag_parts_by_title] Part tag updated [4291962262, parachuteSingle,  -> chute.cone]
[MET:0][INFO] [tag_parts_by_title] Part tag updated [4283545728, sasModule,  -> control.rw]
[MET:0][INFO] [tag_parts_by_title] Part tag updated [4292981674, SurfAntenna,  -> comm.omni]
[MET:0][INFO] [tag_parts_by_title] Part tag updated [4291028906, batteryBankMini,  -> power.battery]
[MET:0][INFO] [tag_parts_by_title] Part tag updated [4291675328, KR-2042,  -> control.kos.cpu]
[MET:0][INFO] [tag_parts_by_title] Part tag updated [4288287028, restock-goocanister-625-1,  -> sci.gooPod]
[MET:0][INFO] [tag_parts_by_title] Part tag updated [4288870512, HeatShield0,  -> thermal.heatShield]
[MET:0][INFO] [tag_parts_by_title] Part tag updated [4292255742, ShroudedDecoupler,  -> decoupler]
[MET:0][INFO] [tag_parts_by_title] Part tag updated [4282634492, proceduralTankLiquid,  -> tank.procedural.lfo]
[MET:0][INFO] [tag_parts_by_title] Part tag updated [4283598224, restock-engine-125-pug,  -> engine.lfo]
[MET:0][INFO] [tag_parts_by_title] Part tag updated [4283594080, ShroudedDecoupler,  -> decoupler]
[MET:0][INFO] [tag_parts_by_title] Part tag updated [4283561840, proceduralTankLiquid,  -> tank.procedural.lfo]
[MET:0][INFO] [tag_parts_by_title] Part tag updated [4291972698, proceduralTankLiquid,  -> tank.procedural.lfo]
[MET:0][INFO] [tag_parts_by_title] Part tag updated [4283589278, proceduralTankLiquid,  -> tank.procedural.lfo]
[MET:0][INFO] [tag_parts_by_title] Part tag updated [4283562846, liquidEngine2,  -> engine.lfo]
[MET:0][INFO] [tag_parts_by_title] Part tag updated [4283513424, AM.MLP.SmallLaunchStand,  -> launch.stand]
[MET:0][INFO] [tag_parts_by_title] Part tag updated [4292979830, sensorThermometer,  -> sci.thermometer]
[MET:0][INFO] [tag_parts_by_title] Part tag updated [4283834162, sensorBarometer,  -> sci.barometer]
[MET:0][INFO] [tag_parts_by_title] Part tag updated [4292984928, solarPanels5,  -> power.solar.fixed]
[MET:0][INFO] [tag_parts_by_title] Part tag updated [4292983564, solarPanels5,  -> power.solar.fixed]
[MET:0][INFO] [tag_parts_by_title] Part tag updated [4292983510, solarPanels5,  -> power.solar.fixed]
[MET:0][INFO] [tag_parts_by_title] Part tag updated [4292983456, solarPanels5,  -> power.solar.fixed]
[MET:0][INFO] [tag_parts_by_title] Tagging completed, writing updates to tag_ref
[MET:0][INFO] KSCLog re-initialized
[MET:0][INFO] localLog initialized
[MET:0][INFO] [lib_tag.ks] Loading library
[MET:0][INFO] [tag_parts_by_title] Part tag updated [4288282086, probeCoreOcto.v2 (Thor 3),  -> command.drone.core]
[MET:0][INFO] [tag_parts_by_title] Part tag updated [4284709484, batteryBankMini,  -> power.battery]
[MET:0][INFO] [tag_parts_by_title] Part tag updated [4291962262, parachuteSingle,  -> chute.cone]
[MET:0][INFO] [tag_parts_by_title] Part tag updated [4283545728, sasModule,  -> control.rw]
[MET:0][INFO] [tag_parts_by_title] Part tag updated [4292981674, SurfAntenna,  -> comm.omni]
[MET:0][INFO] [tag_parts_by_title] Part tag updated [4291028906, batteryBankMini,  -> power.battery]
[MET:0][INFO] [tag_parts_by_title] Part tag updated [4291675328, KR-2042,  -> control.kos.cpu]
[MET:0][INFO] [tag_parts_by_title] Part tag updated [4288287028, restock-goocanister-625-1,  -> sci.gooPod]
[MET:0][INFO] [tag_parts_by_title] Part tag updated [4288870512, HeatShield0,  -> thermal.heatShield]
[MET:0][INFO] [tag_parts_by_title] Part tag updated [4292255742, ShroudedDecoupler,  -> decoupler]
[MET:0][INFO] [tag_parts_by_title] Part tag updated [4282634492, proceduralTankLiquid,  -> tank.procedural.lfo]
[MET:0][INFO] [tag_parts_by_title] Part tag updated [4283598224, restock-engine-125-pug,  -> engine.lfo]
[MET:0][INFO] [tag_parts_by_title] Part tag updated [4283594080, ShroudedDecoupler,  -> decoupler]
[MET:0][INFO] [tag_parts_by_title] Part tag updated [4283561840, proceduralTankLiquid,  -> tank.procedural.lfo]
[MET:0][INFO] [tag_parts_by_title] Part tag updated [4291972698, proceduralTankLiquid,  -> tank.procedural.lfo]
[MET:0][INFO] [tag_parts_by_title] Part tag updated [4283589278, proceduralTankLiquid,  -> tank.procedural.lfo]
[MET:0][INFO] [tag_parts_by_title] Part tag updated [4283562846, liquidEngine2,  -> engine.lfo]
[MET:0][INFO] [tag_parts_by_title] Part tag updated [4283513424, AM.MLP.SmallLaunchStand,  -> launch.stand]
[MET:0][INFO] [tag_parts_by_title] Part tag updated [4292979830, sensorThermometer,  -> sci.thermometer]
[MET:0][INFO] [tag_parts_by_title] Part tag updated [4283834162, sensorBarometer,  -> sci.barometer]
[MET:0][INFO] [tag_parts_by_title] Part tag updated [4292984928, solarPanels5,  -> power.solar.fixed]
[MET:0][INFO] [tag_parts_by_title] Part tag updated [4292983564, solarPanels5,  -> power.solar.fixed]
[MET:0][INFO] [tag_parts_by_title] Part tag updated [4292983510, solarPanels5,  -> power.solar.fixed]
[MET:0][INFO] [tag_parts_by_title] Part tag updated [4292983456, solarPanels5,  -> power.solar.fixed]
[MET:0][INFO] [tag_parts_by_title] Tagging completed, writing updates to tag_ref
[MET:0][INFO] KSCLog re-initialized
[MET:0][INFO] localLog initialized
[MET:0][INFO] [lib_tag.ks] Loading library
[MET:0][INFO] [tag_parts_by_title] Part tag updated [4288282086, probeCoreOcto.v2 (Thor 3),  -> command.drone.core]
[MET:0][INFO] [tag_parts_by_title] Part tag updated [4284709484, batteryBankMini,  -> power.battery]
[MET:0][INFO] [tag_parts_by_title] Part tag updated [4291962262, parachuteSingle,  -> chute.cone]
[MET:0][INFO] [tag_parts_by_title] Part tag updated [4283545728, sasModule,  -> control.rw]
[MET:0][INFO] [tag_parts_by_title] Part tag updated [4292981674, SurfAntenna,  -> comm.omni]
[MET:0][INFO] [tag_parts_by_title] Part tag updated [4291028906, batteryBankMini,  -> power.battery]
[MET:0][INFO] [tag_parts_by_title] Part tag updated [4291675328, KR-2042,  -> control.kos.cpu]
[MET:0][INFO] [tag_parts_by_title] Part tag updated [4288287028, restock-goocanister-625-1,  -> sci.gooPod]
[MET:0][INFO] [tag_parts_by_title] Part tag updated [4288870512, HeatShield0,  -> thermal.heatShield]
[MET:0][INFO] [tag_parts_by_title] Part tag updated [4292255742, ShroudedDecoupler,  -> decoupler]
[MET:0][INFO] [tag_parts_by_title] Part tag updated [4282634492, proceduralTankLiquid,  -> tank.procedural.lfo]
[MET:0][INFO] [tag_parts_by_title] Part tag updated [4283598224, restock-engine-125-pug,  -> engine.lfo]
[MET:0][INFO] [tag_parts_by_title] Part tag updated [4283594080, ShroudedDecoupler,  -> decoupler]
[MET:0][INFO] [tag_parts_by_title] Part tag updated [4283561840, proceduralTankLiquid,  -> tank.procedural.lfo]
[MET:0][INFO] [tag_parts_by_title] Part tag updated [4291972698, proceduralTankLiquid,  -> tank.procedural.lfo]
[MET:0][INFO] [tag_parts_by_title] Part tag updated [4283589278, proceduralTankLiquid,  -> tank.procedural.lfo]
[MET:0][INFO] [tag_parts_by_title] Part tag updated [4283562846, liquidEngine2,  -> engine.lfo]
[MET:0][INFO] [tag_parts_by_title] Part tag updated [4283513424, AM.MLP.SmallLaunchStand,  -> launch.stand]
[MET:0][INFO] [tag_parts_by_title] Part tag updated [4292979830, sensorThermometer,  -> sci.thermometer]
[MET:0][INFO] [tag_parts_by_title] Part tag updated [4283834162, sensorBarometer,  -> sci.barometer]
[MET:0][INFO] [tag_parts_by_title] Part tag updated [4292984928, solarPanels5,  -> power.solar.fixed]
[MET:0][INFO] [tag_parts_by_title] Part tag updated [4292983564, solarPanels5,  -> power.solar.fixed]
[MET:0][INFO] [tag_parts_by_title] Part tag updated [4292983510, solarPanels5,  -> power.solar.fixed]
[MET:0][INFO] [tag_parts_by_title] Part tag updated [4292983456, solarPanels5,  -> power.solar.fixed]
[MET:0][INFO] [tag_parts_by_title] Tagging completed, writing updates to tag_ref
[MET:0][INFO] KSCLog re-initialized
[MET:0][INFO] localLog initialized
[MET:0][INFO] [lib_tag.ks] Loading library
[MET:0][INFO] [tag_parts_by_title] Part tag updated [4288282086, probeCoreOcto.v2 (Thor 3),  -> command.drone.core]
[MET:0][INFO] [tag_parts_by_title] Part tag updated [4284709484, batteryBankMini,  -> power.battery]
[MET:0][INFO] [tag_parts_by_title] Part tag updated [4291962262, parachuteSingle,  -> chute.cone]
[MET:0][INFO] [tag_parts_by_title] Part tag updated [4283545728, sasModule,  -> control.rw]
[MET:0][INFO] [tag_parts_by_title] Part tag updated [4292981674, SurfAntenna,  -> comm.omni]
[MET:0][INFO] [tag_parts_by_title] Part tag updated [4291028906, batteryBankMini,  -> power.battery]
[MET:0][INFO] [tag_parts_by_title] Part tag updated [4291675328, KR-2042,  -> control.kos.cpu]
[MET:0][INFO] [tag_parts_by_title] Part tag updated [4288287028, restock-goocanister-625-1,  -> sci.gooPod]
[MET:0][INFO] [tag_parts_by_title] Part tag updated [4288870512, HeatShield0,  -> thermal.heatShield]
[MET:0][INFO] [tag_parts_by_title] Part tag updated [4292255742, ShroudedDecoupler,  -> decoupler]
[MET:0][INFO] [tag_parts_by_title] Part tag updated [4282634492, proceduralTankLiquid,  -> tank.procedural.lfo]
[MET:0][INFO] [tag_parts_by_title] Part tag updated [4283598224, restock-engine-125-pug,  -> engine.lfo]
[MET:0][INFO] [tag_parts_by_title] Part tag updated [4283594080, ShroudedDecoupler,  -> decoupler]
[MET:0][INFO] [tag_parts_by_title] Part tag updated [4283561840, proceduralTankLiquid,  -> tank.procedural.lfo]
[MET:0][INFO] [tag_parts_by_title] Part tag updated [4291972698, proceduralTankLiquid,  -> tank.procedural.lfo]
[MET:0][INFO] [tag_parts_by_title] Part tag updated [4283589278, proceduralTankLiquid,  -> tank.procedural.lfo]
[MET:0][INFO] [tag_parts_by_title] Part tag updated [4283562846, liquidEngine2,  -> engine.lfo]
[MET:0][INFO] [tag_parts_by_title] Part tag updated [4283513424, AM.MLP.SmallLaunchStand,  -> launch.stand]
[MET:0][INFO] [tag_parts_by_title] Part tag updated [4292979830, sensorThermometer,  -> sci.thermometer]
[MET:0][INFO] [tag_parts_by_title] Part tag updated [4283834162, sensorBarometer,  -> sci.barometer]
[MET:0][INFO] [tag_parts_by_title] Part tag updated [4292984928, solarPanels5,  -> power.solar.fixed]
[MET:0][INFO] [tag_parts_by_title] Part tag updated [4292983564, solarPanels5,  -> power.solar.fixed]
[MET:0][INFO] [tag_parts_by_title] Part tag updated [4292983510, solarPanels5,  -> power.solar.fixed]
[MET:0][INFO] [tag_parts_by_title] Part tag updated [4292983456, solarPanels5,  -> power.solar.fixed]
[MET:0][INFO] [tag_parts_by_title] Tagging completed, writing updates to tag_ref
[MET:0][INFO] KSCLog re-initialized
[MET:0][INFO] localLog initialized
[MET:0][INFO] [lib_tag.ks] Loading library
[MET:0][INFO] [tag_parts_by_title] Part tag updated [4288282086, probeCoreOcto.v2 (Thor 3),  -> command.drone.core]
[MET:0][INFO] [tag_parts_by_title] Part tag updated [4284709484, batteryBankMini,  -> power.battery]
[MET:0][INFO] [tag_parts_by_title] Part tag updated [4291962262, parachuteSingle,  -> chute.cone]
[MET:0][INFO] [tag_parts_by_title] Part tag updated [4283545728, sasModule,  -> control.rw]
[MET:0][INFO] [tag_parts_by_title] Part tag updated [4292981674, SurfAntenna,  -> comm.omni]
[MET:0][INFO] [tag_parts_by_title] Part tag updated [4291028906, batteryBankMini,  -> power.battery]
[MET:0][INFO] [tag_parts_by_title] Part tag updated [4291675328, KR-2042,  -> control.kos.cpu]
[MET:0][INFO] [tag_parts_by_title] Part tag updated [4288287028, restock-goocanister-625-1,  -> sci.gooPod]
[MET:0][INFO] [tag_parts_by_title] Part tag updated [4288870512, HeatShield0,  -> thermal.heatShield]
[MET:0][INFO] [tag_parts_by_title] Part tag updated [4292255742, ShroudedDecoupler,  -> decoupler]
[MET:0][INFO] [tag_parts_by_title] Part tag updated [4282634492, proceduralTankLiquid,  -> tank.procedural.lfo]
[MET:0][INFO] [tag_parts_by_title] Part tag updated [4283598224, restock-engine-125-pug,  -> engine.lfo]
[MET:0][INFO] [tag_parts_by_title] Part tag updated [4283594080, ShroudedDecoupler,  -> decoupler]
[MET:0][INFO] [tag_parts_by_title] Part tag updated [4283561840, proceduralTankLiquid,  -> tank.procedural.lfo]
[MET:0][INFO] [tag_parts_by_title] Part tag updated [4291972698, proceduralTankLiquid,  -> tank.procedural.lfo]
[MET:0][INFO] [tag_parts_by_title] Part tag updated [4283589278, proceduralTankLiquid,  -> tank.procedural.lfo]
[MET:0][INFO] [tag_parts_by_title] Part tag updated [4283562846, liquidEngine2,  -> engine.lfo]
[MET:0][INFO] [tag_parts_by_title] Part tag updated [4283513424, AM.MLP.SmallLaunchStand,  -> launch.stand]
[MET:0][INFO] [tag_parts_by_title] Part tag updated [4292979830, sensorThermometer,  -> sci.thermometer]
[MET:0][INFO] [tag_parts_by_title] Part tag updated [4283834162, sensorBarometer,  -> sci.barometer]
[MET:0][INFO] [tag_parts_by_title] Part tag updated [4292984928, solarPanels5,  -> power.solar.fixed]
[MET:0][INFO] [tag_parts_by_title] Part tag updated [4292983564, solarPanels5,  -> power.solar.fixed]
[MET:0][INFO] [tag_parts_by_title] Part tag updated [4292983510, solarPanels5,  -> power.solar.fixed]
[MET:0][INFO] [tag_parts_by_title] Part tag updated [4292983456, solarPanels5,  -> power.solar.fixed]
[MET:0][INFO] [tag_parts_by_title] Tagging completed, writing updates to tag_ref
[MET:0][INFO] KSCLog re-initialized
[MET:0][INFO] localLog initialized
[MET:0][INFO] [lib_tag.ks] Loading library
[MET:0][INFO] [tag_parts_by_title] Part tag updated [4288282086, probeCoreOcto.v2 (Thor 3),  -> command.drone.core]
[MET:0][INFO] [tag_parts_by_title] Part tag updated [4284709484, batteryBankMini,  -> power.battery]
[MET:0][INFO] [tag_parts_by_title] Part tag updated [4291962262, parachuteSingle,  -> chute.cone]
[MET:0][INFO] [tag_parts_by_title] Part tag updated [4283545728, sasModule,  -> control.rw]
[MET:0][INFO] [tag_parts_by_title] Part tag updated [4292981674, SurfAntenna,  -> comm.omni]
[MET:0][INFO] [tag_parts_by_title] Part tag updated [4291028906, batteryBankMini,  -> power.battery]
[MET:0][INFO] [tag_parts_by_title] Part tag updated [4291675328, KR-2042,  -> control.kos.cpu]
[MET:0][INFO] [tag_parts_by_title] Part tag updated [4288287028, restock-goocanister-625-1,  -> sci.gooPod]
[MET:0][INFO] [tag_parts_by_title] Part tag updated [4288870512, HeatShield0,  -> thermal.heatShield]
[MET:0][INFO] [tag_parts_by_title] Part tag updated [4292255742, ShroudedDecoupler,  -> decoupler]
[MET:0][INFO] [tag_parts_by_title] Part tag updated [4282634492, proceduralTankLiquid,  -> tank.procedural.lfo]
[MET:0][INFO] [tag_parts_by_title] Part tag updated [4283598224, restock-engine-125-pug,  -> engine.lfo]
[MET:0][INFO] [tag_parts_by_title] Part tag updated [4283594080, ShroudedDecoupler,  -> decoupler]
[MET:0][INFO] [tag_parts_by_title] Part tag updated [4283561840, proceduralTankLiquid,  -> tank.procedural.lfo]
[MET:0][INFO] [tag_parts_by_title] Part tag updated [4291972698, proceduralTankLiquid,  -> tank.procedural.lfo]
[MET:0][INFO] [tag_parts_by_title] Part tag updated [4283589278, proceduralTankLiquid,  -> tank.procedural.lfo]
[MET:0][INFO] [tag_parts_by_title] Part tag updated [4283562846, liquidEngine2,  -> engine.lfo]
[MET:0][INFO] [tag_parts_by_title] Part tag updated [4283513424, AM.MLP.SmallLaunchStand,  -> launch.stand]
[MET:0][INFO] [tag_parts_by_title] Part tag updated [4292979830, sensorThermometer,  -> sci.thermometer]
[MET:0][INFO] [tag_parts_by_title] Part tag updated [4283834162, sensorBarometer,  -> sci.barometer]
[MET:0][INFO] [tag_parts_by_title] Part tag updated [4292984928, solarPanels5,  -> power.solar.fixed]
[MET:0][INFO] [tag_parts_by_title] Part tag updated [4292983564, solarPanels5,  -> power.solar.fixed]
[MET:0][INFO] [tag_parts_by_title] Part tag updated [4292983510, solarPanels5,  -> power.solar.fixed]
[MET:0][INFO] [tag_parts_by_title] Part tag updated [4292983456, solarPanels5,  -> power.solar.fixed]
[MET:0][INFO] [tag_parts_by_title] Tagging completed, writing updates to tag_ref
[MET:0][INFO] KSCLog re-initialized
[MET:0][INFO] localLog initialized
[MET:0][INFO] [lib_tag.ks] Loading library
[MET:0][INFO] [tag_parts_by_title] Part tag updated [4288282086, probeCoreOcto.v2 (Thor 3),  -> command.drone.core]
[MET:0][INFO] [tag_parts_by_title] Part tag updated [4284709484, batteryBankMini,  -> power.battery]
[MET:0][INFO] [tag_parts_by_title] Part tag updated [4291962262, parachuteSingle,  -> chute.cone]
[MET:0][INFO] [tag_parts_by_title] Part tag updated [4283545728, sasModule,  -> control.rw]
[MET:0][INFO] [tag_parts_by_title] Part tag updated [4292981674, SurfAntenna,  -> comm.omni]
[MET:0][INFO] [tag_parts_by_title] Part tag updated [4291028906, batteryBankMini,  -> power.battery]
[MET:0][INFO] [tag_parts_by_title] Part tag updated [4291675328, KR-2042,  -> control.kos.cpu]
[MET:0][INFO] [tag_parts_by_title] Part tag updated [4288287028, restock-goocanister-625-1,  -> sci.gooPod]
[MET:0][INFO] [tag_parts_by_title] Part tag updated [4288870512, HeatShield0,  -> thermal.heatShield]
[MET:0][INFO] [tag_parts_by_title] Part tag updated [4292255742, ShroudedDecoupler,  -> decoupler]
[MET:0][INFO] [tag_parts_by_title] Part tag updated [4282634492, proceduralTankLiquid,  -> tank.procedural.lfo]
[MET:0][INFO] [tag_parts_by_title] Part tag updated [4283598224, restock-engine-125-pug,  -> engine.lfo]
[MET:0][INFO] [tag_parts_by_title] Part tag updated [4283594080, ShroudedDecoupler,  -> decoupler]
[MET:0][INFO] [tag_parts_by_title] Part tag updated [4283561840, proceduralTankLiquid,  -> tank.procedural.lfo]
[MET:0][INFO] [tag_parts_by_title] Part tag updated [4291972698, proceduralTankLiquid,  -> tank.procedural.lfo]
[MET:0][INFO] [tag_parts_by_title] Part tag updated [4283589278, proceduralTankLiquid,  -> tank.procedural.lfo]
[MET:0][INFO] [tag_parts_by_title] Part tag updated [4283562846, liquidEngine2,  -> engine.lfo]
[MET:0][INFO] [tag_parts_by_title] Part tag updated [4283513424, AM.MLP.SmallLaunchStand,  -> launch.stand]
[MET:0][INFO] [tag_parts_by_title] Part tag updated [4292979830, sensorThermometer,  -> sci.thermometer]
[MET:0][INFO] [tag_parts_by_title] Part tag updated [4283834162, sensorBarometer,  -> sci.barometer]
[MET:0][INFO] [tag_parts_by_title] Part tag updated [4292984928, solarPanels5,  -> power.solar.fixed]
[MET:0][INFO] [tag_parts_by_title] Part tag updated [4292983564, solarPanels5,  -> power.solar.fixed]
[MET:0][INFO] [tag_parts_by_title] Part tag updated [4292983510, solarPanels5,  -> power.solar.fixed]
[MET:0][INFO] [tag_parts_by_title] Part tag updated [4292983456, solarPanels5,  -> power.solar.fixed]
[MET:0][INFO] [tag_parts_by_title] Tagging completed, writing updates to tag_ref
[MET:0][INFO] KSCLog re-initialized
[MET:0][INFO] localLog initialized
[MET:0][INFO] [lib_tag.ks] Loading library
[MET:0][INFO] [tag_parts_by_title] Part tag updated [4288282086, probeCoreOcto.v2 (Thor 3),  -> command.drone.core]
[MET:0][INFO] [tag_parts_by_title] Part tag updated [4284709484, batteryBankMini,  -> power.battery]
[MET:0][INFO] [tag_parts_by_title] Part tag updated [4291962262, parachuteSingle,  -> chute.cone]
[MET:0][INFO] [tag_parts_by_title] Part tag updated [4283545728, sasModule,  -> control.rw]
[MET:0][INFO] [tag_parts_by_title] Part tag updated [4292981674, SurfAntenna,  -> comm.omni]
[MET:0][INFO] [tag_parts_by_title] Part tag updated [4291028906, batteryBankMini,  -> power.battery]
[MET:0][INFO] [tag_parts_by_title] Part tag updated [4291675328, KR-2042,  -> control.kos.cpu]
[MET:0][INFO] [tag_parts_by_title] Part tag updated [4288287028, restock-goocanister-625-1,  -> sci.gooPod]
[MET:0][INFO] [tag_parts_by_title] Part tag updated [4288870512, HeatShield0,  -> thermal.heatShield]
[MET:0][INFO] [tag_parts_by_title] Part tag updated [4292255742, ShroudedDecoupler,  -> decoupler]
[MET:0][INFO] [tag_parts_by_title] Part tag updated [4282634492, proceduralTankLiquid,  -> tank.procedural.lfo]
[MET:0][INFO] [tag_parts_by_title] Part tag updated [4283598224, restock-engine-125-pug,  -> engine.lfo]
[MET:0][INFO] [tag_parts_by_title] Part tag updated [4283594080, ShroudedDecoupler,  -> decoupler]
[MET:0][INFO] [tag_parts_by_title] Part tag updated [4283561840, proceduralTankLiquid,  -> tank.procedural.lfo]
[MET:0][INFO] [tag_parts_by_title] Part tag updated [4291972698, proceduralTankLiquid,  -> tank.procedural.lfo]
[MET:0][INFO] [tag_parts_by_title] Part tag updated [4283589278, proceduralTankLiquid,  -> tank.procedural.lfo]
[MET:0][INFO] [tag_parts_by_title] Part tag updated [4283562846, liquidEngine2,  -> engine.lfo]
[MET:0][INFO] [tag_parts_by_title] Part tag updated [4283513424, AM.MLP.SmallLaunchStand,  -> launch.stand]
[MET:0][INFO] [tag_parts_by_title] Part tag updated [4292979830, sensorThermometer,  -> sci.thermometer]
[MET:0][INFO] [tag_parts_by_title] Part tag updated [4283834162, sensorBarometer,  -> sci.barometer]
[MET:0][INFO] [tag_parts_by_title] Part tag updated [4292984928, solarPanels5,  -> power.solar.fixed]
[MET:0][INFO] [tag_parts_by_title] Part tag updated [4292983564, solarPanels5,  -> power.solar.fixed]
[MET:0][INFO] [tag_parts_by_title] Part tag updated [4292983510, solarPanels5,  -> power.solar.fixed]
[MET:0][INFO] [tag_parts_by_title] Part tag updated [4292983456, solarPanels5,  -> power.solar.fixed]
[MET:0][INFO] [tag_parts_by_title] Tagging completed, writing updates to tag_ref
[MET:0][INFO] KSCLog re-initialized
[MET:0][INFO] localLog initialized
[MET:0][INFO] [lib_tag.ks] Loading library
[MET:0][INFO] [tag_parts_by_title] Part tag updated [4288282086, probeCoreOcto.v2 (Thor 3),  -> command.drone.core]
[MET:0][INFO] [tag_parts_by_title] Part tag updated [4284709484, batteryBankMini,  -> power.battery]
[MET:0][INFO] [tag_parts_by_title] Part tag updated [4291962262, parachuteSingle,  -> chute.cone]
[MET:0][INFO] [tag_parts_by_title] Part tag updated [4283545728, sasModule,  -> control.rw]
[MET:0][INFO] [tag_parts_by_title] Part tag updated [4292981674, SurfAntenna,  -> comm.omni]
[MET:0][INFO] [tag_parts_by_title] Part tag updated [4291028906, batteryBankMini,  -> power.battery]
[MET:0][INFO] [tag_parts_by_title] Part tag updated [4291675328, KR-2042,  -> control.kos.cpu]
[MET:0][INFO] [tag_parts_by_title] Part tag updated [4288287028, restock-goocanister-625-1,  -> sci.gooPod]
[MET:0][INFO] [tag_parts_by_title] Part tag updated [4288870512, HeatShield0,  -> thermal.heatShield]
[MET:0][INFO] [tag_parts_by_title] Part tag updated [4292255742, ShroudedDecoupler,  -> decoupler]
[MET:0][INFO] [tag_parts_by_title] Part tag updated [4282634492, proceduralTankLiquid,  -> tank.procedural.lfo]
[MET:0][INFO] [tag_parts_by_title] Part tag updated [4283598224, restock-engine-125-pug,  -> engine.lfo]
[MET:0][INFO] [tag_parts_by_title] Part tag updated [4283594080, ShroudedDecoupler,  -> decoupler]
[MET:0][INFO] [tag_parts_by_title] Part tag updated [4283561840, proceduralTankLiquid,  -> tank.procedural.lfo]
[MET:0][INFO] [tag_parts_by_title] Part tag updated [4291972698, proceduralTankLiquid,  -> tank.procedural.lfo]
[MET:0][INFO] [tag_parts_by_title] Part tag updated [4283589278, proceduralTankLiquid,  -> tank.procedural.lfo]
[MET:0][INFO] [tag_parts_by_title] Part tag updated [4283562846, liquidEngine2,  -> engine.lfo]
[MET:0][INFO] [tag_parts_by_title] Part tag updated [4283513424, AM.MLP.SmallLaunchStand,  -> launch.stand]
[MET:0][INFO] [tag_parts_by_title] Part tag updated [4292979830, sensorThermometer,  -> sci.thermometer]
[MET:0][INFO] [tag_parts_by_title] Part tag updated [4283834162, sensorBarometer,  -> sci.barometer]
[MET:0][INFO] [tag_parts_by_title] Part tag updated [4292984928, solarPanels5,  -> power.solar.fixed]
[MET:0][INFO] [tag_parts_by_title] Part tag updated [4292983564, solarPanels5,  -> power.solar.fixed]
[MET:0][INFO] [tag_parts_by_title] Part tag updated [4292983510, solarPanels5,  -> power.solar.fixed]
[MET:0][INFO] [tag_parts_by_title] Part tag updated [4292983456, solarPanels5,  -> power.solar.fixed]
[MET:0][INFO] [tag_parts_by_title] Tagging completed, writing updates to tag_ref
[MET:0][INFO] KSCLog re-initialized
[MET:0][INFO] localLog initialized
[MET:0][INFO] [lib_tag.ks] Loading library
[MET:0][INFO] [tag_parts_by_title] Part tag updated [4288282086, probeCoreOcto.v2 (Thor 3),  -> command.drone.core]
[MET:0][INFO] [tag_parts_by_title] Part tag updated [4284709484, batteryBankMini,  -> power.battery]
[MET:0][INFO] [tag_parts_by_title] Part tag updated [4291962262, parachuteSingle,  -> chute.cone]
[MET:0][INFO] [tag_parts_by_title] Part tag updated [4283545728, sasModule,  -> control.rw]
[MET:0][INFO] [tag_parts_by_title] Part tag updated [4292981674, SurfAntenna,  -> comm.omni]
[MET:0][INFO] [tag_parts_by_title] Part tag updated [4291028906, batteryBankMini,  -> power.battery]
[MET:0][INFO] [tag_parts_by_title] Part tag updated [4291675328, KR-2042,  -> control.kos.cpu]
[MET:0][INFO] [tag_parts_by_title] Part tag updated [4288287028, restock-goocanister-625-1,  -> sci.gooPod]
[MET:0][INFO] [tag_parts_by_title] Part tag updated [4288870512, HeatShield0,  -> thermal.heatShield]
[MET:0][INFO] [tag_parts_by_title] Part tag updated [4292255742, ShroudedDecoupler,  -> decoupler]
[MET:0][INFO] [tag_parts_by_title] Part tag updated [4282634492, proceduralTankLiquid,  -> tank.procedural.lfo]
[MET:0][INFO] [tag_parts_by_title] Part tag updated [4283598224, restock-engine-125-pug,  -> engine.lfo]
[MET:0][INFO] [tag_parts_by_title] Part tag updated [4283594080, ShroudedDecoupler,  -> decoupler]
[MET:0][INFO] [tag_parts_by_title] Part tag updated [4283561840, proceduralTankLiquid,  -> tank.procedural.lfo]
[MET:0][INFO] [tag_parts_by_title] Part tag updated [4291972698, proceduralTankLiquid,  -> tank.procedural.lfo]
[MET:0][INFO] [tag_parts_by_title] Part tag updated [4283589278, proceduralTankLiquid,  -> tank.procedural.lfo]
[MET:0][INFO] [tag_parts_by_title] Part tag updated [4283562846, liquidEngine2,  -> engine.lfo]
[MET:0][INFO] [tag_parts_by_title] Part tag updated [4283513424, AM.MLP.SmallLaunchStand,  -> launch.stand]
[MET:0][INFO] [tag_parts_by_title] Part tag updated [4292979830, sensorThermometer,  -> sci.thermometer]
[MET:0][INFO] [tag_parts_by_title] Part tag updated [4283834162, sensorBarometer,  -> sci.barometer]
[MET:0][INFO] [tag_parts_by_title] Part tag updated [4292984928, solarPanels5,  -> power.solar.fixed]
[MET:0][INFO] [tag_parts_by_title] Part tag updated [4292983564, solarPanels5,  -> power.solar.fixed]
[MET:0][INFO] [tag_parts_by_title] Part tag updated [4292983510, solarPanels5,  -> power.solar.fixed]
[MET:0][INFO] [tag_parts_by_title] Part tag updated [4292983456, solarPanels5,  -> power.solar.fixed]
[MET:0][INFO] [tag_parts_by_title] Tagging completed, writing updates to tag_ref
[MET:0][INFO] KSCLog re-initialized
[MET:0][INFO] localLog initialized
[MET:0][INFO] [lib_tag.ks] Loading library
[MET:0][INFO] [tag_parts_by_title] Part tag updated [4288282086, probeCoreOcto.v2,  -> command.drone.core]
[MET:0][INFO] [tag_parts_by_title] Part tag updated [4284709484, batteryBankMini,  -> power.battery]
[MET:0][INFO] [tag_parts_by_title] Part tag updated [4291962262, parachuteSingle,  -> chute.cone]
[MET:0][INFO] [tag_parts_by_title] Part tag updated [4283545728, sasModule,  -> control.rw]
[MET:0][INFO] [tag_parts_by_title] Part tag updated [4292981674, SurfAntenna,  -> comm.omni]
[MET:0][INFO] [tag_parts_by_title] Part tag updated [4291028906, batteryBankMini,  -> power.battery]
[MET:0][INFO] [tag_parts_by_title] Part tag updated [4291675328, KR-2042,  -> control.kos.cpu]
[MET:0][INFO] [tag_parts_by_title] Part tag updated [4288287028, restock-goocanister-625-1,  -> sci.gooPod]
[MET:0][INFO] [tag_parts_by_title] Part tag updated [4288870512, HeatShield0,  -> thermal.heatShield]
[MET:0][INFO] [tag_parts_by_title] Part tag updated [4292255742, ShroudedDecoupler,  -> decoupler]
[MET:0][INFO] [tag_parts_by_title] Part tag updated [4282634492, proceduralTankLiquid,  -> tank.procedural.lfo]
[MET:0][INFO] [tag_parts_by_title] Part tag updated [4283598224, restock-engine-125-pug,  -> engine.lfo]
[MET:0][INFO] [tag_parts_by_title] Part tag updated [4283594080, ShroudedDecoupler,  -> decoupler]
[MET:0][INFO] [tag_parts_by_title] Part tag updated [4283561840, proceduralTankLiquid,  -> tank.procedural.lfo]
[MET:0][INFO] [tag_parts_by_title] Part tag updated [4291972698, proceduralTankLiquid,  -> tank.procedural.lfo]
[MET:0][INFO] [tag_parts_by_title] Part tag updated [4283589278, proceduralTankLiquid,  -> tank.procedural.lfo]
[MET:0][INFO] [tag_parts_by_title] Part tag updated [4283562846, liquidEngine2,  -> engine.lfo]
[MET:0][INFO] [tag_parts_by_title] Part tag updated [4283513424, AM.MLP.SmallLaunchStand,  -> launch.stand]
[MET:0][INFO] [tag_parts_by_title] Part tag updated [4292979830, sensorThermometer,  -> sci.thermometer]
[MET:0][INFO] [tag_parts_by_title] Part tag updated [4283834162, sensorBarometer,  -> sci.barometer]
[MET:0][INFO] [tag_parts_by_title] Part tag updated [4292984928, solarPanels5,  -> power.solar.fixed]
[MET:0][INFO] [tag_parts_by_title] Part tag updated [4292983564, solarPanels5,  -> power.solar.fixed]
[MET:0][INFO] [tag_parts_by_title] Part tag updated [4292983510, solarPanels5,  -> power.solar.fixed]
[MET:0][INFO] [tag_parts_by_title] Part tag updated [4292983456, solarPanels5,  -> power.solar.fixed]
[MET:0][INFO] [tag_parts_by_title] Tagging completed, writing updates to tag_ref
