[MET:0][INFO] KSCLog re-initialized
[MET:0][INFO] [tag_parts_by_title] Part tag updated [4292320612, probeCoreSphere.v2,  -> command.drone.core]
[MET:0][INFO] [tag_parts_by_title] Part tag updated [4292303492, USCylindricalShroud0625,  -> bay.doors.us]
[MET:0][INFO] [tag_parts_by_title] Part tag updated [4292301164, batteryPack,  -> power.battery.radial]
[MET:0][INFO] [tag_parts_by_title] Part tag updated [4292299204, sensorThermometer,  -> sci.thermometer]
[MET:0][INFO] [tag_parts_by_title] Part tag updated [4292297418, RTShortAntenna1,  -> comm.omni]
[MET:0][INFO] [tag_parts_by_title] Part tag updated [4292256412, Mite,  -> engine.solid]
[MET:0][INFO] [tag_parts_by_title] Part tag updated [4292255742, ShroudedDecoupler,  -> decoupler]
[MET:0][INFO] [tag_parts_by_title] Part tag updated [4290622168, Shrimp,  -> engine.solid]
[MET:0][INFO] [tag_parts_by_title] Part tag updated [4292230180, AM.MLP.SmallLaunchStand,  -> launch.stand]
[MET:0][INFO] [tag_parts_by_title] Part tag updated [4290585266, basicFin,  -> aero.fin]
[MET:0][INFO] [tag_parts_by_title] Part tag updated [4290584390, basicFin,  -> aero.fin]
[MET:0][INFO] [tag_parts_by_title] Part tag updated [4290584318, basicFin,  -> aero.fin]
[MET:0][INFO] [tag_parts_by_title] Part tag updated [4290584246, basicFin,  -> aero.fin]
[MET:0][INFO] [tag_parts_by_title] Part tag updated [4292749160, basicFin,  -> aero.fin]
[MET:0][INFO] [tag_parts_by_title] Part tag updated [4290583122, basicFin,  -> aero.fin]
[MET:0][INFO] [tag_parts_by_title] Part tag updated [4290583056, basicFin,  -> aero.fin]
[MET:0][INFO] [tag_parts_by_title] Part tag updated [4290582990, basicFin,  -> aero.fin]
[MET:0][INFO] [set_bay_ids] Untagged UniversalStorage bay module found: [4292303492, USCylindricalShroud0625, bay.doors.us]
[MET:0][INFO] [set_us_bay_core_id] Checking parent part for untagged US bay core: [4292320612, Probodobodyne Stayputnik, command.drone.core]
[MET:0][INFO] [set_us_bay_core_id] Checking child part for untagged US bay core: [4292301164, Z-100 Rechargeable Battery Pack, power.battery.radial]
[MET:0][INFO] [set_us_bay_core_id] Checking child part for untagged US bay core: [4292299204, 2HOT Thermometer, sci.thermometer]
[MET:0][INFO] [set_us_bay_core_id] Checking child part for untagged US bay core: [4292297418, Reflectron DP-10, comm.omni]
[MET:0][INFO] [set_us_bay_core_id] Checking child part for untagged US bay core: [4292256412, FM1 "Mite" Solid Fuel Booster, engine.solid]
[MET:0][INFO] [set_bay_light_id] Checking bay child part for attached light module(s): [4292301164, Z-100 Rechargeable Battery Pack, power.battery.radial]
[MET:0][INFO] [set_bay_light_id] Checking bay child part for attached light module(s): [4292299204, 2HOT Thermometer, sci.thermometer]
[MET:0][INFO] [set_bay_light_id] Checking bay child part for attached light module(s): [4292297418, Reflectron DP-10, comm.omni]
[MET:0][INFO] [set_bay_light_id] Checking bay child part for attached light module(s): [4292256412, FM1 "Mite" Solid Fuel Booster, engine.solid]
[MET:0][INFO] [set_bay_light_id] Checking bay core for attached light modules(s): [4292320612, Probodobodyne Stayputnik, command.drone.core]
[MET:0][INFO] [tag_parts_by_title] Tagging completed, writing updates to tag_ref
[MET:0][INFO] localLog re-initialized
[MET:0][INFO] [lib_tag.ks] Loading library
