[MET:0][INFO] KSCLog initialized
[MET:0][INFO] localLog initialized
[MET:0][INFO] [lib_tag.ks] Loading library
[MET:0][INFO] [tag_parts_by_title] Part tag updated [4290707434, probeCoreOcto.v2,  -> command.drone.core]
[MET:0][INFO] [tag_parts_by_title] Part tag updated [4290694416, miniFuselage,  -> tank.stack.lfo]
[MET:0][INFO] [tag_parts_by_title] Part missing reference tag: [(restock-engine-torch)]
[MET:0][INFO] [tag_parts_by_title] Part tag updated [4290642230, ShroudedDecoupler,  -> decoupler]
[MET:0][INFO] [tag_parts_by_title] Part tag updated [4290642174, proceduralTankLiquid,  -> tank.procedural.lfo]
[MET:0][INFO] [tag_parts_by_title] Part tag updated [4290642094, proceduralTankLiquid,  -> tank.procedural.lfo]
[MET:0][INFO] [tag_parts_by_title] Part tag updated [4290642014, proceduralTankLiquid,  -> tank.procedural.lfo]
[MET:0][INFO] [tag_parts_by_title] Part tag updated [4290641934, proceduralTankLiquid,  -> tank.procedural.lfo]
[MET:0][INFO] [tag_parts_by_title] Part tag updated [4290641854, liquidEngine2,  -> engine.lfo]
[MET:0][INFO] [tag_parts_by_title] Part tag updated [4290641454, AM.MLP.SmallLaunchStand,  -> launch.stand]
[MET:0][INFO] [tag_parts_by_title] Part tag updated [4290672688, SurfAntenna,  -> comm.omni]
[MET:0][INFO] [tag_parts_by_title] Part tag updated [4290610336, KR-2042,  -> control.kos.cpu]
[MET:0][INFO] [tag_parts_by_title] Part tag updated [4290649050, sasModule,  -> control.rw]
[MET:0][INFO] [tag_parts_by_title] Part tag updated [4290596742, batteryBankMini,  -> power.battery]
[MET:0][INFO] [tag_parts_by_title] Part tag updated [4290674414, standardNoseCone,  -> aero.cone]
[MET:0][INFO] [tag_parts_by_title] Tagging completed, writing updates to tag_ref
[MET:0][WARN] [tag_parts_by_title] Part already tagged [4290707434, probeCoreOcto.v2, command.drone.core]
[MET:0][WARN] [tag_parts_by_title] Part already tagged [4290694416, miniFuselage, tank.stack.lfo]
[MET:0][WARN] [tag_parts_by_title] Part already tagged [4290683856, restock-engine-torch, ]
[MET:0][WARN] [tag_parts_by_title] Part already tagged [4290642230, ShroudedDecoupler, decoupler]
[MET:0][WARN] [tag_parts_by_title] Part already tagged [4290642174, proceduralTankLiquid, tank.procedural.lfo]
[MET:0][WARN] [tag_parts_by_title] Part already tagged [4290642094, proceduralTankLiquid, tank.procedural.lfo]
[MET:0][WARN] [tag_parts_by_title] Part already tagged [4290642014, proceduralTankLiquid, tank.procedural.lfo]
[MET:0][WARN] [tag_parts_by_title] Part already tagged [4290641934, proceduralTankLiquid, tank.procedural.lfo]
[MET:0][WARN] [tag_parts_by_title] Part already tagged [4290641854, liquidEngine2, engine.lfo]
[MET:0][WARN] [tag_parts_by_title] Part already tagged [4290641454, AM.MLP.SmallLaunchStand, launch.stand]
[MET:0][WARN] [tag_parts_by_title] Part already tagged [4290672688, SurfAntenna, comm.omni]
[MET:0][WARN] [tag_parts_by_title] Part already tagged [4290610336, KR-2042, control.kos.cpu]
[MET:0][WARN] [tag_parts_by_title] Part already tagged [4290649050, sasModule, control.rw]
[MET:0][WARN] [tag_parts_by_title] Part already tagged [4290596742, batteryBankMini, power.battery]
[MET:0][WARN] [tag_parts_by_title] Part already tagged [4290674414, standardNoseCone, aero.cone]
[MET:0][INFO] [tag_parts_by_title] Tagging completed, writing updates to tag_ref
[MET:0][INFO] KSCLog re-initialized
[MET:0][INFO] localLog initialized
[MET:0][INFO] [lib_tag.ks] Loading library
[MET:0][INFO] [tag_parts_by_title] Part tag updated [4290707434, probeCoreOcto.v2,  -> command.drone.core]
[MET:0][INFO] [tag_parts_by_title] Part tag updated [4290694416, miniFuselage,  -> tank.stack.lfo]
[MET:0][WARN] [tag_parts_by_title] Part already tagged [4290683856, restock-engine-torch, ]
[MET:0][INFO] [tag_parts_by_title] Part tag updated [4290642230, ShroudedDecoupler,  -> decoupler]
[MET:0][INFO] [tag_parts_by_title] Part tag updated [4290642174, proceduralTankLiquid,  -> tank.procedural.lfo]
[MET:0][INFO] [tag_parts_by_title] Part tag updated [4290642094, proceduralTankLiquid,  -> tank.procedural.lfo]
[MET:0][INFO] [tag_parts_by_title] Part tag updated [4290642014, proceduralTankLiquid,  -> tank.procedural.lfo]
[MET:0][INFO] [tag_parts_by_title] Part tag updated [4290641934, proceduralTankLiquid,  -> tank.procedural.lfo]
[MET:0][INFO] [tag_parts_by_title] Part tag updated [4290641854, liquidEngine2,  -> engine.lfo]
[MET:0][INFO] [tag_parts_by_title] Part tag updated [4290641454, AM.MLP.SmallLaunchStand,  -> launch.stand]
[MET:0][INFO] [tag_parts_by_title] Part tag updated [4290672688, SurfAntenna,  -> comm.omni]
[MET:0][INFO] [tag_parts_by_title] Part tag updated [4290610336, KR-2042,  -> control.kos.cpu]
[MET:0][INFO] [tag_parts_by_title] Part tag updated [4290649050, sasModule,  -> control.rw]
[MET:0][INFO] [tag_parts_by_title] Part tag updated [4290596742, batteryBankMini,  -> power.battery]
[MET:0][INFO] [tag_parts_by_title] Part tag updated [4290674414, standardNoseCone,  -> aero.cone]
[MET:0][INFO] [tag_parts_by_title] Tagging completed, writing updates to tag_ref
[MET:0][WARN] [tag_parts_by_title] Part already tagged [4290707434, probeCoreOcto.v2, command.drone.core]
[MET:0][WARN] [tag_parts_by_title] Part already tagged [4290694416, miniFuselage, tank.stack.lfo]
[MET:0][WARN] [tag_parts_by_title] Part already tagged [4290683856, restock-engine-torch, ]
[MET:0][WARN] [tag_parts_by_title] Part already tagged [4290642230, ShroudedDecoupler, decoupler]
[MET:0][WARN] [tag_parts_by_title] Part already tagged [4290642174, proceduralTankLiquid, tank.procedural.lfo]
[MET:0][WARN] [tag_parts_by_title] Part already tagged [4290642094, proceduralTankLiquid, tank.procedural.lfo]
[MET:0][WARN] [tag_parts_by_title] Part already tagged [4290642014, proceduralTankLiquid, tank.procedural.lfo]
[MET:0][WARN] [tag_parts_by_title] Part already tagged [4290641934, proceduralTankLiquid, tank.procedural.lfo]
[MET:0][WARN] [tag_parts_by_title] Part already tagged [4290641854, liquidEngine2, engine.lfo]
[MET:0][WARN] [tag_parts_by_title] Part already tagged [4290641454, AM.MLP.SmallLaunchStand, launch.stand]
[MET:0][WARN] [tag_parts_by_title] Part already tagged [4290672688, SurfAntenna, comm.omni]
[MET:0][WARN] [tag_parts_by_title] Part already tagged [4290610336, KR-2042, control.kos.cpu]
[MET:0][WARN] [tag_parts_by_title] Part already tagged [4290649050, sasModule, control.rw]
[MET:0][WARN] [tag_parts_by_title] Part already tagged [4290596742, batteryBankMini, power.battery]
[MET:0][WARN] [tag_parts_by_title] Part already tagged [4290674414, standardNoseCone, aero.cone]
[MET:0][INFO] [tag_parts_by_title] Tagging completed, writing updates to tag_ref
