[MET:0][INFO] KSCLog initialized
[MET:0][INFO] localLog initialized
[MET:0][INFO] [tag_parts_by_title] Part missing reference tag: [(probeCoreSphere.v2)]
[MET:0][INFO] [tag_parts_by_title] Part missing reference tag: [(Mite)]
[MET:0][INFO] [tag_parts_by_title] Part missing reference tag: [(RTShortAntenna1)]
[MET:0][INFO] [tag_parts_by_title] Part missing reference tag: [(AM.MLP.SmallLaunchStand)]
[MET:0][INFO] [tag_parts_by_title] Part missing reference tag: [(basicFin)]
[MET:0][WARN] [tag_parts_by_title] Part already tagged [4291838040, basicFin, ]
[MET:0][WARN] [tag_parts_by_title] Part already tagged [4291837976, basicFin, ]
[MET:0][INFO] [tag_parts_by_title] Part tag updated [4291880174, sensorThermometer,  -> sci.thermometer]
[MET:0][INFO] [tag_parts_by_title] Tagging completed, writing updates to tag_ref
[MET:0][INFO] KSCLog re-initialized
[MET:0][INFO] localLog initialized
[MET:0][WARN] [tag_parts_by_title] Part already tagged [4291992434, probeCoreSphere.v2 (Scout 1), ]
[MET:0][WARN] [tag_parts_by_title] Part already tagged [4291984100, Mite, ]
[MET:0][WARN] [tag_parts_by_title] Part already tagged [4291983126, RTShortAntenna1, ]
[MET:0][WARN] [tag_parts_by_title] Part already tagged [4291951278, AM.MLP.SmallLaunchStand, ]
[MET:0][WARN] [tag_parts_by_title] Part already tagged [4291839016, basicFin, ]
[MET:0][WARN] [tag_parts_by_title] Part already tagged [4291838040, basicFin, ]
[MET:0][WARN] [tag_parts_by_title] Part already tagged [4291837976, basicFin, ]
[MET:0][INFO] [tag_parts_by_title] Part tag updated [4291880174, sensorThermometer,  -> sci.thermometer]
[MET:0][INFO] [tag_parts_by_title] Tagging completed, writing updates to tag_ref
[MET:0][INFO] KSCLog re-initialized
[MET:0][INFO] localLog re-initialized
[MET:0][WARN] [tag_parts_by_title] Part already tagged [4291992434, probeCoreSphere.v2 (Scout 1), ]
[MET:0][WARN] [tag_parts_by_title] Part already tagged [4291984100, Mite, ]
[MET:0][WARN] [tag_parts_by_title] Part already tagged [4291983126, RTShortAntenna1, ]
[MET:0][WARN] [tag_parts_by_title] Part already tagged [4291951278, AM.MLP.SmallLaunchStand, ]
[MET:0][WARN] [tag_parts_by_title] Part already tagged [4291839016, basicFin, ]
[MET:0][WARN] [tag_parts_by_title] Part already tagged [4291838040, basicFin, ]
[MET:0][WARN] [tag_parts_by_title] Part already tagged [4291837976, basicFin, ]
[MET:0][WARN] [tag_parts_by_title] Part already tagged [4291880174, sensorThermometer, sci.thermometer]
[MET:0][INFO] [tag_parts_by_title] Tagging completed, writing updates to tag_ref
[MET:0][INFO] KSCLog re-initialized
[MET:0][INFO] localLog re-initialized
[MET:0][WARN] [tag_parts_by_title] Part already tagged [4291992434, probeCoreSphere.v2 (Scout 1), ]
[MET:0][WARN] [tag_parts_by_title] Part already tagged [4291984100, Mite, ]
[MET:0][WARN] [tag_parts_by_title] Part already tagged [4291983126, RTShortAntenna1, ]
[MET:0][WARN] [tag_parts_by_title] Part already tagged [4291951278, AM.MLP.SmallLaunchStand, ]
[MET:0][WARN] [tag_parts_by_title] Part already tagged [4291839016, basicFin, ]
[MET:0][WARN] [tag_parts_by_title] Part already tagged [4291838040, basicFin, ]
[MET:0][WARN] [tag_parts_by_title] Part already tagged [4291837976, basicFin, ]
[MET:0][WARN] [tag_parts_by_title] Part already tagged [4291880174, sensorThermometer, sci.thermometer]
[MET:0][INFO] [tag_parts_by_title] Tagging completed, writing updates to tag_ref
[MET:0][INFO] KSCLog re-initialized
[MET:0][INFO] localLog re-initialized
[MET:0][WARN] [tag_parts_by_title] Part already tagged [4291992434, probeCoreSphere.v2 (Scout 1), ]
[MET:0][WARN] [tag_parts_by_title] Part already tagged [4291984100, Mite, ]
[MET:0][WARN] [tag_parts_by_title] Part already tagged [4291983126, RTShortAntenna1, ]
[MET:0][WARN] [tag_parts_by_title] Part already tagged [4291951278, AM.MLP.SmallLaunchStand, ]
[MET:0][WARN] [tag_parts_by_title] Part already tagged [4291839016, basicFin, ]
[MET:0][WARN] [tag_parts_by_title] Part already tagged [4291838040, basicFin, ]
[MET:0][WARN] [tag_parts_by_title] Part already tagged [4291837976, basicFin, ]
[MET:0][WARN] [tag_parts_by_title] Part already tagged [4291880174, sensorThermometer, sci.thermometer]
[MET:0][INFO] [tag_parts_by_title] Tagging completed, writing updates to tag_ref
[MET:0][INFO] KSCLog re-initialized
[MET:0][INFO] localLog re-initialized
[MET:0][INFO] [lib_tag.ks] Loading library
[MET:0][INFO] KSCLog re-initialized
[MET:0][INFO] [tag_parts_by_title] Part tag updated [4291992434, probeCoreSphere.v2 (Scout 1),  -> command.drone.core]
[MET:0][INFO] [tag_parts_by_title] Part tag updated [4291984100, Mite,  -> engine.solid]
[MET:0][INFO] [tag_parts_by_title] Part tag updated [4291983126, RTShortAntenna1,  -> comm.omni]
[MET:0][INFO] [tag_parts_by_title] Part tag updated [4291951278, AM.MLP.SmallLaunchStand,  -> launch.stand]
[MET:0][INFO] [tag_parts_by_title] Part tag updated [4291839016, basicFin,  -> aero.fin]
[MET:0][INFO] [tag_parts_by_title] Part tag updated [4291838040, basicFin,  -> aero.fin]
[MET:0][INFO] [tag_parts_by_title] Part tag updated [4291837976, basicFin,  -> aero.fin]
[MET:0][WARN] [tag_parts_by_title] Part already tagged [4291880174, sensorThermometer, sci.thermometer]
[MET:0][INFO] [tag_parts_by_title] Tagging completed, writing updates to tag_ref
[MET:0][INFO] localLog re-initialized
[MET:0][INFO] [lib_tag.ks] Loading library
[MET:0][INFO] KSCLog re-initialized
[MET:0][WARN] [tag_parts_by_title] Part already tagged [4291992434, probeCoreSphere.v2 (Scout 1), command.drone.core]
[MET:0][WARN] [tag_parts_by_title] Part already tagged [4291984100, Mite, engine.solid]
[MET:0][WARN] [tag_parts_by_title] Part already tagged [4291983126, RTShortAntenna1, comm.omni]
[MET:0][WARN] [tag_parts_by_title] Part already tagged [4291951278, AM.MLP.SmallLaunchStand, launch.stand]
[MET:0][WARN] [tag_parts_by_title] Part already tagged [4291839016, basicFin, aero.fin]
[MET:0][WARN] [tag_parts_by_title] Part already tagged [4291838040, basicFin, aero.fin]
[MET:0][WARN] [tag_parts_by_title] Part already tagged [4291837976, basicFin, aero.fin]
[MET:0][WARN] [tag_parts_by_title] Part already tagged [4291880174, sensorThermometer, sci.thermometer]
[MET:0][INFO] [tag_parts_by_title] Tagging completed, writing updates to tag_ref
[MET:0][INFO] localLog re-initialized
[MET:0][INFO] [lib_tag.ks] Loading library
[MET:0][INFO] KSCLog re-initialized
[MET:0][WARN] [tag_parts_by_title] Part already tagged [4291992434, probeCoreSphere.v2 (Scout 1), command.drone.core]
[MET:0][WARN] [tag_parts_by_title] Part already tagged [4291984100, Mite, engine.solid]
[MET:0][WARN] [tag_parts_by_title] Part already tagged [4291983126, RTShortAntenna1, comm.omni]
[MET:0][WARN] [tag_parts_by_title] Part already tagged [4291951278, AM.MLP.SmallLaunchStand, launch.stand]
[MET:0][WARN] [tag_parts_by_title] Part already tagged [4291839016, basicFin, aero.fin]
[MET:0][WARN] [tag_parts_by_title] Part already tagged [4291838040, basicFin, aero.fin]
[MET:0][WARN] [tag_parts_by_title] Part already tagged [4291837976, basicFin, aero.fin]
[MET:0][WARN] [tag_parts_by_title] Part already tagged [4291880174, sensorThermometer, sci.thermometer]
[MET:0][INFO] [tag_parts_by_title] Tagging completed, writing updates to tag_ref
[MET:0][INFO] localLog re-initialized
[MET:0][INFO] [lib_tag.ks] Loading library
[MET:0][INFO] KSCLog re-initialized
[MET:0][INFO] localLog initialized
[MET:0][INFO] [tag_parts_by_title] Part tag updated [4291992434, probeCoreSphere.v2,  -> command.drone.core]
[MET:0][INFO] [tag_parts_by_title] Part tag updated [4291984100, Mite,  -> engine.solid]
[MET:0][INFO] [tag_parts_by_title] Part tag updated [4291983126, RTShortAntenna1,  -> comm.omni]
[MET:0][INFO] [tag_parts_by_title] Part tag updated [4291951278, AM.MLP.SmallLaunchStand,  -> launch.stand]
[MET:0][INFO] [tag_parts_by_title] Part tag updated [4291839016, basicFin,  -> aero.fin]
[MET:0][INFO] [tag_parts_by_title] Part tag updated [4291838040, basicFin,  -> aero.fin]
[MET:0][INFO] [tag_parts_by_title] Part tag updated [4291837976, basicFin,  -> aero.fin]
[MET:0][INFO] [tag_parts_by_title] Part tag updated [4291880174, sensorThermometer,  -> sci.thermometer]
[MET:0][INFO] [tag_parts_by_title] Part missing reference tag: [(batteryPack)]
[MET:0][WARN] [tag_parts_by_title] Part already tagged [4285658430, batteryPack, ]
[MET:0][INFO] [tag_parts_by_title] Tagging completed, writing updates to tag_ref
[MET:0][INFO] KSCLog re-initialized
[MET:0][INFO] localLog re-initialized
[MET:0][INFO] [lib_tag.ks] Loading library
[MET:0][INFO] KSCLog re-initialized
[MET:0][INFO] localLog re-initialized
[MET:0][INFO] [lib_tag.ks] Loading library
[MET:0][INFO] KSCLog re-initialized
[MET:0][INFO] localLog re-initialized
[MET:0][INFO] [lib_tag.ks] Loading library
[MET:0][INFO] KSCLog re-initialized
[MET:0][INFO] localLog re-initialized
[MET:0][INFO] [lib_tag.ks] Loading library
[MET:68.52][INFO] KSCLog re-initialized
[MET:4.8][INFO] Logging science
[MET:4.8][INFO] Science logged
[MET:68.52][INFO] localLog re-initialized
[MET:68.6][INFO] [lib_tag.ks] Loading library
[MET:130.8][INFO] KSCLog re-initialized
[MET:73.76][INFO] Logging science
[MET:73.76][INFO] Science logged
[MET:130.8][INFO] localLog re-initialized
[MET:130.88][INFO] [lib_tag.ks] Loading library
[MET:0][INFO] KSCLog re-initialized
[MET:0][INFO] localLog initialized
[MET:0][INFO] [tag_parts_by_title] Part tag updated [4291992434, probeCoreSphere.v2,  -> command.drone.core]
[MET:0][INFO] [tag_parts_by_title] Part tag updated [4285658584, batteryPack,  -> power.battery.radial]
[MET:0][INFO] [tag_parts_by_title] Part tag updated [4285658430, batteryPack,  -> power.battery.radial]
[MET:0][INFO] [tag_parts_by_title] Part tag updated [4291984100, Mite,  -> engine.solid]
[MET:0][INFO] [tag_parts_by_title] Part tag updated [4291983126, RTShortAntenna1,  -> comm.omni]
[MET:0][INFO] [tag_parts_by_title] Part tag updated [4291839016, basicFin,  -> aero.fin]
[MET:0][INFO] [tag_parts_by_title] Part tag updated [4291838040, basicFin,  -> aero.fin]
[MET:0][INFO] [tag_parts_by_title] Part tag updated [4291837976, basicFin,  -> aero.fin]
[MET:0][INFO] [tag_parts_by_title] Part tag updated [4291880174, sensorThermometer,  -> sci.thermometer]
[MET:0][INFO] [tag_parts_by_title] Part tag updated [4292460774, ShroudedDecoupler,  -> decoupler]
[MET:0][INFO] [tag_parts_by_title] Part missing reference tag: [(Shrimp)]
[MET:0][INFO] [tag_parts_by_title] Part tag updated [4292451392, basicFin,  -> aero.fin]
[MET:0][INFO] [tag_parts_by_title] Part tag updated [4292450562, basicFin,  -> aero.fin]
[MET:0][INFO] [tag_parts_by_title] Part tag updated [4292450492, basicFin,  -> aero.fin]
[MET:0][INFO] [tag_parts_by_title] Part tag updated [4292450422, basicFin,  -> aero.fin]
[MET:0][INFO] [tag_parts_by_title] Part tag updated [4291951278, AM.MLP.SmallLaunchStand,  -> launch.stand]
[MET:0][INFO] [tag_parts_by_title] Tagging completed, writing updates to tag_ref
[MET:0][INFO] KSCLog re-initialized
[MET:0][INFO] localLog re-initialized
[MET:0][INFO] [lib_tag.ks] Loading library
[MET:0][INFO] KSCLog re-initialized
[MET:0][INFO] localLog initialized
[MET:0][INFO] [tag_parts_by_title] Part tag updated [4291992434, probeCoreSphere.v2 (Scout 1),  -> command.drone.core]
[MET:0][INFO] [tag_parts_by_title] Part tag updated [4285658584, batteryPack,  -> power.battery.radial]
[MET:0][INFO] [tag_parts_by_title] Part tag updated [4285658430, batteryPack,  -> power.battery.radial]
[MET:0][INFO] [tag_parts_by_title] Part tag updated [4291984100, Mite,  -> engine.solid]
[MET:0][INFO] [tag_parts_by_title] Part tag updated [4291983126, RTShortAntenna1,  -> comm.omni]
[MET:0][INFO] [tag_parts_by_title] Part tag updated [4291839016, basicFin,  -> aero.fin]
[MET:0][INFO] [tag_parts_by_title] Part tag updated [4291838040, basicFin,  -> aero.fin]
[MET:0][INFO] [tag_parts_by_title] Part tag updated [4291837976, basicFin,  -> aero.fin]
[MET:0][INFO] [tag_parts_by_title] Part tag updated [4291880174, sensorThermometer,  -> sci.thermometer]
[MET:0][INFO] [tag_parts_by_title] Part tag updated [4292460774, ShroudedDecoupler,  -> decoupler]
[MET:0][WARN] [tag_parts_by_title] Part already tagged [4292451986, Shrimp, ]
[MET:0][INFO] [tag_parts_by_title] Part tag updated [4292451392, basicFin,  -> aero.fin]
[MET:0][INFO] [tag_parts_by_title] Part tag updated [4292450562, basicFin,  -> aero.fin]
[MET:0][INFO] [tag_parts_by_title] Part tag updated [4292450492, basicFin,  -> aero.fin]
[MET:0][INFO] [tag_parts_by_title] Part tag updated [4292450422, basicFin,  -> aero.fin]
[MET:0][INFO] [tag_parts_by_title] Part tag updated [4291951278, AM.MLP.SmallLaunchStand,  -> launch.stand]
[MET:0][INFO] [tag_parts_by_title] Tagging completed, writing updates to tag_ref
[MET:0][INFO] KSCLog re-initialized
[MET:0][INFO] localLog re-initialized
[MET:0][INFO] [lib_tag.ks] Loading library
[MET:0][INFO] KSCLog re-initialized
[MET:0][INFO] localLog initialized
[MET:0][INFO] [tag_parts_by_title] Part tag updated [4291992434, probeCoreSphere.v2 (Scout 1),  -> command.drone.core]
[MET:0][INFO] [tag_parts_by_title] Part tag updated [4285658584, batteryPack,  -> power.battery.radial]
[MET:0][INFO] [tag_parts_by_title] Part tag updated [4285658430, batteryPack,  -> power.battery.radial]
[MET:0][INFO] [tag_parts_by_title] Part tag updated [4291984100, Mite,  -> engine.solid]
[MET:0][INFO] [tag_parts_by_title] Part tag updated [4291983126, RTShortAntenna1,  -> comm.omni]
[MET:0][INFO] [tag_parts_by_title] Part tag updated [4291839016, basicFin,  -> aero.fin]
[MET:0][INFO] [tag_parts_by_title] Part tag updated [4291838040, basicFin,  -> aero.fin]
[MET:0][INFO] [tag_parts_by_title] Part tag updated [4291837976, basicFin,  -> aero.fin]
[MET:0][INFO] [tag_parts_by_title] Part tag updated [4291880174, sensorThermometer,  -> sci.thermometer]
[MET:0][INFO] [tag_parts_by_title] Part tag updated [4292460774, ShroudedDecoupler,  -> decoupler]
[MET:0][WARN] [tag_parts_by_title] Part already tagged [4292451986, Shrimp, ]
[MET:0][INFO] [tag_parts_by_title] Part tag updated [4292451392, basicFin,  -> aero.fin]
[MET:0][INFO] [tag_parts_by_title] Part tag updated [4292450562, basicFin,  -> aero.fin]
[MET:0][INFO] [tag_parts_by_title] Part tag updated [4292450492, basicFin,  -> aero.fin]
[MET:0][INFO] [tag_parts_by_title] Part tag updated [4292450422, basicFin,  -> aero.fin]
[MET:0][INFO] [tag_parts_by_title] Part tag updated [4291951278, AM.MLP.SmallLaunchStand,  -> launch.stand]
[MET:0][INFO] [tag_parts_by_title] Tagging completed, writing updates to tag_ref
[MET:0][INFO] KSCLog re-initialized
[MET:0][INFO] localLog re-initialized
[MET:0][INFO] [lib_tag.ks] Loading library
[MET:0][INFO] KSCLog re-initialized
[MET:0][INFO] localLog initialized
[MET:0][INFO] [tag_parts_by_title] Part tag updated [4291992434, probeCoreSphere.v2 (Scout 1),  -> command.drone.core]
[MET:0][INFO] [tag_parts_by_title] Part tag updated [4285658584, batteryPack,  -> power.battery.radial]
[MET:0][INFO] [tag_parts_by_title] Part tag updated [4285658430, batteryPack,  -> power.battery.radial]
[MET:0][INFO] [tag_parts_by_title] Part tag updated [4291984100, Mite,  -> engine.solid]
[MET:0][INFO] [tag_parts_by_title] Part tag updated [4291983126, RTShortAntenna1,  -> comm.omni]
[MET:0][INFO] [tag_parts_by_title] Part tag updated [4291839016, basicFin,  -> aero.fin]
[MET:0][INFO] [tag_parts_by_title] Part tag updated [4291838040, basicFin,  -> aero.fin]
[MET:0][INFO] [tag_parts_by_title] Part tag updated [4291837976, basicFin,  -> aero.fin]
[MET:0][INFO] [tag_parts_by_title] Part tag updated [4291880174, sensorThermometer,  -> sci.thermometer]
[MET:0][INFO] [tag_parts_by_title] Part tag updated [4292460774, ShroudedDecoupler,  -> decoupler]
[MET:0][WARN] [tag_parts_by_title] Part already tagged [4292451986, Shrimp, ]
[MET:0][INFO] [tag_parts_by_title] Part tag updated [4292451392, basicFin,  -> aero.fin]
[MET:0][INFO] [tag_parts_by_title] Part tag updated [4292450562, basicFin,  -> aero.fin]
[MET:0][INFO] [tag_parts_by_title] Part tag updated [4292450492, basicFin,  -> aero.fin]
[MET:0][INFO] [tag_parts_by_title] Part tag updated [4292450422, basicFin,  -> aero.fin]
[MET:0][INFO] [tag_parts_by_title] Part tag updated [4291951278, AM.MLP.SmallLaunchStand,  -> launch.stand]
[MET:0][INFO] [tag_parts_by_title] Tagging completed, writing updates to tag_ref
[MET:0][INFO] KSCLog re-initialized
[MET:0][INFO] localLog re-initialized
[MET:0][INFO] [lib_tag.ks] Loading library
[MET:0][INFO] KSCLog re-initialized
[MET:0][INFO] KSCLog re-initialized
[MET:0][INFO] localLog initialized
[MET:0][INFO] [lib_tag.ks] Loading library
[MET:44.34][INFO] Logging science
[MET:44.34][INFO] Science logged
[MET:44.36][INFO] Logging science
[MET:44.36][INFO] Science logged
[MET:44.38][INFO] Logging science
[MET:44.38][INFO] Science logged
[MET:44.4][INFO] Logging science
[MET:44.4][INFO] Science logged
[MET:44.42][INFO] Logging science
[MET:44.42][INFO] Science logged
[MET:44.44][INFO] Logging science
[MET:44.44][INFO] Science logged
[MET:44.46][INFO] Logging science
[MET:44.46][INFO] Science logged
[MET:44.48][INFO] Logging science
[MET:44.48][INFO] Science logged
[MET:44.48][INFO] Logging science
[MET:44.5][INFO] Science logged
[MET:44.5][INFO] Logging science
[MET:44.52][INFO] Science logged
[MET:44.52][INFO] Logging science
[MET:44.54][INFO] Science logged
[MET:44.54][INFO] Logging science
[MET:44.56][INFO] Science logged
[MET:44.56][INFO] Logging science
[MET:44.58][INFO] Science logged
[MET:44.58][INFO] Logging science
[MET:44.6][INFO] Science logged
[MET:44.62][INFO] Logging science
[MET:44.62][INFO] Science logged
[MET:44.64][INFO] Logging science
[MET:44.64][INFO] Science logged
[MET:44.66][INFO] Logging science
[MET:44.66][INFO] Science logged
[MET:44.68][INFO] Logging science
[MET:44.68][INFO] Science logged
[MET:44.7][INFO] Logging science
[MET:44.7][INFO] Science logged
[MET:44.72][INFO] Logging science
[MET:44.72][INFO] Science logged
[MET:44.74][INFO] Logging science
[MET:44.74][INFO] Science logged
[MET:44.76][INFO] Logging science
[MET:44.76][INFO] Science logged
[MET:44.78][INFO] Logging science
[MET:44.78][INFO] Science logged
[MET:44.8][INFO] Logging science
[MET:44.8][INFO] Science logged
[MET:44.8][INFO] Logging science
[MET:44.82][INFO] Science logged
[MET:44.82][INFO] Logging science
[MET:44.84][INFO] Science logged
[MET:44.84][INFO] Logging science
[MET:44.86][INFO] Science logged
[MET:44.86][INFO] Logging science
[MET:44.88][INFO] Science logged
[MET:44.88][INFO] Logging science
[MET:44.9][INFO] Science logged
[MET:44.9][INFO] Logging science
[MET:44.92][INFO] Science logged
[MET:44.92][INFO] Logging science
[MET:44.94][INFO] Science logged
[MET:44.94][INFO] Logging science
[MET:44.96][INFO] Science logged
[MET:44.96][INFO] Logging science
[MET:44.98][INFO] Science logged
[MET:44.98][INFO] Logging science
[MET:45][INFO] Science logged
[MET:45][INFO] Logging science
[MET:45.02][INFO] Science logged
[MET:45.02][INFO] Logging science
[MET:45.04][INFO] Science logged
[MET:45.04][INFO] Logging science
[MET:45.06][INFO] Science logged
[MET:45.06][INFO] Logging science
[MET:45.08][INFO] Science logged
[MET:45.08][INFO] Logging science
[MET:45.1][INFO] Science logged
[MET:45.1][INFO] Logging science
[MET:45.12][INFO] Science logged
[MET:45.12][INFO] Logging science
[MET:45.14][INFO] Science logged
[MET:45.14][INFO] Logging science
[MET:45.16][INFO] Science logged
[MET:45.16][INFO] Logging science
[MET:45.16][INFO] Science logged
[MET:45.18][INFO] Logging science
[MET:45.18][INFO] Science logged
[MET:45.2][INFO] Logging science
[MET:45.2][INFO] Science logged
[MET:45.22][INFO] Logging science
[MET:45.22][INFO] Science logged
[MET:45.24][INFO] Logging science
[MET:45.24][INFO] Science logged
[MET:45.26][INFO] Logging science
[MET:45.26][INFO] Science logged
[MET:45.28][INFO] Logging science
[MET:45.28][INFO] Science logged
[MET:45.3][INFO] Logging science
[MET:45.3][INFO] Science logged
[MET:45.32][INFO] Logging science
[MET:45.32][INFO] Science logged
[MET:45.34][INFO] Logging science
[MET:45.34][INFO] Science logged
[MET:45.36][INFO] Logging science
[MET:45.36][INFO] Science logged
[MET:45.38][INFO] Logging science
[MET:45.38][INFO] Science logged
[MET:45.4][INFO] Logging science
[MET:45.4][INFO] Science logged
[MET:45.42][INFO] Logging science
[MET:45.42][INFO] Science logged
[MET:45.44][INFO] Logging science
[MET:45.44][INFO] Science logged
[MET:45.44][INFO] Logging science
[MET:45.46][INFO] Science logged
[MET:45.46][INFO] Logging science
[MET:45.48][INFO] Science logged
[MET:45.48][INFO] Logging science
[MET:45.5][INFO] Science logged
[MET:45.5][INFO] Logging science
[MET:45.52][INFO] Science logged
[MET:45.52][INFO] Logging science
[MET:45.54][INFO] Science logged
[MET:45.54][INFO] Logging science
[MET:45.56][INFO] Science logged
[MET:45.56][INFO] Logging science
[MET:45.58][INFO] Science logged
[MET:45.58][INFO] Logging science
[MET:45.6][INFO] Science logged
[MET:45.6][INFO] Logging science
[MET:45.62][INFO] Science logged
[MET:45.62][INFO] Logging science
[MET:45.64][INFO] Science logged
[MET:45.64][INFO] Logging science
[MET:45.66][INFO] Science logged
[MET:45.66][INFO] Logging science
[MET:45.68][INFO] Science logged
[MET:45.68][INFO] Logging science
[MET:45.7][INFO] Science logged
[MET:45.7][INFO] Logging science
[MET:45.72][INFO] Science logged
[MET:45.72][INFO] Logging science
[MET:45.74][INFO] Science logged
[MET:45.74][INFO] Logging science
[MET:45.76][INFO] Science logged
[MET:45.76][INFO] Logging science
[MET:45.78][INFO] Science logged
[MET:45.78][INFO] Logging science
[MET:45.8][INFO] Science logged
[MET:45.8][INFO] Logging science
[MET:45.86][INFO] Science logged
[MET:45.88][INFO] Logging science
[MET:45.88][INFO] Science logged
[MET:45.9][INFO] Logging science
[MET:45.9][INFO] Science logged
[MET:45.9][INFO] Logging science
[MET:45.92][INFO] Science logged
[MET:45.92][INFO] Logging science
[MET:45.94][INFO] Science logged
[MET:45.94][INFO] Logging science
[MET:45.96][INFO] Science logged
[MET:45.96][INFO] Logging science
[MET:45.98][INFO] Science logged
[MET:45.98][INFO] Logging science
[MET:46][INFO] Science logged
[MET:46][INFO] Logging science
[MET:46.02][INFO] Science logged
[MET:46.02][INFO] Logging science
[MET:46.04][INFO] Science logged
[MET:46.04][INFO] Logging science
[MET:46.06][INFO] Science logged
[MET:46.06][INFO] Logging science
[MET:46.08][INFO] Science logged
[MET:46.08][INFO] Logging science
[MET:46.1][INFO] Science logged
[MET:46.1][INFO] Logging science
[MET:46.12][INFO] Science logged
[MET:46.12][INFO] Logging science
[MET:46.14][INFO] Science logged
[MET:46.14][INFO] Logging science
[MET:46.16][INFO] Science logged
[MET:46.16][INFO] Logging science
[MET:46.18][INFO] Science logged
[MET:46.18][INFO] Logging science
[MET:46.2][INFO] Science logged
[MET:46.2][INFO] Logging science
[MET:46.22][INFO] Science logged
[MET:46.22][INFO] Logging science
[MET:46.24][INFO] Science logged
[MET:46.24][INFO] Logging science
[MET:46.26][INFO] Science logged
[MET:46.26][INFO] Logging science
[MET:46.26][INFO] Science logged
[MET:46.28][INFO] Logging science
[MET:46.28][INFO] Science logged
[MET:46.3][INFO] Logging science
[MET:46.3][INFO] Science logged
[MET:46.32][INFO] Logging science
[MET:46.32][INFO] Science logged
[MET:46.34][INFO] Logging science
[MET:46.34][INFO] Science logged
[MET:46.36][INFO] Logging science
[MET:46.36][INFO] Science logged
[MET:46.38][INFO] Logging science
[MET:46.38][INFO] Science logged
[MET:46.4][INFO] Logging science
[MET:46.4][INFO] Science logged
[MET:46.42][INFO] Logging science
[MET:46.42][INFO] Science logged
[MET:46.44][INFO] Logging science
[MET:46.44][INFO] Science logged
[MET:46.46][INFO] Logging science
[MET:46.46][INFO] Science logged
[MET:46.48][INFO] Logging science
[MET:46.48][INFO] Science logged
[MET:46.5][INFO] Logging science
[MET:46.5][INFO] Science logged
[MET:46.52][INFO] Logging science
[MET:46.52][INFO] Science logged
[MET:46.54][INFO] Logging science
[MET:46.54][INFO] Science logged
[MET:46.54][INFO] Logging science
[MET:46.56][INFO] Science logged
[MET:46.56][INFO] Logging science
[MET:46.58][INFO] Science logged
[MET:46.58][INFO] Logging science
[MET:46.6][INFO] Science logged
[MET:46.6][INFO] Logging science
[MET:46.62][INFO] Science logged
[MET:46.62][INFO] Logging science
[MET:46.64][INFO] Science logged
[MET:46.64][INFO] Logging science
[MET:46.66][INFO] Science logged
[MET:46.66][INFO] Logging science
[MET:46.68][INFO] Science logged
[MET:46.68][INFO] Logging science
[MET:46.7][INFO] Science logged
[MET:46.7][INFO] Logging science
[MET:46.72][INFO] Science logged
[MET:46.72][INFO] Logging science
[MET:46.74][INFO] Science logged
[MET:46.74][INFO] Logging science
[MET:46.76][INFO] Science logged
[MET:46.76][INFO] Logging science
[MET:46.78][INFO] Science logged
[MET:46.78][INFO] Logging science
[MET:46.8][INFO] Science logged
[MET:46.8][INFO] Logging science
[MET:46.82][INFO] Science logged
[MET:46.82][INFO] Logging science
[MET:46.84][INFO] Science logged
[MET:46.84][INFO] Logging science
[MET:46.86][INFO] Science logged
[MET:46.88][INFO] Logging science
[MET:46.88][INFO] Science logged
[MET:46.92][INFO] Logging science
[MET:46.92][INFO] Science logged
[MET:46.98][INFO] Logging science
[MET:46.98][INFO] Science logged
[MET:47.02][INFO] Logging science
[MET:47.02][INFO] Science logged
[MET:47.06][INFO] Logging science
[MET:47.06][INFO] Science logged
[MET:47.12][INFO] Logging science
[MET:47.12][INFO] Science logged
[MET:47.16][INFO] Logging science
[MET:47.16][INFO] Science logged
[MET:47.2][INFO] Logging science
[MET:47.2][INFO] Science logged
[MET:47.26][INFO] Logging science
[MET:47.26][INFO] Science logged
[MET:47.3][INFO] Logging science
[MET:47.3][INFO] Science logged
[MET:47.34][INFO] Logging science
[MET:47.34][INFO] Science logged
[MET:47.4][INFO] Logging science
[MET:47.4][INFO] Science logged
[MET:47.44][INFO] Logging science
[MET:47.44][INFO] Science logged
[MET:47.48][INFO] Logging science
[MET:47.48][INFO] Science logged
[MET:47.52][INFO] Logging science
[MET:47.52][INFO] Science logged
[MET:47.58][INFO] Logging science
[MET:47.58][INFO] Science logged
[MET:47.64][INFO] Logging science
[MET:47.64][INFO] Science logged
[MET:47.7][INFO] Logging science
[MET:47.7][INFO] Science logged
[MET:47.76][INFO] Logging science
[MET:47.76][INFO] Science logged
[MET:47.82][INFO] Logging science
[MET:47.82][INFO] Science logged
[MET:47.88][INFO] Logging science
[MET:47.88][INFO] Science logged
[MET:47.94][INFO] Logging science
[MET:47.94][INFO] Science logged
[MET:48][INFO] Logging science
[MET:48][INFO] Science logged
[MET:48.06][INFO] Logging science
[MET:48.06][INFO] Science logged
[MET:48.18][INFO] Logging science
[MET:48.18][INFO] Science logged
[MET:48.24][INFO] Logging science
[MET:48.24][INFO] Science logged
[MET:48.3][INFO] Logging science
[MET:48.3][INFO] Science logged
[MET:48.36][INFO] Logging science
[MET:48.36][INFO] Science logged
[MET:48.42][INFO] Logging science
[MET:48.42][INFO] Science logged
[MET:48.48][INFO] Logging science
[MET:48.48][INFO] Science logged
[MET:48.54][INFO] Logging science
[MET:48.54][INFO] Science logged
[MET:48.6][INFO] Logging science
[MET:48.6][INFO] Science logged
[MET:48.66][INFO] Logging science
[MET:48.66][INFO] Science logged
[MET:48.72][INFO] Logging science
[MET:48.72][INFO] Science logged
[MET:48.78][INFO] Logging science
[MET:48.78][INFO] Science logged
[MET:48.84][INFO] Logging science
[MET:48.84][INFO] Science logged
[MET:48.9][INFO] Logging science
[MET:48.9][INFO] Science logged
[MET:48.96][INFO] Logging science
[MET:48.96][INFO] Science logged
[MET:49.02][INFO] Logging science
[MET:49.02][INFO] Science logged
[MET:49.08][INFO] Logging science
[MET:49.08][INFO] Science logged
[MET:49.14][INFO] Logging science
[MET:49.14][INFO] Science logged
[MET:49.2][INFO] Logging science
[MET:49.2][INFO] Science logged
[MET:49.26][INFO] Logging science
[MET:49.26][INFO] Science logged
[MET:49.32][INFO] Logging science
[MET:49.32][INFO] Science logged
[MET:49.38][INFO] Logging science
[MET:49.38][INFO] Science logged
[MET:49.44][INFO] Logging science
[MET:49.44][INFO] Science logged
[MET:49.5][INFO] Logging science
[MET:49.5][INFO] Science logged
[MET:49.56][INFO] Logging science
[MET:49.56][INFO] Science logged
[MET:49.62][INFO] Logging science
[MET:49.62][INFO] Science logged
[MET:49.68][INFO] Logging science
[MET:49.68][INFO] Science logged
[MET:49.74][INFO] Logging science
[MET:49.74][INFO] Science logged
[MET:49.8][INFO] Logging science
[MET:49.8][INFO] Science logged
[MET:49.86][INFO] Logging science
[MET:49.86][INFO] Science logged
[MET:49.92][INFO] Logging science
[MET:49.92][INFO] Science logged
[MET:49.98][INFO] Logging science
[MET:49.98][INFO] Science logged
[MET:50.04][INFO] Logging science
[MET:50.04][INFO] Science logged
[MET:50.1][INFO] Logging science
[MET:50.1][INFO] Science logged
[MET:50.16][INFO] Logging science
[MET:50.16][INFO] Science logged
[MET:50.22][INFO] Logging science
[MET:50.22][INFO] Science logged
[MET:50.28][INFO] Logging science
[MET:50.28][INFO] Science logged
[MET:50.34][INFO] Logging science
[MET:50.34][INFO] Science logged
[MET:50.4][INFO] Logging science
[MET:50.4][INFO] Science logged
[MET:50.46][INFO] Logging science
[MET:50.46][INFO] Science logged
[MET:50.52][INFO] Logging science
[MET:50.52][INFO] Science logged
[MET:50.58][INFO] Logging science
[MET:50.58][INFO] Science logged
[MET:50.64][INFO] Logging science
[MET:50.64][INFO] Science logged
[MET:50.7][INFO] Logging science
[MET:50.7][INFO] Science logged
[MET:50.76][INFO] Logging science
[MET:50.76][INFO] Science logged
[MET:50.82][INFO] Logging science
[MET:50.82][INFO] Science logged
[MET:50.88][INFO] Logging science
[MET:50.88][INFO] Science logged
[MET:50.94][INFO] Logging science
[MET:50.94][INFO] Science logged
[MET:51][INFO] Logging science
[MET:51][INFO] Science logged
[MET:51.06][INFO] Logging science
[MET:51.06][INFO] Science logged
[MET:51.12][INFO] Logging science
[MET:51.12][INFO] Science logged
[MET:51.18][INFO] Logging science
[MET:51.18][INFO] Science logged
[MET:51.24][INFO] Logging science
[MET:51.24][INFO] Science logged
[MET:51.3][INFO] Logging science
[MET:51.3][INFO] Science logged
[MET:51.36][INFO] Logging science
[MET:51.36][INFO] Science logged
[MET:51.42][INFO] Logging science
[MET:51.42][INFO] Science logged
[MET:51.48][INFO] Logging science
[MET:51.48][INFO] Science logged
[MET:51.54][INFO] Logging science
[MET:51.54][INFO] Science logged
[MET:51.6][INFO] Logging science
[MET:51.6][INFO] Science logged
[MET:51.66][INFO] Logging science
[MET:51.66][INFO] Science logged
[MET:51.72][INFO] Logging science
[MET:51.72][INFO] Science logged
[MET:51.78][INFO] Logging science
[MET:51.78][INFO] Science logged
[MET:51.84][INFO] Logging science
[MET:51.84][INFO] Science logged
[MET:51.9][INFO] Logging science
[MET:51.9][INFO] Science logged
[MET:51.96][INFO] Logging science
[MET:51.96][INFO] Science logged
[MET:52.02][INFO] Logging science
[MET:52.02][INFO] Science logged
[MET:52.08][INFO] Logging science
[MET:52.08][INFO] Science logged
[MET:52.14][INFO] Logging science
[MET:52.14][INFO] Science logged
[MET:52.2][INFO] Logging science
[MET:52.2][INFO] Science logged
[MET:52.26][INFO] Logging science
[MET:52.26][INFO] Science logged
[MET:52.32][INFO] Logging science
[MET:52.32][INFO] Science logged
[MET:52.38][INFO] Logging science
[MET:52.38][INFO] Science logged
[MET:52.44][INFO] Logging science
[MET:52.44][INFO] Science logged
[MET:52.5][INFO] Logging science
[MET:52.5][INFO] Science logged
[MET:52.56][INFO] Logging science
[MET:52.56][INFO] Science logged
[MET:52.62][INFO] Logging science
[MET:52.62][INFO] Science logged
[MET:52.68][INFO] Logging science
[MET:0][INFO] KSCLog re-initialized
[MET:0][INFO] localLog initialized
[MET:0][INFO] [lib_tag.ks] Loading library
[MET:0][INFO] KSCLog re-initialized
[MET:0][INFO] localLog re-initialized
[MET:0][INFO] [lib_tag.ks] Loading library
[MET:0][INFO] KSCLog re-initialized
[MET:0][INFO] localLog re-initialized
[MET:0][INFO] [lib_tag.ks] Loading library
[MET:0][INFO] KSCLog re-initialized
[MET:0][INFO] localLog initialized
[MET:0][INFO] [lib_tag.ks] Loading library
[MET:0][INFO] KSCLog re-initialized
[MET:0][INFO] localLog initialized
[MET:0][INFO] [lib_tag.ks] Loading library
[MET:0][INFO] KSCLog re-initialized
[MET:0][INFO] [tag_parts_by_title] Part tag updated [4288473424, probeCoreSphere.v2 (Scout 1),  -> command.drone.core]
[MET:0][INFO] [tag_parts_by_title] Part tag updated [4288440150, Mite,  -> engine.solid]
[MET:0][INFO] [tag_parts_by_title] Part tag updated [4288439318, RTShortAntenna1,  -> comm.omni]
[MET:0][INFO] [tag_parts_by_title] Part tag updated [4288438964, sensorThermometer,  -> sci.thermometer]
[MET:0][INFO] [tag_parts_by_title] Part tag updated [4288438550, basicFin,  -> aero.fin]
[MET:0][INFO] [tag_parts_by_title] Part tag updated [4288438066, basicFin,  -> aero.fin]
[MET:0][INFO] [tag_parts_by_title] Part tag updated [4288438002, basicFin,  -> aero.fin]
[MET:0][INFO] [tag_parts_by_title] Part tag updated [4288437938, basicFin,  -> aero.fin]
[MET:0][INFO] [tag_parts_by_title] Part tag updated [4288435718, AM.MLP.SmallLaunchStand,  -> launch.stand]
[MET:0][INFO] [tag_parts_by_title] Tagging completed, writing updates to tag_ref
[MET:0][INFO] localLog re-initialized
[MET:0][INFO] [lib_tag.ks] Loading library
[MET:0][INFO] KSCLog re-initialized
[MET:0][WARN] [tag_parts_by_title] Part already tagged [4288473424, probeCoreSphere.v2 (Scout 1), command.drone.core]
[MET:0][WARN] [tag_parts_by_title] Part already tagged [4288440150, Mite, engine.solid]
[MET:0][WARN] [tag_parts_by_title] Part already tagged [4288439318, RTShortAntenna1, comm.omni]
[MET:0][WARN] [tag_parts_by_title] Part already tagged [4288438964, sensorThermometer, sci.thermometer]
[MET:0][WARN] [tag_parts_by_title] Part already tagged [4288438550, basicFin, aero.fin]
[MET:0][WARN] [tag_parts_by_title] Part already tagged [4288438066, basicFin, aero.fin]
[MET:0][WARN] [tag_parts_by_title] Part already tagged [4288438002, basicFin, aero.fin]
[MET:0][WARN] [tag_parts_by_title] Part already tagged [4288437938, basicFin, aero.fin]
[MET:0][WARN] [tag_parts_by_title] Part already tagged [4288435718, AM.MLP.SmallLaunchStand, launch.stand]
[MET:0][INFO] [tag_parts_by_title] Tagging completed, writing updates to tag_ref
[MET:0][INFO] localLog re-initialized
[MET:0][INFO] [lib_tag.ks] Loading library
[MET:0][INFO] KSCLog re-initialized
[MET:0][WARN] [tag_parts_by_title] Part already tagged [4288473424, probeCoreSphere.v2 (Scout 1), command.drone.core]
[MET:0][WARN] [tag_parts_by_title] Part already tagged [4288440150, Mite, engine.solid]
[MET:0][WARN] [tag_parts_by_title] Part already tagged [4288439318, RTShortAntenna1, comm.omni]
[MET:0][WARN] [tag_parts_by_title] Part already tagged [4288438964, sensorThermometer, sci.thermometer]
[MET:0][WARN] [tag_parts_by_title] Part already tagged [4288438550, basicFin, aero.fin]
[MET:0][WARN] [tag_parts_by_title] Part already tagged [4288438066, basicFin, aero.fin]
[MET:0][WARN] [tag_parts_by_title] Part already tagged [4288438002, basicFin, aero.fin]
[MET:0][WARN] [tag_parts_by_title] Part already tagged [4288437938, basicFin, aero.fin]
[MET:0][WARN] [tag_parts_by_title] Part already tagged [4288435718, AM.MLP.SmallLaunchStand, launch.stand]
[MET:0][INFO] [tag_parts_by_title] Tagging completed, writing updates to tag_ref
[MET:0][INFO] [recover science] Transmitting science
[MET:0][INFO] [recover science] Transmitting science
[MET:0][INFO] localLog re-initialized
[MET:0][INFO] [lib_tag.ks] Loading library
[MET:0][INFO] KSCLog re-initialized
[MET:0][INFO] localLog initialized
[MET:0][INFO] [lib_tag.ks] Loading library
[MET:0][INFO] KSCLog re-initialized
[MET:0][INFO] [tag_parts_by_title] Part tag updated [4288473424, probeCoreSphere.v2,  -> command.drone.core]
[MET:0][INFO] [tag_parts_by_title] Part tag updated [4288440150, Mite,  -> engine.solid]
[MET:0][INFO] [tag_parts_by_title] Part tag updated [4288439318, RTShortAntenna1,  -> comm.omni]
[MET:0][INFO] [tag_parts_by_title] Part tag updated [4288438964, sensorThermometer,  -> sci.thermometer]
[MET:0][INFO] [tag_parts_by_title] Part tag updated [4288438550, basicFin,  -> aero.fin]
[MET:0][INFO] [tag_parts_by_title] Part tag updated [4288438066, basicFin,  -> aero.fin]
[MET:0][INFO] [tag_parts_by_title] Part tag updated [4288438002, basicFin,  -> aero.fin]
[MET:0][INFO] [tag_parts_by_title] Part tag updated [4288437938, basicFin,  -> aero.fin]
[MET:0][INFO] [tag_parts_by_title] Part tag updated [4288435718, AM.MLP.SmallLaunchStand,  -> launch.stand]
[MET:0][INFO] [tag_parts_by_title] Tagging completed, writing updates to tag_ref
[MET:0][INFO] [recover science] Transmitting science
[MET:0][INFO] [recover science] Transmitting science
[MET:0][INFO] localLog re-initialized
[MET:0][INFO] [lib_tag.ks] Loading library
[MET:0][INFO] KSCLog re-initialized
[MET:0][INFO] localLog initialized
[MET:0][INFO] [lib_tag.ks] Loading library
[MET:0][INFO] KSCLog re-initialized
[MET:0][INFO] localLog initialized
[MET:0][INFO] [lib_tag.ks] Loading library
[MET:0][INFO] KSCLog re-initialized
[MET:0][INFO] localLog initialized
[MET:0][INFO] [lib_tag.ks] Loading library
