[MET:0][INFO] KSCLog initialized
[MET:0][INFO] localLog initialized
[MET:0][INFO] [lib_tag.ks] Loading library
[MET:0][INFO] [tag_parts_by_title] Part tag updated [4288282086, probeCoreOcto.v2,  -> command.drone.core]
[MET:0][INFO] [tag_parts_by_title] Part tag updated [4288287028, restock-goocanister-625-1,  -> sci.gooPod]
[MET:0][INFO] [tag_parts_by_title] Part tag updated [4292256412, Mite,  -> engine.solid]
[MET:0][INFO] [tag_parts_by_title] Part tag updated [4292255742, ShroudedDecoupler,  -> decoupler]
[MET:0][INFO] [tag_parts_by_title] Part tag updated [4290622168, Shrimp,  -> engine.solid]
[MET:0][INFO] [tag_parts_by_title] Part tag updated [4292230180, AM.MLP.SmallLaunchStand,  -> launch.stand]
[MET:0][INFO] [tag_parts_by_title] Part tag updated [4290585266, basicFin,  -> aero.fin]
[MET:0][INFO] [tag_parts_by_title] Part tag updated [4290584390, basicFin,  -> aero.fin]
[MET:0][INFO] [tag_parts_by_title] Part tag updated [4290584318, basicFin,  -> aero.fin]
[MET:0][INFO] [tag_parts_by_title] Part tag updated [4290584246, basicFin,  -> aero.fin]
[MET:0][INFO] [tag_parts_by_title] Part tag updated [4292749160, basicFin,  -> aero.fin]
[MET:0][INFO] [tag_parts_by_title] Part tag updated [4290583122, basicFin,  -> aero.fin]
[MET:0][INFO] [tag_parts_by_title] Part tag updated [4290583056, basicFin,  -> aero.fin]
[MET:0][INFO] [tag_parts_by_title] Part tag updated [4290582990, basicFin,  -> aero.fin]
[MET:0][INFO] [tag_parts_by_title] Part tag updated [4288264138, batteryBankMini,  -> power.battery]
[MET:0][INFO] [tag_parts_by_title] Part missing reference tag: [(restock-nosecone-0625-1)]
[MET:0][INFO] [tag_parts_by_title] Part tag updated [4288262578, RTShortAntenna1,  -> comm.omni]
[MET:0][INFO] [tag_parts_by_title] Tagging completed, writing updates to tag_ref
[MET:0][WARN] [recover science] No science value from transmitting data
[MET:0][WARN] [recover science] No science value from transmitting data
[MET:5.04][WARN] [recover science] No science value from transmitting data
[MET:0][INFO] KSCLog re-initialized
[MET:0][INFO] localLog initialized
[MET:0][INFO] [lib_tag.ks] Loading library
[MET:0][INFO] KSCLog re-initialized
[MET:0][INFO] localLog initialized
[MET:0][INFO] [lib_tag.ks] Loading library
[MET:0][INFO] [tag_parts_by_title] Part tag updated [4288282086, probeCoreOcto.v2 (Scout 6),  -> command.drone.core]
[MET:0][INFO] [tag_parts_by_title] Part tag updated [4288287028, restock-goocanister-625-1,  -> sci.gooPod]
[MET:0][INFO] [tag_parts_by_title] Part tag updated [4292256412, Mite,  -> engine.solid]
[MET:0][INFO] [tag_parts_by_title] Part tag updated [4292255742, ShroudedDecoupler,  -> decoupler]
[MET:0][INFO] [tag_parts_by_title] Part tag updated [4285176034, proceduralTankSRB,  -> engine.solid.procedural]
[MET:0][INFO] [tag_parts_by_title] Part tag updated [4292230180, AM.MLP.SmallLaunchStand,  -> launch.stand]
[MET:0][INFO] [tag_parts_by_title] Part tag updated [4285126554, basicFin,  -> aero.fin]
[MET:0][INFO] [tag_parts_by_title] Part tag updated [4285126482, basicFin,  -> aero.fin]
[MET:0][INFO] [tag_parts_by_title] Part tag updated [4285126410, basicFin,  -> aero.fin]
[MET:0][INFO] [tag_parts_by_title] Part tag updated [4285126338, basicFin,  -> aero.fin]
[MET:0][INFO] [tag_parts_by_title] Part tag updated [4292749160, basicFin,  -> aero.fin]
[MET:0][INFO] [tag_parts_by_title] Part tag updated [4285183946, basicFin,  -> aero.fin]
[MET:0][INFO] [tag_parts_by_title] Part tag updated [4285183880, basicFin,  -> aero.fin]
[MET:0][INFO] [tag_parts_by_title] Part tag updated [4285183814, basicFin,  -> aero.fin]
[MET:0][INFO] [tag_parts_by_title] Part tag updated [4288262578, RTShortAntenna1,  -> comm.omni]
[MET:0][WARN] [tag_parts_by_title] Part already tagged [4288232320, restock-nosecone-0625-1, ]
[MET:0][INFO] [tag_parts_by_title] Tagging completed, writing updates to tag_ref
[MET:0][WARN] [recover science] No science value from transmitting data
[MET:0][WARN] [recover science] No science value from transmitting data
[MET:4.64][WARN] [recover science] No science value from transmitting data
[MET:5.68][INFO] [recover science] Transmitting science
[MET:0][INFO] [tag_parts_by_title] Part tag updated [4288282086, probeCoreOcto.v2 (Scout 6),  -> command.drone.core]
[MET:0][INFO] [tag_parts_by_title] Part tag updated [4288287028, restock-goocanister-625-1,  -> sci.gooPod]
[MET:0][INFO] [tag_parts_by_title] Part tag updated [4292256412, Mite,  -> engine.solid]
[MET:0][INFO] [tag_parts_by_title] Part tag updated [4292255742, ShroudedDecoupler,  -> decoupler]
[MET:0][INFO] [tag_parts_by_title] Part tag updated [4285176034, proceduralTankSRB,  -> engine.solid.procedural]
[MET:0][INFO] [tag_parts_by_title] Part tag updated [4292230180, AM.MLP.SmallLaunchStand,  -> launch.stand]
[MET:0][INFO] [tag_parts_by_title] Part tag updated [4285126554, basicFin,  -> aero.fin]
[MET:0][INFO] [tag_parts_by_title] Part tag updated [4285126482, basicFin,  -> aero.fin]
[MET:0][INFO] [tag_parts_by_title] Part tag updated [4285126410, basicFin,  -> aero.fin]
[MET:0][INFO] [tag_parts_by_title] Part tag updated [4285126338, basicFin,  -> aero.fin]
[MET:0][INFO] [tag_parts_by_title] Part tag updated [4292749160, basicFin,  -> aero.fin]
[MET:0][INFO] [tag_parts_by_title] Part tag updated [4285183946, basicFin,  -> aero.fin]
[MET:0][INFO] [tag_parts_by_title] Part tag updated [4285183880, basicFin,  -> aero.fin]
[MET:0][INFO] [tag_parts_by_title] Part tag updated [4285183814, basicFin,  -> aero.fin]
[MET:0][INFO] [tag_parts_by_title] Part tag updated [4288262578, RTShortAntenna1,  -> comm.omni]
[MET:0][WARN] [tag_parts_by_title] Part already tagged [4288232320, restock-nosecone-0625-1, ]
[MET:0][INFO] [tag_parts_by_title] Tagging completed, writing updates to tag_ref
[MET:0][WARN] [recover science] No science value from transmitting data
[MET:0][WARN] [recover science] No science value from transmitting data
[MET:4.64][WARN] [recover science] No science value from transmitting data
[MET:5.68][INFO] [recover science] Transmitting science
[MET:0][INFO] KSCLog re-initialized
[MET:0][INFO] localLog initialized
[MET:0][INFO] [lib_tag.ks] Loading library
[MET:0][INFO] KSCLog re-initialized
[MET:0][INFO] localLog initialized
[MET:0][INFO] [lib_tag.ks] Loading library
[MET:0][INFO] [tag_parts_by_title] Part tag updated [4288282086, probeCoreOcto.v2,  -> command.drone.core]
[MET:0][INFO] [tag_parts_by_title] Part tag updated [4288287028, restock-goocanister-625-1,  -> sci.gooPod]
[MET:0][INFO] [tag_parts_by_title] Part tag updated [4292256412, Mite,  -> engine.solid]
[MET:0][INFO] [tag_parts_by_title] Part tag updated [4292255742, ShroudedDecoupler,  -> decoupler]
[MET:0][INFO] [tag_parts_by_title] Part tag updated [4285176034, proceduralTankSRB,  -> engine.solid.procedural]
[MET:0][INFO] [tag_parts_by_title] Part tag updated [4292230180, AM.MLP.SmallLaunchStand,  -> launch.stand]
[MET:0][INFO] [tag_parts_by_title] Part tag updated [4285126554, basicFin,  -> aero.fin]
[MET:0][INFO] [tag_parts_by_title] Part tag updated [4285126482, basicFin,  -> aero.fin]
[MET:0][INFO] [tag_parts_by_title] Part tag updated [4285126410, basicFin,  -> aero.fin]
[MET:0][INFO] [tag_parts_by_title] Part tag updated [4285126338, basicFin,  -> aero.fin]
[MET:0][INFO] [tag_parts_by_title] Part tag updated [4292749160, basicFin,  -> aero.fin]
[MET:0][INFO] [tag_parts_by_title] Part tag updated [4285183946, basicFin,  -> aero.fin]
[MET:0][INFO] [tag_parts_by_title] Part tag updated [4285183880, basicFin,  -> aero.fin]
[MET:0][INFO] [tag_parts_by_title] Part tag updated [4285183814, basicFin,  -> aero.fin]
[MET:0][INFO] [tag_parts_by_title] Part tag updated [4288262578, RTShortAntenna1,  -> comm.omni]
[MET:0][INFO] [tag_parts_by_title] Part tag updated [4284709484, batteryBankMini,  -> power.battery]
[MET:0][WARN] [tag_parts_by_title] Part already tagged [4288232320, restock-nosecone-0625-1, ]
[MET:0][INFO] [tag_parts_by_title] Tagging completed, writing updates to tag_ref
[MET:0][WARN] [recover science] No science value from transmitting data
[MET:0][WARN] [recover science] No science value from transmitting data
[MET:4.64][WARN] [recover science] No science value from transmitting data
[MET:0][INFO] KSCLog re-initialized
[MET:0][INFO] localLog initialized
[MET:0][INFO] [lib_tag.ks] Loading library
[MET:0][INFO] KSCLog re-initialized
[MET:0][INFO] localLog initialized
[MET:0][INFO] [lib_tag.ks] Loading library
[MET:0][INFO] [tag_parts_by_title] Part tag updated [4288282086, probeCoreOcto.v2 (Scout 6),  -> command.drone.core]
[MET:0][INFO] [tag_parts_by_title] Part tag updated [4288287028, restock-goocanister-625-1,  -> sci.gooPod]
[MET:0][INFO] [tag_parts_by_title] Part tag updated [4292255742, ShroudedDecoupler,  -> decoupler]
[MET:0][INFO] [tag_parts_by_title] Part tag updated [4285176034, proceduralTankSRB,  -> engine.solid.procedural]
[MET:0][INFO] [tag_parts_by_title] Part tag updated [4284249058, ShroudedDecoupler,  -> decoupler]
[MET:0][INFO] [tag_parts_by_title] Part tag updated [4284248980, proceduralTankSRB,  -> engine.solid.procedural]
[MET:0][INFO] [tag_parts_by_title] Part tag updated [4284238136, basicFin,  -> aero.fin]
[MET:0][INFO] [tag_parts_by_title] Part tag updated [4284238074, basicFin,  -> aero.fin]
[MET:0][INFO] [tag_parts_by_title] Part tag updated [4284238012, basicFin,  -> aero.fin]
[MET:0][INFO] [tag_parts_by_title] Part tag updated [4284237950, basicFin,  -> aero.fin]
[MET:0][INFO] [tag_parts_by_title] Part tag updated [4292230180, AM.MLP.SmallLaunchStand,  -> launch.stand]
[MET:0][INFO] [tag_parts_by_title] Part tag updated [4288262578, RTShortAntenna1,  -> comm.omni]
[MET:0][INFO] [tag_parts_by_title] Part tag updated [4284709484, batteryBankMini,  -> power.battery]
[MET:0][WARN] [tag_parts_by_title] Part already tagged [4288232320, restock-nosecone-0625-1, ]
[MET:0][INFO] [tag_parts_by_title] Tagging completed, writing updates to tag_ref
[MET:0][INFO] KSCLog re-initialized
[MET:0][WARN] [recover science] No science value from transmitting data
[MET:0][WARN] [recover science] No science value from transmitting data
[MET:0][INFO] localLog re-initialized
[MET:0][INFO] [lib_tag.ks] Loading library
[MET:0][WARN] [tag_parts_by_title] Part already tagged [4288282086, probeCoreOcto.v2 (Scout 6), command.drone.core]
[MET:0][WARN] [tag_parts_by_title] Part already tagged [4288287028, restock-goocanister-625-1, sci.gooPod]
[MET:0][WARN] [tag_parts_by_title] Part already tagged [4292255742, ShroudedDecoupler, decoupler]
[MET:0][WARN] [tag_parts_by_title] Part already tagged [4285176034, proceduralTankSRB, engine.solid.procedural]
[MET:0][WARN] [tag_parts_by_title] Part already tagged [4284249058, ShroudedDecoupler, decoupler]
[MET:0][WARN] [tag_parts_by_title] Part already tagged [4284248980, proceduralTankSRB, engine.solid.procedural]
[MET:0][WARN] [tag_parts_by_title] Part already tagged [4284238136, basicFin, aero.fin]
[MET:0][WARN] [tag_parts_by_title] Part already tagged [4284238074, basicFin, aero.fin]
[MET:0][WARN] [tag_parts_by_title] Part already tagged [4284238012, basicFin, aero.fin]
[MET:0][WARN] [tag_parts_by_title] Part already tagged [4284237950, basicFin, aero.fin]
[MET:0][WARN] [tag_parts_by_title] Part already tagged [4292230180, AM.MLP.SmallLaunchStand, launch.stand]
[MET:0][WARN] [tag_parts_by_title] Part already tagged [4288262578, RTShortAntenna1, comm.omni]
[MET:0][WARN] [tag_parts_by_title] Part already tagged [4284709484, batteryBankMini, power.battery]
[MET:0][WARN] [tag_parts_by_title] Part already tagged [4288232320, restock-nosecone-0625-1, ]
[MET:0][INFO] [tag_parts_by_title] Tagging completed, writing updates to tag_ref
[MET:0][WARN] [recover science] No science value from transmitting data
[MET:0][WARN] [tag_parts_by_title] Part already tagged [4288282086, probeCoreOcto.v2 (Scout 6), command.drone.core]
[MET:0][WARN] [tag_parts_by_title] Part already tagged [4288287028, restock-goocanister-625-1, sci.gooPod]
[MET:0][WARN] [tag_parts_by_title] Part already tagged [4292255742, ShroudedDecoupler, decoupler]
[MET:0][WARN] [tag_parts_by_title] Part already tagged [4285176034, proceduralTankSRB, engine.solid.procedural]
[MET:0][WARN] [tag_parts_by_title] Part already tagged [4284249058, ShroudedDecoupler, decoupler]
[MET:0][WARN] [tag_parts_by_title] Part already tagged [4284248980, proceduralTankSRB, engine.solid.procedural]
[MET:0][WARN] [tag_parts_by_title] Part already tagged [4284238136, basicFin, aero.fin]
[MET:0][WARN] [tag_parts_by_title] Part already tagged [4284238074, basicFin, aero.fin]
[MET:0][WARN] [tag_parts_by_title] Part already tagged [4284238012, basicFin, aero.fin]
[MET:0][WARN] [tag_parts_by_title] Part already tagged [4284237950, basicFin, aero.fin]
[MET:0][WARN] [tag_parts_by_title] Part already tagged [4292230180, AM.MLP.SmallLaunchStand, launch.stand]
[MET:0][WARN] [tag_parts_by_title] Part already tagged [4288262578, RTShortAntenna1, comm.omni]
[MET:0][WARN] [tag_parts_by_title] Part already tagged [4284709484, batteryBankMini, power.battery]
[MET:0][WARN] [tag_parts_by_title] Part already tagged [4288232320, restock-nosecone-0625-1, ]
[MET:0][INFO] [tag_parts_by_title] Tagging completed, writing updates to tag_ref
[MET:0][WARN] [recover science] No science value from transmitting data
[MET:0][INFO] KSCLog re-initialized
[MET:0][WARN] [recover science] No science value from transmitting data
[MET:0][INFO] localLog re-initialized
[MET:0][INFO] [lib_tag.ks] Loading library
[MET:0][WARN] [tag_parts_by_title] Part already tagged [4288282086, probeCoreOcto.v2 (Scout 6), command.drone.core]
[MET:0][WARN] [tag_parts_by_title] Part already tagged [4288287028, restock-goocanister-625-1, sci.gooPod]
[MET:0][WARN] [tag_parts_by_title] Part already tagged [4292255742, ShroudedDecoupler, decoupler]
[MET:0][WARN] [tag_parts_by_title] Part already tagged [4285176034, proceduralTankSRB, engine.solid.procedural]
[MET:0][WARN] [tag_parts_by_title] Part already tagged [4284249058, ShroudedDecoupler, decoupler]
[MET:0][WARN] [tag_parts_by_title] Part already tagged [4284248980, proceduralTankSRB, engine.solid.procedural]
[MET:0][WARN] [tag_parts_by_title] Part already tagged [4284238136, basicFin, aero.fin]
[MET:0][WARN] [tag_parts_by_title] Part already tagged [4284238074, basicFin, aero.fin]
[MET:0][WARN] [tag_parts_by_title] Part already tagged [4284238012, basicFin, aero.fin]
[MET:0][WARN] [tag_parts_by_title] Part already tagged [4284237950, basicFin, aero.fin]
[MET:0][WARN] [tag_parts_by_title] Part already tagged [4292230180, AM.MLP.SmallLaunchStand, launch.stand]
[MET:0][WARN] [tag_parts_by_title] Part already tagged [4288262578, RTShortAntenna1, comm.omni]
[MET:0][WARN] [tag_parts_by_title] Part already tagged [4284709484, batteryBankMini, power.battery]
[MET:0][WARN] [tag_parts_by_title] Part already tagged [4288232320, restock-nosecone-0625-1, ]
[MET:0][INFO] [tag_parts_by_title] Tagging completed, writing updates to tag_ref
[MET:0][WARN] [recover science] No science value from transmitting data
[MET:0][WARN] [tag_parts_by_title] Part already tagged [4288282086, probeCoreOcto.v2 (Scout 6), command.drone.core]
[MET:0][WARN] [tag_parts_by_title] Part already tagged [4288287028, restock-goocanister-625-1, sci.gooPod]
[MET:0][WARN] [tag_parts_by_title] Part already tagged [4292255742, ShroudedDecoupler, decoupler]
[MET:0][WARN] [tag_parts_by_title] Part already tagged [4285176034, proceduralTankSRB, engine.solid.procedural]
[MET:0][WARN] [tag_parts_by_title] Part already tagged [4284249058, ShroudedDecoupler, decoupler]
[MET:0][WARN] [tag_parts_by_title] Part already tagged [4284248980, proceduralTankSRB, engine.solid.procedural]
[MET:0][WARN] [tag_parts_by_title] Part already tagged [4284238136, basicFin, aero.fin]
[MET:0][WARN] [tag_parts_by_title] Part already tagged [4284238074, basicFin, aero.fin]
[MET:0][WARN] [tag_parts_by_title] Part already tagged [4284238012, basicFin, aero.fin]
[MET:0][WARN] [tag_parts_by_title] Part already tagged [4284237950, basicFin, aero.fin]
[MET:0][WARN] [tag_parts_by_title] Part already tagged [4292230180, AM.MLP.SmallLaunchStand, launch.stand]
[MET:0][WARN] [tag_parts_by_title] Part already tagged [4288262578, RTShortAntenna1, comm.omni]
[MET:0][WARN] [tag_parts_by_title] Part already tagged [4284709484, batteryBankMini, power.battery]
[MET:0][WARN] [tag_parts_by_title] Part already tagged [4288232320, restock-nosecone-0625-1, ]
[MET:0][INFO] [tag_parts_by_title] Tagging completed, writing updates to tag_ref
[MET:0][WARN] [recover science] No science value from transmitting data
[MET:0][INFO] KSCLog re-initialized
[MET:0][INFO] localLog initialized
[MET:0][INFO] [lib_tag.ks] Loading library
[MET:0][INFO] [tag_parts_by_title] Part tag updated [4288282086, probeCoreOcto.v2,  -> command.drone.core]
[MET:0][INFO] [tag_parts_by_title] Part tag updated [4288287028, restock-goocanister-625-1,  -> sci.gooPod]
[MET:0][INFO] [tag_parts_by_title] Part tag updated [4292255742, ShroudedDecoupler,  -> decoupler]
[MET:0][INFO] [tag_parts_by_title] Part tag updated [4285176034, proceduralTankSRB,  -> engine.solid.procedural]
[MET:0][INFO] [tag_parts_by_title] Part tag updated [4284249058, ShroudedDecoupler,  -> decoupler]
[MET:0][INFO] [tag_parts_by_title] Part tag updated [4284248980, proceduralTankSRB,  -> engine.solid.procedural]
[MET:0][INFO] [tag_parts_by_title] Part tag updated [4284238136, basicFin,  -> aero.fin]
[MET:0][INFO] [tag_parts_by_title] Part tag updated [4284238074, basicFin,  -> aero.fin]
[MET:0][INFO] [tag_parts_by_title] Part tag updated [4284238012, basicFin,  -> aero.fin]
[MET:0][INFO] [tag_parts_by_title] Part tag updated [4284237950, basicFin,  -> aero.fin]
[MET:0][INFO] [tag_parts_by_title] Part tag updated [4292230180, AM.MLP.SmallLaunchStand,  -> launch.stand]
[MET:0][INFO] [tag_parts_by_title] Part tag updated [4283843890, basicFin,  -> aero.fin]
[MET:0][INFO] [tag_parts_by_title] Part tag updated [4283843570, basicFin,  -> aero.fin]
[MET:0][INFO] [tag_parts_by_title] Part tag updated [4283843498, basicFin,  -> aero.fin]
[MET:0][INFO] [tag_parts_by_title] Part tag updated [4283843426, basicFin,  -> aero.fin]
[MET:0][INFO] [tag_parts_by_title] Part tag updated [4283834162, sensorBarometer,  -> sci.barometer]
[MET:0][INFO] [tag_parts_by_title] Part tag updated [4288262578, RTShortAntenna1,  -> comm.omni]
[MET:0][INFO] [tag_parts_by_title] Part tag updated [4284709484, batteryBankMini,  -> power.battery]
[MET:0][WARN] [tag_parts_by_title] Part already tagged [4288232320, restock-nosecone-0625-1, ]
[MET:0][INFO] [tag_parts_by_title] Tagging completed, writing updates to tag_ref
[MET:0][INFO] KSCLog re-initialized
[MET:0][INFO] localLog initialized
[MET:0][INFO] [lib_tag.ks] Loading library
